16/07/2019 13:40:51 (Std) 	+-+-+-+-+-+-+-+-+-+-+-+-+-+-+-+-+-+-+-+-+-+-+-+-+-+-+-+-+-+-+-+-+-+-+-+-+-+-+-+
16/07/2019 13:40:51 (Std) 	+                     Crazy Eddie's GUI System - Event log                    +
16/07/2019 13:40:51 (Std) 	+                          (http://www.cegui.org.uk/)                         +
16/07/2019 13:40:51 (Std) 	+-+-+-+-+-+-+-+-+-+-+-+-+-+-+-+-+-+-+-+-+-+-+-+-+-+-+-+-+-+-+-+-+-+-+-+-+-+-+-+

16/07/2019 13:40:51 (Std) 	CEGUI::Logger singleton created. (0x1057b10)
16/07/2019 13:40:51 (Std) 	
16/07/2019 13:40:51 (Std) 	********************************************************************************
16/07/2019 13:40:51 (Std) 	* Important:                                                                   *
16/07/2019 13:40:51 (Std) 	*     To get support at the CEGUI forums, you must post _at least_ the section *
16/07/2019 13:40:51 (Std) 	*     of this log file indicated below.  Failure to do this will result in no  *
16/07/2019 13:40:51 (Std) 	*     support being given; please do not waste our time.                       *
16/07/2019 13:40:51 (Std) 	********************************************************************************
16/07/2019 13:40:51 (Std) 	********************************************************************************
16/07/2019 13:40:51 (Std) 	* -------- START OF ESSENTIAL SECTION TO BE POSTED ON THE FORUM       -------- *
16/07/2019 13:40:51 (Std) 	********************************************************************************
16/07/2019 13:40:51 (Std) 	---- Version: 0.8.7 (Build: Oct 17 2018 GNU/Linux g++ 5.4.0 20160609 64 bit) ----
16/07/2019 13:40:51 (Std) 	---- Renderer module is: CEGUI::OpenGL3Renderer - Official OpenGL 3.2 core based renderer module.  TextureTarget support enabled via FBO OGL 3.2 core implementation. ----
16/07/2019 13:40:51 (Std) 	---- XML Parser module is: CEGUI::ExpatParser - Official expat based parser module for CEGUI ----
16/07/2019 13:40:51 (Std) 	---- Image Codec module is: SILLYImageCodec - Official SILLY based image codec ----
16/07/2019 13:40:51 (Std) 	---- Scripting module is: None ----
16/07/2019 13:40:51 (Std) 	********************************************************************************
16/07/2019 13:40:51 (Std) 	* -------- END OF ESSENTIAL SECTION TO BE POSTED ON THE FORUM         -------- *
16/07/2019 13:40:51 (Std) 	********************************************************************************
16/07/2019 13:40:51 (Std) 	
16/07/2019 13:40:51 (Std) 	---- Begining CEGUI System initialisation ----
16/07/2019 13:40:51 (Std) 	[CEGUI::ImageManager] Singleton created (0x1051d10)
16/07/2019 13:40:51 (Std) 	[CEGUI::ImageManager] Registered Image type: BasicImage
16/07/2019 13:40:51 (Std) 	CEGUI::FontManager singleton created. (0xb865e0)
16/07/2019 13:40:51 (Std) 	CEGUI::WindowFactoryManager singleton created
16/07/2019 13:40:51 (Std) 	CEGUI::WindowManager singleton created (0x1046820)
16/07/2019 13:40:51 (Std) 	CEGUI::SchemeManager singleton created. (0x10550e0)
16/07/2019 13:40:51 (Std) 	CEGUI::GlobalEventSet singleton created. (0x107a0e0)
16/07/2019 13:40:51 (Std) 	CEGUI::AnimationManager singleton created (0x107e890)
16/07/2019 13:40:51 (Std) 	CEGUI::WidgetLookManager singleton created. (0x1082f10)
16/07/2019 13:40:51 (Std) 	CEGUI::WindowRendererManager singleton created (0xb9d570)
16/07/2019 13:40:51 (Std) 	CEGUI::RenderEffectManager singleton created (0xb83200)
16/07/2019 13:40:51 (Std) 	Created WindowFactory for 'DefaultWindow' windows.
16/07/2019 13:40:51 (Std) 	WindowFactory for 'DefaultWindow' windows added. (0x10a1e40)
16/07/2019 13:40:51 (Std) 	Created WindowFactory for 'DragContainer' windows.
16/07/2019 13:40:51 (Std) 	WindowFactory for 'DragContainer' windows added. (0x1083f80)
16/07/2019 13:40:51 (Std) 	Created WindowFactory for 'ScrolledContainer' windows.
16/07/2019 13:40:51 (Std) 	WindowFactory for 'ScrolledContainer' windows added. (0x10a20c0)
16/07/2019 13:40:51 (Std) 	Created WindowFactory for 'ClippedContainer' windows.
16/07/2019 13:40:51 (Std) 	WindowFactory for 'ClippedContainer' windows added. (0x10a2260)
16/07/2019 13:40:51 (Std) 	Created WindowFactory for 'CEGUI/PushButton' windows.
16/07/2019 13:40:51 (Std) 	WindowFactory for 'CEGUI/PushButton' windows added. (0x10a2400)
16/07/2019 13:40:51 (Std) 	Created WindowFactory for 'CEGUI/RadioButton' windows.
16/07/2019 13:40:51 (Std) 	WindowFactory for 'CEGUI/RadioButton' windows added. (0x10a25a0)
16/07/2019 13:40:51 (Std) 	Created WindowFactory for 'CEGUI/Combobox' windows.
16/07/2019 13:40:51 (Std) 	WindowFactory for 'CEGUI/Combobox' windows added. (0x10a2740)
16/07/2019 13:40:51 (Std) 	Created WindowFactory for 'CEGUI/ComboDropList' windows.
16/07/2019 13:40:51 (Std) 	WindowFactory for 'CEGUI/ComboDropList' windows added. (0x10a28e0)
16/07/2019 13:40:51 (Std) 	Created WindowFactory for 'CEGUI/Editbox' windows.
16/07/2019 13:40:51 (Std) 	WindowFactory for 'CEGUI/Editbox' windows added. (0x10a2a80)
16/07/2019 13:40:51 (Std) 	Created WindowFactory for 'CEGUI/FrameWindow' windows.
16/07/2019 13:40:51 (Std) 	WindowFactory for 'CEGUI/FrameWindow' windows added. (0x10a2c20)
16/07/2019 13:40:51 (Std) 	Created WindowFactory for 'CEGUI/ItemEntry' windows.
16/07/2019 13:40:51 (Std) 	WindowFactory for 'CEGUI/ItemEntry' windows added. (0x10a2dc0)
16/07/2019 13:40:51 (Std) 	Created WindowFactory for 'CEGUI/Listbox' windows.
16/07/2019 13:40:51 (Std) 	WindowFactory for 'CEGUI/Listbox' windows added. (0x10a2f60)
16/07/2019 13:40:51 (Std) 	Created WindowFactory for 'CEGUI/ListHeader' windows.
16/07/2019 13:40:51 (Std) 	WindowFactory for 'CEGUI/ListHeader' windows added. (0x10a3100)
16/07/2019 13:40:51 (Std) 	Created WindowFactory for 'CEGUI/ListHeaderSegment' windows.
16/07/2019 13:40:51 (Std) 	WindowFactory for 'CEGUI/ListHeaderSegment' windows added. (0x10a32a0)
16/07/2019 13:40:51 (Std) 	Created WindowFactory for 'CEGUI/Menubar' windows.
16/07/2019 13:40:51 (Std) 	WindowFactory for 'CEGUI/Menubar' windows added. (0x10a3440)
16/07/2019 13:40:51 (Std) 	Created WindowFactory for 'CEGUI/PopupMenu' windows.
16/07/2019 13:40:51 (Std) 	WindowFactory for 'CEGUI/PopupMenu' windows added. (0x109f410)
16/07/2019 13:40:51 (Std) 	Created WindowFactory for 'CEGUI/MenuItem' windows.
16/07/2019 13:40:51 (Std) 	WindowFactory for 'CEGUI/MenuItem' windows added. (0x109f5b0)
16/07/2019 13:40:51 (Std) 	Created WindowFactory for 'CEGUI/MultiColumnList' windows.
16/07/2019 13:40:51 (Std) 	WindowFactory for 'CEGUI/MultiColumnList' windows added. (0x109f860)
16/07/2019 13:40:51 (Std) 	Created WindowFactory for 'CEGUI/MultiLineEditbox' windows.
16/07/2019 13:40:51 (Std) 	WindowFactory for 'CEGUI/MultiLineEditbox' windows added. (0x109fa00)
16/07/2019 13:40:51 (Std) 	Created WindowFactory for 'CEGUI/ProgressBar' windows.
16/07/2019 13:40:51 (Std) 	WindowFactory for 'CEGUI/ProgressBar' windows added. (0x109fba0)
16/07/2019 13:40:51 (Std) 	Created WindowFactory for 'CEGUI/ScrollablePane' windows.
16/07/2019 13:40:51 (Std) 	WindowFactory for 'CEGUI/ScrollablePane' windows added. (0x109fd40)
16/07/2019 13:40:51 (Std) 	Created WindowFactory for 'CEGUI/Scrollbar' windows.
16/07/2019 13:40:51 (Std) 	WindowFactory for 'CEGUI/Scrollbar' windows added. (0x109fee0)
16/07/2019 13:40:51 (Std) 	Created WindowFactory for 'CEGUI/Slider' windows.
16/07/2019 13:40:51 (Std) 	WindowFactory for 'CEGUI/Slider' windows added. (0x10a0080)
16/07/2019 13:40:51 (Std) 	Created WindowFactory for 'CEGUI/Spinner' windows.
16/07/2019 13:40:51 (Std) 	WindowFactory for 'CEGUI/Spinner' windows added. (0x10a0220)
16/07/2019 13:40:51 (Std) 	Created WindowFactory for 'CEGUI/TabButton' windows.
16/07/2019 13:40:51 (Std) 	WindowFactory for 'CEGUI/TabButton' windows added. (0x10a03c0)
16/07/2019 13:40:51 (Std) 	Created WindowFactory for 'CEGUI/TabControl' windows.
16/07/2019 13:40:51 (Std) 	WindowFactory for 'CEGUI/TabControl' windows added. (0x10a0560)
16/07/2019 13:40:51 (Std) 	Created WindowFactory for 'CEGUI/Thumb' windows.
16/07/2019 13:40:51 (Std) 	WindowFactory for 'CEGUI/Thumb' windows added. (0x10a0700)
16/07/2019 13:40:51 (Std) 	Created WindowFactory for 'CEGUI/Titlebar' windows.
16/07/2019 13:40:51 (Std) 	WindowFactory for 'CEGUI/Titlebar' windows added. (0x10a08a0)
16/07/2019 13:40:51 (Std) 	Created WindowFactory for 'CEGUI/ToggleButton' windows.
16/07/2019 13:40:51 (Std) 	WindowFactory for 'CEGUI/ToggleButton' windows added. (0x10a0a40)
16/07/2019 13:40:51 (Std) 	Created WindowFactory for 'CEGUI/Tooltip' windows.
16/07/2019 13:40:51 (Std) 	WindowFactory for 'CEGUI/Tooltip' windows added. (0x10a0be0)
16/07/2019 13:40:51 (Std) 	Created WindowFactory for 'CEGUI/ItemListbox' windows.
16/07/2019 13:40:51 (Std) 	WindowFactory for 'CEGUI/ItemListbox' windows added. (0x10a0d80)
16/07/2019 13:40:51 (Std) 	Created WindowFactory for 'CEGUI/GroupBox' windows.
16/07/2019 13:40:51 (Std) 	WindowFactory for 'CEGUI/GroupBox' windows added. (0x10a37e0)
16/07/2019 13:40:51 (Std) 	Created WindowFactory for 'CEGUI/Tree' windows.
16/07/2019 13:40:51 (Std) 	WindowFactory for 'CEGUI/Tree' windows added. (0x10a3980)
16/07/2019 13:40:51 (Std) 	Created WindowFactory for 'LayoutCell' windows.
16/07/2019 13:40:51 (Std) 	WindowFactory for 'LayoutCell' windows added. (0x109f750)
16/07/2019 13:40:51 (Std) 	Created WindowFactory for 'HorizontalLayoutContainer' windows.
16/07/2019 13:40:51 (Std) 	WindowFactory for 'HorizontalLayoutContainer' windows added. (0x10a3e10)
16/07/2019 13:40:51 (Std) 	Created WindowFactory for 'VerticalLayoutContainer' windows.
16/07/2019 13:40:51 (Std) 	WindowFactory for 'VerticalLayoutContainer' windows added. (0x10a3fb0)
16/07/2019 13:40:51 (Std) 	Created WindowFactory for 'GridLayoutContainer' windows.
16/07/2019 13:40:51 (Std) 	WindowFactory for 'GridLayoutContainer' windows added. (0x10a4150)
16/07/2019 13:40:51 (Std) 	CEGUI::System singleton created. (0x109f1b0)
16/07/2019 13:40:51 (Std) 	---- CEGUI System initialisation completed ----
16/07/2019 13:40:51 (Std) 	
16/07/2019 13:40:52 (Std) 	Started creation of Scheme from XML specification:
16/07/2019 13:40:52 (Std) 	---- CEGUI GUIScheme name: VanillaSkin
16/07/2019 13:40:52 (Std) 	[ImageManager] Started creation of Imageset from XML specification:
16/07/2019 13:40:52 (Std) 	[ImageManager] ---- CEGUI Imageset name: Vanilla-Images
16/07/2019 13:40:52 (Std) 	[ImageManager] ---- Source texture file: vanilla.png
16/07/2019 13:40:52 (Std) 	[ImageManager] ---- Source texture resource group: (Default)
16/07/2019 13:40:52 (Std) 	[OpenGLRenderer] Created texture: Vanilla-Images
16/07/2019 13:40:52 (Std) 	[ImageManager] Created image: 'Vanilla-Images/GenericBrush' (0x11103b0) of type: BasicImage
16/07/2019 13:40:52 (Std) 	[ImageManager] Created image: 'Vanilla-Images/FrameTopLeft' (0x11135f0) of type: BasicImage
16/07/2019 13:40:52 (Std) 	[ImageManager] Created image: 'Vanilla-Images/FrameTopRight' (0x10f0110) of type: BasicImage
16/07/2019 13:40:52 (Std) 	[ImageManager] Created image: 'Vanilla-Images/FrameBottomLeft' (0x1116730) of type: BasicImage
16/07/2019 13:40:52 (Std) 	[ImageManager] Created image: 'Vanilla-Images/FrameBottomRight' (0x1116940) of type: BasicImage
16/07/2019 13:40:52 (Std) 	[ImageManager] Created image: 'Vanilla-Images/FrameLeft' (0x1116b50) of type: BasicImage
16/07/2019 13:40:52 (Std) 	[ImageManager] Created image: 'Vanilla-Images/FrameRight' (0x1116d60) of type: BasicImage
16/07/2019 13:40:52 (Std) 	[ImageManager] Created image: 'Vanilla-Images/FrameTop' (0x1116f70) of type: BasicImage
16/07/2019 13:40:52 (Std) 	[ImageManager] Created image: 'Vanilla-Images/FrameBottom' (0x1113c50) of type: BasicImage
16/07/2019 13:40:52 (Std) 	[ImageManager] Created image: 'Vanilla-Images/ScrollUpArrow' (0x11174a0) of type: BasicImage
16/07/2019 13:40:52 (Std) 	[ImageManager] Created image: 'Vanilla-Images/ScrollDownArrow' (0x10fc060) of type: BasicImage
16/07/2019 13:40:52 (Std) 	[ImageManager] Created image: 'Vanilla-Images/VertScrollContainer' (0x10fc400) of type: BasicImage
16/07/2019 13:40:52 (Std) 	[ImageManager] Created image: 'Vanilla-Images/ScrollLeftArrow' (0x10fc700) of type: BasicImage
16/07/2019 13:40:52 (Std) 	[ImageManager] Created image: 'Vanilla-Images/ScrollRightArrow' (0x10fc910) of type: BasicImage
16/07/2019 13:40:52 (Std) 	[ImageManager] Created image: 'Vanilla-Images/HorzScrollContainer' (0x10fcb20) of type: BasicImage
16/07/2019 13:40:52 (Std) 	[ImageManager] Created image: 'Vanilla-Images/ScrollbarThumb' (0x10fcf10) of type: BasicImage
16/07/2019 13:40:52 (Std) 	[ImageManager] Created image: 'Vanilla-Images/ShadowBrush' (0x1111990) of type: BasicImage
16/07/2019 13:40:52 (Std) 	[ImageManager] Created image: 'Vanilla-Images/MouseArrow' (0x1111ba0) of type: BasicImage
16/07/2019 13:40:52 (Std) 	[ImageManager] Created image: 'Vanilla-Images/CheckboxNormal' (0x1111db0) of type: BasicImage
16/07/2019 13:40:52 (Std) 	[ImageManager] Created image: 'Vanilla-Images/CheckboxHover' (0x1111fc0) of type: BasicImage
16/07/2019 13:40:52 (Std) 	[ImageManager] Created image: 'Vanilla-Images/CheckboxMark' (0x11121d0) of type: BasicImage
16/07/2019 13:40:52 (Std) 	[ImageManager] Created image: 'Vanilla-Images/RadioButtonNormal' (0x11123e0) of type: BasicImage
16/07/2019 13:40:52 (Std) 	[ImageManager] Created image: 'Vanilla-Images/RadioButtonHover' (0x1112710) of type: BasicImage
16/07/2019 13:40:52 (Std) 	[ImageManager] Created image: 'Vanilla-Images/RadioButtonMark' (0x1112920) of type: BasicImage
16/07/2019 13:40:52 (Std) 	[ImageManager] Created image: 'Vanilla-Images/SliderScrollUpArrow' (0x1112b30) of type: BasicImage
16/07/2019 13:40:52 (Std) 	[ImageManager] Created image: 'Vanilla-Images/SliderScrollDownArrow' (0x1110090) of type: BasicImage
16/07/2019 13:40:52 (Std) 	[ImageManager] Created image: 'Vanilla-Images/SliderScrollLeftArrow' (0x11259f0) of type: BasicImage
16/07/2019 13:40:52 (Std) 	[ImageManager] Created image: 'Vanilla-Images/SliderScrollRightArrow' (0x1125d40) of type: BasicImage
16/07/2019 13:40:52 (Std) 	[ImageManager] Created image: 'Vanilla-Images/VerticalImageSliderThumb' (0x1126090) of type: BasicImage
16/07/2019 13:40:52 (Std) 	[ImageManager] Created image: 'Vanilla-Images/HorizontalImageSliderThumb' (0x11264b0) of type: BasicImage
16/07/2019 13:40:52 (Std) 	[ImageManager] Created image: 'Vanilla-Images/VerticalImageSliderContainer' (0x1126820) of type: BasicImage
16/07/2019 13:40:52 (Std) 	[ImageManager] Created image: 'Vanilla-Images/HorizontalImageSliderContainer' (0x1126bb0) of type: BasicImage
16/07/2019 13:40:52 (Std) 	[ImageManager] Created image: 'Vanilla-Images/DefaultScrollImage' (0x1126f40) of type: BasicImage
16/07/2019 13:40:52 (Std) 	[ImageManager] Created image: 'Vanilla-Images/VerticalImageSliderTopEnd' (0x1127270) of type: BasicImage
16/07/2019 13:40:52 (Std) 	[ImageManager] Created image: 'Vanilla-Images/VerticalImageSliderBottomEnd' (0x11275e0) of type: BasicImage
16/07/2019 13:40:52 (Std) 	[ImageManager] Created image: 'Vanilla-Images/HorizontalImageSliderLeftEnd' (0x1127970) of type: BasicImage
16/07/2019 13:40:52 (Std) 	[ImageManager] Created image: 'Vanilla-Images/HorizontalImageSliderRightEnd' (0x1127d00) of type: BasicImage
16/07/2019 13:40:52 (Std) 	[ImageManager] Created image: 'Vanilla-Images/ColourPickerCursor' (0x1128090) of type: BasicImage
16/07/2019 13:40:52 (Std) 	[ImageManager] Created image: 'Vanilla-Images/TooltipBottomEdge' (0x11283c0) of type: BasicImage
16/07/2019 13:40:52 (Std) 	[ImageManager] Created image: 'Vanilla-Images/TooltipBottomLeft' (0x11286f0) of type: BasicImage
16/07/2019 13:40:52 (Std) 	[ImageManager] Created image: 'Vanilla-Images/TooltipTopEdge' (0x1128a20) of type: BasicImage
16/07/2019 13:40:52 (Std) 	[ImageManager] Created image: 'Vanilla-Images/TooltipTopRight' (0x1128c30) of type: BasicImage
16/07/2019 13:40:52 (Std) 	[ImageManager] Created image: 'Vanilla-Images/TooltipRightEdge' (0x1128e40) of type: BasicImage
16/07/2019 13:40:52 (Std) 	[ImageManager] Created image: 'Vanilla-Images/TooltipTopLeft' (0x1129050) of type: BasicImage
16/07/2019 13:40:52 (Std) 	[ImageManager] Created image: 'Vanilla-Images/TooltipLeftEdge' (0x1129260) of type: BasicImage
16/07/2019 13:40:52 (Std) 	[ImageManager] Created image: 'Vanilla-Images/TooltipMiddle' (0x1129470) of type: BasicImage
16/07/2019 13:40:52 (Std) 	[ImageManager] Created image: 'Vanilla-Images/TooltipBottomRight' (0x1129680) of type: BasicImage
16/07/2019 13:40:52 (Std) 	[ImageManager] Created image: 'Vanilla-Images/DropDownButtonNormal' (0x10efdf0) of type: BasicImage
16/07/2019 13:40:52 (Std) 	[ImageManager] Created image: 'Vanilla-Images/DropDownButtonHover' (0x1120ac0) of type: BasicImage
16/07/2019 13:40:52 (Std) 	[ImageManager] Created image: 'Vanilla-Images/DropDownButtonPushed' (0x1120e10) of type: BasicImage
16/07/2019 13:40:52 (Std) 	===== Falagard 'root' element: look and feel parsing begins =====
16/07/2019 13:40:52 (Std) 	===== Look and feel parsing completed =====
16/07/2019 13:40:52 (Std) 	No window renderer factories specified for module 'CEGUICoreWindowRendererSet' - adding all available factories...
16/07/2019 13:40:52 (Std) 	Created WindowRendererFactory for 'Core/Button' WindowRenderers.
16/07/2019 13:40:52 (Std) 	WindowRendererFactory 'Core/Button' added. (0x119d9e0)
16/07/2019 13:40:52 (Std) 	Created WindowRendererFactory for 'Core/Default' WindowRenderers.
16/07/2019 13:40:52 (Std) 	WindowRendererFactory 'Core/Default' added. (0x1129e80)
16/07/2019 13:40:52 (Std) 	Created WindowRendererFactory for 'Core/Editbox' WindowRenderers.
16/07/2019 13:40:52 (Std) 	WindowRendererFactory 'Core/Editbox' added. (0x112a020)
16/07/2019 13:40:52 (Std) 	Created WindowRendererFactory for 'Core/FrameWindow' WindowRenderers.
16/07/2019 13:40:52 (Std) 	WindowRendererFactory 'Core/FrameWindow' added. (0x110e580)
16/07/2019 13:40:52 (Std) 	Created WindowRendererFactory for 'Core/ItemEntry' WindowRenderers.
16/07/2019 13:40:52 (Std) 	WindowRendererFactory 'Core/ItemEntry' added. (0x1117180)
16/07/2019 13:40:52 (Std) 	Created WindowRendererFactory for 'Core/ListHeader' WindowRenderers.
16/07/2019 13:40:52 (Std) 	WindowRendererFactory 'Core/ListHeader' added. (0x1117320)
16/07/2019 13:40:52 (Std) 	Created WindowRendererFactory for 'Core/ListHeaderSegment' WindowRenderers.
16/07/2019 13:40:52 (Std) 	WindowRendererFactory 'Core/ListHeaderSegment' added. (0x11cc910)
16/07/2019 13:40:52 (Std) 	Created WindowRendererFactory for 'Core/Listbox' WindowRenderers.
16/07/2019 13:40:52 (Std) 	WindowRendererFactory 'Core/Listbox' added. (0x1194a00)
16/07/2019 13:40:52 (Std) 	Created WindowRendererFactory for 'Core/Menubar' WindowRenderers.
16/07/2019 13:40:52 (Std) 	WindowRendererFactory 'Core/Menubar' added. (0x1194ba0)
16/07/2019 13:40:52 (Std) 	Created WindowRendererFactory for 'Core/MenuItem' WindowRenderers.
16/07/2019 13:40:52 (Std) 	WindowRendererFactory 'Core/MenuItem' added. (0x1112f60)
16/07/2019 13:40:52 (Std) 	Created WindowRendererFactory for 'Core/MultiColumnList' WindowRenderers.
16/07/2019 13:40:52 (Std) 	WindowRendererFactory 'Core/MultiColumnList' added. (0x119a370)
16/07/2019 13:40:52 (Std) 	Created WindowRendererFactory for 'Core/MultiLineEditbox' WindowRenderers.
16/07/2019 13:40:52 (Std) 	WindowRendererFactory 'Core/MultiLineEditbox' added. (0x119a510)
16/07/2019 13:40:52 (Std) 	Created WindowRendererFactory for 'Core/PopupMenu' WindowRenderers.
16/07/2019 13:40:52 (Std) 	WindowRendererFactory 'Core/PopupMenu' added. (0x11299b0)
16/07/2019 13:40:52 (Std) 	Created WindowRendererFactory for 'Core/ProgressBar' WindowRenderers.
16/07/2019 13:40:52 (Std) 	WindowRendererFactory 'Core/ProgressBar' added. (0x1129b50)
16/07/2019 13:40:52 (Std) 	Created WindowRendererFactory for 'Core/ScrollablePane' WindowRenderers.
16/07/2019 13:40:52 (Std) 	WindowRendererFactory 'Core/ScrollablePane' added. (0x112f3b0)
16/07/2019 13:40:52 (Std) 	Created WindowRendererFactory for 'Core/Scrollbar' WindowRenderers.
16/07/2019 13:40:52 (Std) 	WindowRendererFactory 'Core/Scrollbar' added. (0x112f550)
16/07/2019 13:40:52 (Std) 	Created WindowRendererFactory for 'Core/Slider' WindowRenderers.
16/07/2019 13:40:52 (Std) 	WindowRendererFactory 'Core/Slider' added. (0x112f6f0)
16/07/2019 13:40:52 (Std) 	Created WindowRendererFactory for 'Core/Static' WindowRenderers.
16/07/2019 13:40:52 (Std) 	WindowRendererFactory 'Core/Static' added. (0x10fa150)
16/07/2019 13:40:52 (Std) 	Created WindowRendererFactory for 'Core/StaticImage' WindowRenderers.
16/07/2019 13:40:52 (Std) 	WindowRendererFactory 'Core/StaticImage' added. (0x10fa2f0)
16/07/2019 13:40:52 (Std) 	Created WindowRendererFactory for 'Core/StaticText' WindowRenderers.
16/07/2019 13:40:52 (Std) 	WindowRendererFactory 'Core/StaticText' added. (0x10e9e50)
16/07/2019 13:40:52 (Std) 	Created WindowRendererFactory for 'Core/TabButton' WindowRenderers.
16/07/2019 13:40:52 (Std) 	WindowRendererFactory 'Core/TabButton' added. (0x10e9ff0)
16/07/2019 13:40:52 (Std) 	Created WindowRendererFactory for 'Core/TabControl' WindowRenderers.
16/07/2019 13:40:52 (Std) 	WindowRendererFactory 'Core/TabControl' added. (0x10ea190)
16/07/2019 13:40:52 (Std) 	Created WindowRendererFactory for 'Core/Titlebar' WindowRenderers.
16/07/2019 13:40:52 (Std) 	WindowRendererFactory 'Core/Titlebar' added. (0x10ea250)
16/07/2019 13:40:52 (Std) 	Created WindowRendererFactory for 'Core/ToggleButton' WindowRenderers.
16/07/2019 13:40:52 (Std) 	WindowRendererFactory 'Core/ToggleButton' added. (0x10f0ed0)
16/07/2019 13:40:52 (Std) 	Created WindowRendererFactory for 'Core/Tooltip' WindowRenderers.
16/07/2019 13:40:52 (Std) 	WindowRendererFactory 'Core/Tooltip' added. (0x10f1070)
16/07/2019 13:40:52 (Std) 	Created WindowRendererFactory for 'Core/ItemListbox' WindowRenderers.
16/07/2019 13:40:52 (Std) 	WindowRendererFactory 'Core/ItemListbox' added. (0x1116100)
16/07/2019 13:40:52 (Std) 	Created WindowRendererFactory for 'Core/Tree' WindowRenderers.
16/07/2019 13:40:52 (Std) 	WindowRendererFactory 'Core/Tree' added. (0x11162a0)
16/07/2019 13:40:52 (Std) 	Creating falagard mapping for type 'Vanilla/Label' using base type 'DefaultWindow', window renderer 'Core/Default' Look'N'Feel 'Vanilla/Label' and RenderEffect ''. (0x7ffe1df42610)
16/07/2019 13:40:52 (Std) 	Creating falagard mapping for type 'Vanilla/Titlebar' using base type 'CEGUI/Titlebar', window renderer 'Core/Titlebar' Look'N'Feel 'Vanilla/Titlebar' and RenderEffect ''. (0x7ffe1df42610)
16/07/2019 13:40:52 (Std) 	Creating falagard mapping for type 'Vanilla/Button' using base type 'CEGUI/PushButton', window renderer 'Core/Button' Look'N'Feel 'Vanilla/Button' and RenderEffect ''. (0x7ffe1df42610)
16/07/2019 13:40:52 (Std) 	Creating falagard mapping for type 'Vanilla/FrameWindow' using base type 'CEGUI/FrameWindow', window renderer 'Core/FrameWindow' Look'N'Feel 'Vanilla/FrameWindow' and RenderEffect ''. (0x7ffe1df42610)
16/07/2019 13:40:52 (Std) 	Creating falagard mapping for type 'Vanilla/Editbox' using base type 'CEGUI/Editbox', window renderer 'Core/Editbox' Look'N'Feel 'Vanilla/Editbox' and RenderEffect ''. (0x7ffe1df42610)
16/07/2019 13:40:52 (Std) 	Creating falagard mapping for type 'Vanilla/VerticalScrollbarThumb' using base type 'CEGUI/Thumb', window renderer 'Core/Button' Look'N'Feel 'Vanilla/VerticalScrollbarThumb' and RenderEffect ''. (0x7ffe1df42610)
16/07/2019 13:40:52 (Std) 	Creating falagard mapping for type 'Vanilla/VerticalScrollbar' using base type 'CEGUI/Scrollbar', window renderer 'Core/Scrollbar' Look'N'Feel 'Vanilla/VerticalScrollbar' and RenderEffect ''. (0x7ffe1df42610)
16/07/2019 13:40:52 (Std) 	Creating falagard mapping for type 'Vanilla/HorizontalScrollbarThumb' using base type 'CEGUI/Thumb', window renderer 'Core/Button' Look'N'Feel 'Vanilla/HorizontalScrollbarThumb' and RenderEffect ''. (0x7ffe1df42610)
16/07/2019 13:40:52 (Std) 	Creating falagard mapping for type 'Vanilla/HorizontalScrollbar' using base type 'CEGUI/Scrollbar', window renderer 'Core/Scrollbar' Look'N'Feel 'Vanilla/HorizontalScrollbar' and RenderEffect ''. (0x7ffe1df42610)
16/07/2019 13:40:52 (Std) 	Creating falagard mapping for type 'Vanilla/StaticImage' using base type 'DefaultWindow', window renderer 'Core/StaticImage' Look'N'Feel 'Vanilla/StaticImage' and RenderEffect ''. (0x7ffe1df42610)
16/07/2019 13:40:52 (Std) 	Creating falagard mapping for type 'Vanilla/StaticText' using base type 'DefaultWindow', window renderer 'Core/StaticText' Look'N'Feel 'Vanilla/StaticText' and RenderEffect ''. (0x7ffe1df42610)
16/07/2019 13:40:52 (Std) 	Creating falagard mapping for type 'Vanilla/Listbox' using base type 'CEGUI/Listbox', window renderer 'Core/Listbox' Look'N'Feel 'Vanilla/Listbox' and RenderEffect ''. (0x7ffe1df42610)
16/07/2019 13:40:52 (Std) 	Creating falagard mapping for type 'Vanilla/MultiLineEditbox' using base type 'CEGUI/MultiLineEditbox', window renderer 'Core/MultiLineEditbox' Look'N'Feel 'Vanilla/MultiLineEditbox' and RenderEffect ''. (0x7ffe1df42610)
16/07/2019 13:40:52 (Std) 	Creating falagard mapping for type 'Vanilla/ComboDropList' using base type 'CEGUI/ComboDropList', window renderer 'Core/Listbox' Look'N'Feel 'Vanilla/ComboDropList' and RenderEffect ''. (0x7ffe1df42610)
16/07/2019 13:40:52 (Std) 	Creating falagard mapping for type 'Vanilla/Combobox' using base type 'CEGUI/Combobox', window renderer 'Core/Default' Look'N'Feel 'Vanilla/Combobox' and RenderEffect ''. (0x7ffe1df42610)
16/07/2019 13:40:52 (Std) 	Creating falagard mapping for type 'Vanilla/ProgressBar' using base type 'CEGUI/ProgressBar', window renderer 'Core/ProgressBar' Look'N'Feel 'Vanilla/ProgressBar' and RenderEffect ''. (0x7ffe1df42610)
16/07/2019 13:40:52 (Std) 	Creating falagard mapping for type 'Vanilla/Checkbox' using base type 'CEGUI/ToggleButton', window renderer 'Core/ToggleButton' Look'N'Feel 'Vanilla/Checkbox' and RenderEffect ''. (0x7ffe1df42610)
16/07/2019 13:40:52 (Std) 	Creating falagard mapping for type 'Vanilla/RadioButton' using base type 'CEGUI/RadioButton', window renderer 'Core/ToggleButton' Look'N'Feel 'Vanilla/RadioButton' and RenderEffect ''. (0x7ffe1df42610)
16/07/2019 13:40:52 (Std) 	Creating falagard mapping for type 'Vanilla/Tooltip' using base type 'CEGUI/Tooltip', window renderer 'Core/Tooltip' Look'N'Feel 'Vanilla/Tooltip' and RenderEffect ''. (0x7ffe1df42610)
16/07/2019 13:40:52 (Std) 	Started creation of Scheme from XML specification:
16/07/2019 13:40:52 (Std) 	---- CEGUI GUIScheme name: FOTDSkin
16/07/2019 13:40:52 (Std) 	[ImageManager] Started creation of Imageset from XML specification:
16/07/2019 13:40:52 (Std) 	[ImageManager] ---- CEGUI Imageset name: FOTDSkin
16/07/2019 13:40:52 (Std) 	[ImageManager] ---- Source texture file: FOTDSkin.png
16/07/2019 13:40:52 (Std) 	[ImageManager] ---- Source texture resource group: (Default)
16/07/2019 13:40:52 (Std) 	[OpenGLRenderer] Created texture: FOTDSkin
16/07/2019 13:40:52 (Std) 	[ImageManager] Created image: 'FOTDSkin/WindowB' (0x114cfa0) of type: BasicImage
16/07/2019 13:40:52 (Std) 	[ImageManager] Created image: 'FOTDSkin/WindowL' (0x114d1b0) of type: BasicImage
16/07/2019 13:40:52 (Std) 	[ImageManager] Created image: 'FOTDSkin/WindowR' (0x114d3c0) of type: BasicImage
16/07/2019 13:40:52 (Std) 	[ImageManager] Created image: 'FOTDSkin/WindowT' (0x114d5d0) of type: BasicImage
16/07/2019 13:40:52 (Std) 	[ImageManager] Created image: 'FOTDSkin/EditboxB' (0x114d7e0) of type: BasicImage
16/07/2019 13:40:52 (Std) 	[ImageManager] Created image: 'FOTDSkin/EditboxL' (0x114d9f0) of type: BasicImage
16/07/2019 13:40:52 (Std) 	[ImageManager] Created image: 'FOTDSkin/EditboxR' (0x114dc00) of type: BasicImage
16/07/2019 13:40:52 (Std) 	[ImageManager] Created image: 'FOTDSkin/EditboxT' (0x114de10) of type: BasicImage
16/07/2019 13:40:52 (Std) 	[ImageManager] Created image: 'FOTDSkin/WindowBL' (0x114e020) of type: BasicImage
16/07/2019 13:40:52 (Std) 	[ImageManager] Created image: 'FOTDSkin/WindowBR' (0x114e230) of type: BasicImage
16/07/2019 13:40:52 (Std) 	[ImageManager] Created image: 'FOTDSkin/WindowTL' (0x114e440) of type: BasicImage
16/07/2019 13:40:52 (Std) 	[ImageManager] Created image: 'FOTDSkin/WindowTR' (0x114e650) of type: BasicImage
16/07/2019 13:40:52 (Std) 	[ImageManager] Created image: 'FOTDSkin/EditboxBL' (0x11db3e0) of type: BasicImage
16/07/2019 13:40:52 (Std) 	[ImageManager] Created image: 'FOTDSkin/EditboxBR' (0x114eb80) of type: BasicImage
16/07/2019 13:40:52 (Std) 	[ImageManager] Created image: 'FOTDSkin/EditboxTL' (0x11438d0) of type: BasicImage
16/07/2019 13:40:52 (Std) 	[ImageManager] Created image: 'FOTDSkin/EditboxTR' (0x1143ae0) of type: BasicImage
16/07/2019 13:40:52 (Std) 	[ImageManager] Created image: 'FOTDSkin/MouseMove' (0x1143cf0) of type: BasicImage
16/07/2019 13:40:52 (Std) 	[ImageManager] Created image: 'FOTDSkin/MouseNeSw' (0x1143f00) of type: BasicImage
16/07/2019 13:40:52 (Std) 	[ImageManager] Created image: 'FOTDSkin/NewImage1' (0x1144110) of type: BasicImage
16/07/2019 13:40:52 (Std) 	[ImageManager] Created image: 'FOTDSkin/MouseArrow' (0x1144320) of type: BasicImage
16/07/2019 13:40:52 (Std) 	[ImageManager] Created image: 'FOTDSkin/WindowFill' (0x1144530) of type: BasicImage
16/07/2019 13:40:52 (Std) 	[ImageManager] Created image: 'FOTDSkin/EditboxFill' (0x1144740) of type: BasicImage
16/07/2019 13:40:52 (Std) 	[ImageManager] Created image: 'FOTDSkin/WindowClipB' (0x1144950) of type: BasicImage
16/07/2019 13:40:52 (Std) 	[ImageManager] Created image: 'FOTDSkin/WindowClipL' (0x1144b60) of type: BasicImage
16/07/2019 13:40:52 (Std) 	[ImageManager] Created image: 'FOTDSkin/WindowClipR' (0x1144d70) of type: BasicImage
16/07/2019 13:40:52 (Std) 	[ImageManager] Created image: 'FOTDSkin/WindowClipT' (0x1144f80) of type: BasicImage
16/07/2019 13:40:52 (Std) 	[ImageManager] Created image: 'FOTDSkin/ButtonHoverB' (0x1145190) of type: BasicImage
16/07/2019 13:40:52 (Std) 	[ImageManager] Created image: 'FOTDSkin/ButtonHoverL' (0x11453a0) of type: BasicImage
16/07/2019 13:40:52 (Std) 	[ImageManager] Created image: 'FOTDSkin/ButtonHoverR' (0x11455b0) of type: BasicImage
16/07/2019 13:40:52 (Std) 	[ImageManager] Created image: 'FOTDSkin/ButtonHoverT' (0x11457c0) of type: BasicImage
16/07/2019 13:40:52 (Std) 	[ImageManager] Created image: 'FOTDSkin/GenericBrush' (0x11459d0) of type: BasicImage
16/07/2019 13:40:52 (Std) 	[ImageManager] Created image: 'FOTDSkin/MouseTextBar' (0x1145be0) of type: BasicImage
16/07/2019 13:40:52 (Std) 	[ImageManager] Created image: 'FOTDSkin/ButtonHoverBL' (0x1145df0) of type: BasicImage
16/07/2019 13:40:52 (Std) 	[ImageManager] Created image: 'FOTDSkin/ButtonHoverBR' (0x1146000) of type: BasicImage
16/07/2019 13:40:52 (Std) 	[ImageManager] Created image: 'FOTDSkin/ButtonHoverTL' (0x1146210) of type: BasicImage
16/07/2019 13:40:52 (Std) 	[ImageManager] Created image: 'FOTDSkin/ButtonHoverTR' (0x1146420) of type: BasicImage
16/07/2019 13:40:52 (Std) 	[ImageManager] Created image: 'FOTDSkin/ButtonNormalB' (0x1146630) of type: BasicImage
16/07/2019 13:40:52 (Std) 	[ImageManager] Created image: 'FOTDSkin/ButtonNormalL' (0x1146840) of type: BasicImage
16/07/2019 13:40:52 (Std) 	[ImageManager] Created image: 'FOTDSkin/ButtonNormalR' (0x1146a50) of type: BasicImage
16/07/2019 13:40:52 (Std) 	[ImageManager] Created image: 'FOTDSkin/ButtonNormalT' (0x1146c60) of type: BasicImage
16/07/2019 13:40:52 (Std) 	[ImageManager] Created image: 'FOTDSkin/ButtonPushedB' (0x1146e70) of type: BasicImage
16/07/2019 13:40:52 (Std) 	[ImageManager] Created image: 'FOTDSkin/ButtonPushedL' (0x1147080) of type: BasicImage
16/07/2019 13:40:52 (Std) 	[ImageManager] Created image: 'FOTDSkin/ButtonPushedR' (0x11dbce0) of type: BasicImage
16/07/2019 13:40:52 (Std) 	[ImageManager] Created image: 'FOTDSkin/ButtonPushedT' (0x11dbef0) of type: BasicImage
16/07/2019 13:40:52 (Std) 	[ImageManager] Created image: 'FOTDSkin/CheckboxHover' (0x1159ee0) of type: BasicImage
16/07/2019 13:40:52 (Std) 	[ImageManager] Created image: 'FOTDSkin/ProgressFullB' (0x115a0f0) of type: BasicImage
16/07/2019 13:40:52 (Std) 	[ImageManager] Created image: 'FOTDSkin/ProgressFullL' (0x115a300) of type: BasicImage
16/07/2019 13:40:52 (Std) 	[ImageManager] Created image: 'FOTDSkin/ProgressFullR' (0x115a510) of type: BasicImage
16/07/2019 13:40:52 (Std) 	[ImageManager] Created image: 'FOTDSkin/ProgressFullT' (0x115a720) of type: BasicImage
16/07/2019 13:40:52 (Std) 	[ImageManager] Created image: 'FOTDSkin/ScrollUpHover' (0x115a930) of type: BasicImage
16/07/2019 13:40:52 (Std) 	[ImageManager] Created image: 'FOTDSkin/ButtonNormalBL' (0x115ab40) of type: BasicImage
16/07/2019 13:40:52 (Std) 	[ImageManager] Created image: 'FOTDSkin/ButtonNormalBR' (0x115ad50) of type: BasicImage
16/07/2019 13:40:52 (Std) 	[ImageManager] Created image: 'FOTDSkin/ButtonNormalTL' (0x115af60) of type: BasicImage
16/07/2019 13:40:52 (Std) 	[ImageManager] Created image: 'FOTDSkin/ButtonNormalTR' (0x115b170) of type: BasicImage
16/07/2019 13:40:52 (Std) 	[ImageManager] Created image: 'FOTDSkin/ButtonPushedBL' (0x115b380) of type: BasicImage
16/07/2019 13:40:52 (Std) 	[ImageManager] Created image: 'FOTDSkin/ButtonPushedBR' (0x115b590) of type: BasicImage
16/07/2019 13:40:52 (Std) 	[ImageManager] Created image: 'FOTDSkin/ButtonPushedTL' (0x115b7a0) of type: BasicImage
16/07/2019 13:40:52 (Std) 	[ImageManager] Created image: 'FOTDSkin/ButtonPushedTR' (0x115b9b0) of type: BasicImage
16/07/2019 13:40:52 (Std) 	[ImageManager] Created image: 'FOTDSkin/CheckboxNormal' (0x115bbc0) of type: BasicImage
16/07/2019 13:40:52 (Std) 	[ImageManager] Created image: 'FOTDSkin/HorzScrollbarB' (0x115bdd0) of type: BasicImage
16/07/2019 13:40:52 (Std) 	[ImageManager] Created image: 'FOTDSkin/HorzScrollbarT' (0x115bfe0) of type: BasicImage
16/07/2019 13:40:52 (Std) 	[ImageManager] Created image: 'FOTDSkin/ProgressEmptyB' (0x115c1f0) of type: BasicImage
16/07/2019 13:40:52 (Std) 	[ImageManager] Created image: 'FOTDSkin/ProgressEmptyL' (0x115c400) of type: BasicImage
16/07/2019 13:40:52 (Std) 	[ImageManager] Created image: 'FOTDSkin/ProgressEmptyR' (0x115c610) of type: BasicImage
16/07/2019 13:40:52 (Std) 	[ImageManager] Created image: 'FOTDSkin/ProgressEmptyT' (0x115c820) of type: BasicImage
16/07/2019 13:40:52 (Std) 	[ImageManager] Created image: 'FOTDSkin/ProgressFullBL' (0x115ca30) of type: BasicImage
16/07/2019 13:40:52 (Std) 	[ImageManager] Created image: 'FOTDSkin/ProgressFullBR' (0x115cc40) of type: BasicImage
16/07/2019 13:40:52 (Std) 	[ImageManager] Created image: 'FOTDSkin/ProgressFullTL' (0x115ce50) of type: BasicImage
16/07/2019 13:40:52 (Std) 	[ImageManager] Created image: 'FOTDSkin/ProgressFullTR' (0x115d060) of type: BasicImage
16/07/2019 13:40:52 (Std) 	[ImageManager] Created image: 'FOTDSkin/ProgressShadow' (0x115d270) of type: BasicImage
16/07/2019 13:40:52 (Std) 	[ImageManager] Created image: 'FOTDSkin/ScrollUpNormal' (0x115d480) of type: BasicImage
16/07/2019 13:40:52 (Std) 	[ImageManager] Created image: 'FOTDSkin/ScrollUpPushed' (0x115d690) of type: BasicImage
16/07/2019 13:40:52 (Std) 	[ImageManager] Created image: 'FOTDSkin/TitlebarDummy1' (0x115d8a0) of type: BasicImage
16/07/2019 13:40:52 (Std) 	[ImageManager] Created image: 'FOTDSkin/VertScrollbarL' (0x115dab0) of type: BasicImage
16/07/2019 13:40:52 (Std) 	[ImageManager] Created image: 'FOTDSkin/VertScrollbarR' (0x115dcc0) of type: BasicImage
16/07/2019 13:40:52 (Std) 	[ImageManager] Created image: 'FOTDSkin/CheckboxChecked' (0x115ded0) of type: BasicImage
16/07/2019 13:40:52 (Std) 	[ImageManager] Created image: 'FOTDSkin/HorzThumbHoverB' (0x115e0e0) of type: BasicImage
16/07/2019 13:40:52 (Std) 	[ImageManager] Created image: 'FOTDSkin/HorzThumbHoverT' (0x115e2f0) of type: BasicImage
16/07/2019 13:40:52 (Std) 	[ImageManager] Created image: 'FOTDSkin/ProgressEmptyBL' (0x115e500) of type: BasicImage
16/07/2019 13:40:52 (Std) 	[ImageManager] Created image: 'FOTDSkin/ProgressEmptyBR' (0x115e710) of type: BasicImage
16/07/2019 13:40:52 (Std) 	[ImageManager] Created image: 'FOTDSkin/ProgressEmptyTL' (0x115e920) of type: BasicImage
16/07/2019 13:40:52 (Std) 	[ImageManager] Created image: 'FOTDSkin/ProgressEmptyTR' (0x115eb30) of type: BasicImage
16/07/2019 13:40:52 (Std) 	[ImageManager] Created image: 'FOTDSkin/ScrollDownHover' (0x115ed40) of type: BasicImage
16/07/2019 13:40:52 (Std) 	[ImageManager] Created image: 'FOTDSkin/ScrollLeftHover' (0x115ef50) of type: BasicImage
16/07/2019 13:40:52 (Std) 	[ImageManager] Created image: 'FOTDSkin/TitlebarActiveB' (0x115f160) of type: BasicImage
16/07/2019 13:40:52 (Std) 	[ImageManager] Created image: 'FOTDSkin/TitlebarActiveL' (0x115f370) of type: BasicImage
16/07/2019 13:40:52 (Std) 	[ImageManager] Created image: 'FOTDSkin/TitlebarActiveR' (0x115f580) of type: BasicImage
16/07/2019 13:40:52 (Std) 	[ImageManager] Created image: 'FOTDSkin/TitlebarActiveT' (0x115f790) of type: BasicImage
16/07/2019 13:40:52 (Std) 	[ImageManager] Created image: 'FOTDSkin/VertThumbHoverL' (0x115f9a0) of type: BasicImage
16/07/2019 13:40:52 (Std) 	[ImageManager] Created image: 'FOTDSkin/VertThumbHoverR' (0x115fbb0) of type: BasicImage
16/07/2019 13:40:52 (Std) 	[ImageManager] Created image: 'FOTDSkin/ButtonHoverFill1' (0x115fdc0) of type: BasicImage
16/07/2019 13:40:52 (Std) 	[ImageManager] Created image: 'FOTDSkin/ButtonHoverFill2' (0x115ffd0) of type: BasicImage
16/07/2019 13:40:52 (Std) 	[ImageManager] Created image: 'FOTDSkin/HorzSliderTrackL' (0x11601e0) of type: BasicImage
16/07/2019 13:40:52 (Std) 	[ImageManager] Created image: 'FOTDSkin/HorzSliderTrackR' (0x11603f0) of type: BasicImage
16/07/2019 13:40:52 (Std) 	[ImageManager] Created image: 'FOTDSkin/HorzThumbHoverBL' (0x1160600) of type: BasicImage
16/07/2019 13:40:52 (Std) 	[ImageManager] Created image: 'FOTDSkin/HorzThumbHoverBR' (0x1160810) of type: BasicImage
16/07/2019 13:40:52 (Std) 	[ImageManager] Created image: 'FOTDSkin/HorzThumbHoverTL' (0x1160a20) of type: BasicImage
16/07/2019 13:40:52 (Std) 	[ImageManager] Created image: 'FOTDSkin/HorzThumbHoverTR' (0x1160c30) of type: BasicImage
16/07/2019 13:40:52 (Std) 	[ImageManager] Created image: 'FOTDSkin/HorzThumbNormalB' (0x1160e40) of type: BasicImage
16/07/2019 13:40:52 (Std) 	[ImageManager] Created image: 'FOTDSkin/HorzThumbNormalT' (0x1161050) of type: BasicImage
16/07/2019 13:40:52 (Std) 	[ImageManager] Created image: 'FOTDSkin/HorzThumbPushedB' (0x1161260) of type: BasicImage
16/07/2019 13:40:52 (Std) 	[ImageManager] Created image: 'FOTDSkin/HorzThumbPushedT' (0x1161470) of type: BasicImage
16/07/2019 13:40:52 (Std) 	[ImageManager] Created image: 'FOTDSkin/HorzThumbShadowL' (0x1161680) of type: BasicImage
16/07/2019 13:40:52 (Std) 	[ImageManager] Created image: 'FOTDSkin/HorzThumbShadowR' (0x1161890) of type: BasicImage
16/07/2019 13:40:52 (Std) 	[ImageManager] Created image: 'FOTDSkin/ProgressFullFill' (0x1161aa0) of type: BasicImage
16/07/2019 13:40:52 (Std) 	[ImageManager] Created image: 'FOTDSkin/RadioButtonHover' (0x1161cb0) of type: BasicImage
16/07/2019 13:40:52 (Std) 	[ImageManager] Created image: 'FOTDSkin/ScrollDownNormal' (0x1161ec0) of type: BasicImage
16/07/2019 13:40:52 (Std) 	[ImageManager] Created image: 'FOTDSkin/ScrollDownPushed' (0x11620d0) of type: BasicImage
16/07/2019 13:40:52 (Std) 	[ImageManager] Created image: 'FOTDSkin/ScrollLeftNormal' (0x11622e0) of type: BasicImage
16/07/2019 13:40:52 (Std) 	[ImageManager] Created image: 'FOTDSkin/ScrollLeftPushed' (0x11624f0) of type: BasicImage
16/07/2019 13:40:52 (Std) 	[ImageManager] Created image: 'FOTDSkin/ScrollRightHover' (0x1162700) of type: BasicImage
16/07/2019 13:40:52 (Std) 	[ImageManager] Created image: 'FOTDSkin/TitlebarActiveBL' (0x1162910) of type: BasicImage
16/07/2019 13:40:52 (Std) 	[ImageManager] Created image: 'FOTDSkin/TitlebarActiveBR' (0x1162b20) of type: BasicImage
16/07/2019 13:40:52 (Std) 	[ImageManager] Created image: 'FOTDSkin/TitlebarActiveTL' (0x1162d30) of type: BasicImage
16/07/2019 13:40:52 (Std) 	[ImageManager] Created image: 'FOTDSkin/TitlebarActiveTR' (0x1162f40) of type: BasicImage
16/07/2019 13:40:52 (Std) 	[ImageManager] Created image: 'FOTDSkin/VertSliderTrackB' (0x1163150) of type: BasicImage
16/07/2019 13:40:52 (Std) 	[ImageManager] Created image: 'FOTDSkin/VertSliderTrackT' (0x1163360) of type: BasicImage
16/07/2019 13:40:52 (Std) 	[ImageManager] Created image: 'FOTDSkin/VertThumbHoverBL' (0x1163570) of type: BasicImage
16/07/2019 13:40:52 (Std) 	[ImageManager] Created image: 'FOTDSkin/VertThumbHoverBR' (0x1163780) of type: BasicImage
16/07/2019 13:40:52 (Std) 	[ImageManager] Created image: 'FOTDSkin/VertThumbHoverTL' (0x1163990) of type: BasicImage
16/07/2019 13:40:52 (Std) 	[ImageManager] Created image: 'FOTDSkin/VertThumbHoverTR' (0x1163ba0) of type: BasicImage
16/07/2019 13:40:52 (Std) 	[ImageManager] Created image: 'FOTDSkin/VertThumbNormalL' (0x1163db0) of type: BasicImage
16/07/2019 13:40:52 (Std) 	[ImageManager] Created image: 'FOTDSkin/VertThumbNormalR' (0x1163fc0) of type: BasicImage
16/07/2019 13:40:52 (Std) 	[ImageManager] Created image: 'FOTDSkin/VertThumbPushedL' (0x11641d0) of type: BasicImage
16/07/2019 13:40:52 (Std) 	[ImageManager] Created image: 'FOTDSkin/VertThumbPushedR' (0x11643e0) of type: BasicImage
16/07/2019 13:40:52 (Std) 	[ImageManager] Created image: 'FOTDSkin/VertThumbShadowB' (0x11645f0) of type: BasicImage
16/07/2019 13:40:52 (Std) 	[ImageManager] Created image: 'FOTDSkin/VertThumbShadowT' (0x1164800) of type: BasicImage
16/07/2019 13:40:52 (Std) 	[ImageManager] Created image: 'FOTDSkin/ButtonNormalFill1' (0x1164a10) of type: BasicImage
16/07/2019 13:40:52 (Std) 	[ImageManager] Created image: 'FOTDSkin/ButtonNormalFill2' (0x1164c20) of type: BasicImage
16/07/2019 13:40:52 (Std) 	[ImageManager] Created image: 'FOTDSkin/ButtonPushedFill1' (0x1164e30) of type: BasicImage
16/07/2019 13:40:52 (Std) 	[ImageManager] Created image: 'FOTDSkin/ButtonPushedFill2' (0x1165040) of type: BasicImage
16/07/2019 13:40:52 (Std) 	[ImageManager] Created image: 'FOTDSkin/CloseButtonNormal' (0x1165250) of type: BasicImage
16/07/2019 13:40:52 (Std) 	[ImageManager] Created image: 'FOTDSkin/CloseButtonPushed' (0x1165460) of type: BasicImage
16/07/2019 13:40:52 (Std) 	[ImageManager] Created image: 'FOTDSkin/HorzSliderShadowL' (0x1165670) of type: BasicImage
16/07/2019 13:40:52 (Std) 	[ImageManager] Created image: 'FOTDSkin/HorzSliderShadowR' (0x1165880) of type: BasicImage
16/07/2019 13:40:52 (Std) 	[ImageManager] Created image: 'FOTDSkin/HorzThumbNormalBL' (0x1165a90) of type: BasicImage
16/07/2019 13:40:52 (Std) 	[ImageManager] Created image: 'FOTDSkin/HorzThumbNormalBR' (0x1165ca0) of type: BasicImage
16/07/2019 13:40:52 (Std) 	[ImageManager] Created image: 'FOTDSkin/HorzThumbNormalTL' (0x1165eb0) of type: BasicImage
16/07/2019 13:40:52 (Std) 	[ImageManager] Created image: 'FOTDSkin/HorzThumbNormalTR' (0x11660c0) of type: BasicImage
16/07/2019 13:40:52 (Std) 	[ImageManager] Created image: 'FOTDSkin/HorzThumbPushedBL' (0x11662d0) of type: BasicImage
16/07/2019 13:40:52 (Std) 	[ImageManager] Created image: 'FOTDSkin/HorzThumbPushedBR' (0x11664e0) of type: BasicImage
16/07/2019 13:40:52 (Std) 	[ImageManager] Created image: 'FOTDSkin/HorzThumbPushedTL' (0x11666f0) of type: BasicImage
16/07/2019 13:40:52 (Std) 	[ImageManager] Created image: 'FOTDSkin/HorzThumbPushedTR' (0x1166900) of type: BasicImage
16/07/2019 13:40:52 (Std) 	[ImageManager] Created image: 'FOTDSkin/ProgressEmptyFill' (0x1166b10) of type: BasicImage
16/07/2019 13:40:52 (Std) 	[ImageManager] Created image: 'FOTDSkin/RadioButtonNormal' (0x1166d20) of type: BasicImage
16/07/2019 13:40:52 (Std) 	[ImageManager] Created image: 'FOTDSkin/ScrollRightNormal' (0x1166f30) of type: BasicImage
16/07/2019 13:40:52 (Std) 	[ImageManager] Created image: 'FOTDSkin/ScrollRightPushed' (0x1167140) of type: BasicImage
16/07/2019 13:40:52 (Std) 	[ImageManager] Created image: 'FOTDSkin/TitlebarInactiveB' (0x1167350) of type: BasicImage
16/07/2019 13:40:52 (Std) 	[ImageManager] Created image: 'FOTDSkin/TitlebarInactiveL' (0x1167560) of type: BasicImage
16/07/2019 13:40:52 (Std) 	[ImageManager] Created image: 'FOTDSkin/TitlebarInactiveR' (0x1167770) of type: BasicImage
16/07/2019 13:40:52 (Std) 	[ImageManager] Created image: 'FOTDSkin/TitlebarInactiveT' (0x1167980) of type: BasicImage
16/07/2019 13:40:52 (Std) 	[ImageManager] Created image: 'FOTDSkin/VertSliderShadowB' (0x1167b90) of type: BasicImage
16/07/2019 13:40:52 (Std) 	[ImageManager] Created image: 'FOTDSkin/VertSliderShadowT' (0x1167da0) of type: BasicImage
16/07/2019 13:40:52 (Std) 	[ImageManager] Created image: 'FOTDSkin/VertThumbNormalBL' (0x1167fb0) of type: BasicImage
16/07/2019 13:40:52 (Std) 	[ImageManager] Created image: 'FOTDSkin/VertThumbNormalBR' (0x11681c0) of type: BasicImage
16/07/2019 13:40:52 (Std) 	[ImageManager] Created image: 'FOTDSkin/VertThumbNormalTL' (0x11683d0) of type: BasicImage
16/07/2019 13:40:52 (Std) 	[ImageManager] Created image: 'FOTDSkin/VertThumbNormalTR' (0x11685e0) of type: BasicImage
16/07/2019 13:40:52 (Std) 	[ImageManager] Created image: 'FOTDSkin/VertThumbPushedBL' (0x11687f0) of type: BasicImage
16/07/2019 13:40:52 (Std) 	[ImageManager] Created image: 'FOTDSkin/VertThumbPushedBR' (0x1168a00) of type: BasicImage
16/07/2019 13:40:52 (Std) 	[ImageManager] Created image: 'FOTDSkin/VertThumbPushedTL' (0x1168c10) of type: BasicImage
16/07/2019 13:40:52 (Std) 	[ImageManager] Created image: 'FOTDSkin/VertThumbPushedTR' (0x1168e20) of type: BasicImage
16/07/2019 13:40:52 (Std) 	[ImageManager] Created image: 'FOTDSkin/HorzScrollbarFill1' (0x1169030) of type: BasicImage
16/07/2019 13:40:52 (Std) 	[ImageManager] Created image: 'FOTDSkin/HorzScrollbarFill2' (0x1169240) of type: BasicImage
16/07/2019 13:40:52 (Std) 	[ImageManager] Created image: 'FOTDSkin/RadioButtonChecked' (0x1169450) of type: BasicImage
16/07/2019 13:40:52 (Std) 	[ImageManager] Created image: 'FOTDSkin/TitlebarInactiveBL' (0x1169660) of type: BasicImage
16/07/2019 13:40:52 (Std) 	[ImageManager] Created image: 'FOTDSkin/TitlebarInactiveBR' (0x1169870) of type: BasicImage
16/07/2019 13:40:52 (Std) 	[ImageManager] Created image: 'FOTDSkin/TitlebarInactiveTL' (0x1169a80) of type: BasicImage
16/07/2019 13:40:52 (Std) 	[ImageManager] Created image: 'FOTDSkin/TitlebarInactiveTR' (0x1169c90) of type: BasicImage
16/07/2019 13:40:52 (Std) 	[ImageManager] Created image: 'FOTDSkin/VertScrollbarFill1' (0x1169ea0) of type: BasicImage
16/07/2019 13:40:52 (Std) 	[ImageManager] Created image: 'FOTDSkin/VertScrollbarFill2' (0x116a0b0) of type: BasicImage
16/07/2019 13:40:52 (Std) 	[ImageManager] Created image: 'FOTDSkin/HorzSliderTrackFill' (0x116a2c0) of type: BasicImage
16/07/2019 13:40:52 (Std) 	[ImageManager] Created image: 'FOTDSkin/TitlebarActiveFill1' (0x116a4d0) of type: BasicImage
16/07/2019 13:40:52 (Std) 	[ImageManager] Created image: 'FOTDSkin/TitlebarActiveFill2' (0x116a6e0) of type: BasicImage
16/07/2019 13:40:52 (Std) 	[ImageManager] Created image: 'FOTDSkin/VertSliderTrackFill' (0x116a8f0) of type: BasicImage
16/07/2019 13:40:52 (Std) 	[ImageManager] Created image: 'FOTDSkin/HorzSliderThumbHover' (0x116ab00) of type: BasicImage
16/07/2019 13:40:52 (Std) 	[ImageManager] Created image: 'FOTDSkin/VertSliderThumbHover' (0x116ad10) of type: BasicImage
16/07/2019 13:40:52 (Std) 	[ImageManager] Created image: 'FOTDSkin/HorzSliderThumbNormal' (0x116af20) of type: BasicImage
16/07/2019 13:40:52 (Std) 	[ImageManager] Created image: 'FOTDSkin/HorzSliderThumbPushed' (0x116b130) of type: BasicImage
16/07/2019 13:40:52 (Std) 	[ImageManager] Created image: 'FOTDSkin/TitlebarInactiveFill1' (0x116b340) of type: BasicImage
16/07/2019 13:40:52 (Std) 	[ImageManager] Created image: 'FOTDSkin/TitlebarInactiveFill2' (0x116b550) of type: BasicImage
16/07/2019 13:40:52 (Std) 	[ImageManager] Created image: 'FOTDSkin/VertSliderThumbNormal' (0x116b760) of type: BasicImage
16/07/2019 13:40:52 (Std) 	[ImageManager] Created image: 'FOTDSkin/VertSliderThumbPushed' (0x116b970) of type: BasicImage
16/07/2019 13:40:52 (Std) 	[ImageManager] Created image: 'FOTDSkin/StatusBox' (0x116bb80) of type: BasicImage
16/07/2019 13:40:52 (Std) 	[ImageManager] Created image: 'FOTDSkin/SanityIcon' (0x116bd90) of type: BasicImage
16/07/2019 13:40:52 (Std) 	[ImageManager] Created image: 'FOTDSkin/HealthIcon' (0x116bfa0) of type: BasicImage
16/07/2019 13:40:52 (Std) 	[ImageManager] Created image: 'FOTDSkin/ThirstIcon' (0x116c1b0) of type: BasicImage
16/07/2019 13:40:52 (Std) 	[ImageManager] Created image: 'FOTDSkin/HungerIcon' (0x116c3c0) of type: BasicImage
16/07/2019 13:40:52 (Std) 	[ImageManager] Created image: 'FOTDSkin/ExhaustionIcon' (0x116c5d0) of type: BasicImage
16/07/2019 13:40:52 (Std) 	[ImageManager] Created image: 'FOTDSkin/StaminaIcon' (0x116c7e0) of type: BasicImage
16/07/2019 13:40:52 (Std) 	===== Falagard 'root' element: look and feel parsing begins =====
16/07/2019 13:40:52 (Error)	Falagard::xmlHandler::elementStart - The unknown XML element 'b' was encountered while processing the look and feel file.
16/07/2019 13:40:52 (Error)	Falagard::xmlHandler::elementStart - The unknown XML element 'b' was encountered while processing the look and feel file.
16/07/2019 13:40:52 (Error)	Falagard::xmlHandler::elementStart - The unknown XML element 'b' was encountered while processing the look and feel file.
16/07/2019 13:40:52 (Error)	Falagard::xmlHandler::elementStart - The unknown XML element 'b' was encountered while processing the look and feel file.
16/07/2019 13:40:52 (Error)	Falagard::xmlHandler::elementStart - The unknown XML element 'b' was encountered while processing the look and feel file.
16/07/2019 13:40:52 (Std) 	===== Look and feel parsing completed =====
16/07/2019 13:40:52 (Std) 	No window renderer factories specified for module 'CEGUICoreWindowRendererSet' - adding all available factories...
16/07/2019 13:40:52 (Std) 	Creating falagard mapping for type 'FOTDSkin/Label' using base type 'DefaultWindow', window renderer 'Core/Default' Look'N'Feel 'FOTDSkin/Label' and RenderEffect ''. (0x7ffe1df42610)
16/07/2019 13:40:52 (Std) 	Creating falagard mapping for type 'FOTDSkin/Button' using base type 'CEGUI/PushButton', window renderer 'Core/Button' Look'N'Feel 'FOTDSkin/Button' and RenderEffect ''. (0x7ffe1df42610)
16/07/2019 13:40:52 (Std) 	Creating falagard mapping for type 'FOTDSkin/ImageButton' using base type 'CEGUI/PushButton', window renderer 'Core/Button' Look'N'Feel 'FOTDSkin/ImageButton' and RenderEffect ''. (0x7ffe1df42610)
16/07/2019 13:40:52 (Std) 	Creating falagard mapping for type 'FOTDSkin/RadioButton' using base type 'CEGUI/RadioButton', window renderer 'Core/ToggleButton' Look'N'Feel 'FOTDSkin/RadioButton' and RenderEffect ''. (0x7ffe1df42610)
16/07/2019 13:40:52 (Std) 	Creating falagard mapping for type 'FOTDSkin/Checkbox' using base type 'CEGUI/ToggleButton', window renderer 'Core/ToggleButton' Look'N'Feel 'FOTDSkin/Checkbox' and RenderEffect ''. (0x7ffe1df42610)
16/07/2019 13:40:52 (Std) 	Creating falagard mapping for type 'FOTDSkin/Titlebar' using base type 'CEGUI/Titlebar', window renderer 'Core/Titlebar' Look'N'Feel 'FOTDSkin/Titlebar' and RenderEffect ''. (0x7ffe1df42610)
16/07/2019 13:40:52 (Std) 	Creating falagard mapping for type 'FOTDSkin/FrameWindow' using base type 'CEGUI/FrameWindow', window renderer 'Core/FrameWindow' Look'N'Feel 'FOTDSkin/FrameWindow' and RenderEffect ''. (0x7ffe1df42610)
16/07/2019 13:40:52 (Std) 	Creating falagard mapping for type 'FOTDSkin/Editbox' using base type 'CEGUI/Editbox', window renderer 'Core/Editbox' Look'N'Feel 'FOTDSkin/Editbox' and RenderEffect ''. (0x7ffe1df42610)
16/07/2019 13:40:52 (Std) 	Creating falagard mapping for type 'FOTDSkin/VerticalScrollbarThumb' using base type 'CEGUI/Thumb', window renderer 'Core/Button' Look'N'Feel 'FOTDSkin/VerticalScrollbarThumb' and RenderEffect ''. (0x7ffe1df42610)
16/07/2019 13:40:52 (Std) 	Creating falagard mapping for type 'FOTDSkin/VerticalScrollbar' using base type 'CEGUI/Scrollbar', window renderer 'Core/Scrollbar' Look'N'Feel 'FOTDSkin/VerticalScrollbar' and RenderEffect ''. (0x7ffe1df42610)
16/07/2019 13:40:52 (Std) 	Creating falagard mapping for type 'FOTDSkin/HorizontalScrollbarThumb' using base type 'CEGUI/Thumb', window renderer 'Core/Button' Look'N'Feel 'FOTDSkin/HorizontalScrollbarThumb' and RenderEffect ''. (0x7ffe1df42610)
16/07/2019 13:40:52 (Std) 	Creating falagard mapping for type 'FOTDSkin/HorizontalScrollbar' using base type 'CEGUI/Scrollbar', window renderer 'Core/Scrollbar' Look'N'Feel 'FOTDSkin/HorizontalScrollbar' and RenderEffect ''. (0x7ffe1df42610)
16/07/2019 13:40:52 (Std) 	Creating falagard mapping for type 'FOTDSkin/MultiLineEditbox' using base type 'CEGUI/MultiLineEditbox', window renderer 'Core/MultiLineEditbox' Look'N'Feel 'FOTDSkin/MultiLineEditbox' and RenderEffect ''. (0x7ffe1df42610)
16/07/2019 13:40:52 (Std) 	Creating falagard mapping for type 'FOTDSkin/ProgressBar' using base type 'CEGUI/ProgressBar', window renderer 'Core/ProgressBar' Look'N'Feel 'FOTDSkin/ProgressBar' and RenderEffect ''. (0x7ffe1df42610)
16/07/2019 13:40:52 (Std) 	Creating falagard mapping for type 'FOTDSkin/HorizontalSliderThumb' using base type 'CEGUI/Thumb', window renderer 'Core/Button' Look'N'Feel 'FOTDSkin/HorizontalSliderThumb' and RenderEffect ''. (0x7ffe1df42610)
16/07/2019 13:40:52 (Std) 	Creating falagard mapping for type 'FOTDSkin/HorizontalSlider' using base type 'CEGUI/Slider', window renderer 'Core/Slider' Look'N'Feel 'FOTDSkin/HorizontalSlider' and RenderEffect ''. (0x7ffe1df42610)
16/07/2019 13:40:52 (Std) 	Creating falagard mapping for type 'FOTDSkin/VerticalSliderThumb' using base type 'CEGUI/Thumb', window renderer 'Core/Button' Look'N'Feel 'FOTDSkin/VerticalSliderThumb' and RenderEffect ''. (0x7ffe1df42610)
16/07/2019 13:40:52 (Std) 	Creating falagard mapping for type 'FOTDSkin/VerticalSlider' using base type 'CEGUI/Slider', window renderer 'Core/Slider' Look'N'Feel 'FOTDSkin/VerticalSlider' and RenderEffect ''. (0x7ffe1df42610)
16/07/2019 13:40:52 (Std) 	Creating falagard mapping for type 'FOTDSkin/MenuItem' using base type 'CEGUI/MenuItem', window renderer 'Core/MenuItem' Look'N'Feel 'FOTDSkin/MenuItem' and RenderEffect ''. (0x7ffe1df42610)
16/07/2019 13:40:52 (Std) 	Creating falagard mapping for type 'FOTDSkin/StatusBox' using base type 'CEGUI/PopupMenu', window renderer 'Core/PopupMenu' Look'N'Feel 'FOTDSkin/StatusBox' and RenderEffect ''. (0x7ffe1df42610)
16/07/2019 13:40:52 (Std) 	Creating falagard mapping for type 'FOTDSkin/SanityBar' using base type 'CEGUI/ProgressBar', window renderer 'Core/ProgressBar' Look'N'Feel 'FOTDSkin/SanityBar' and RenderEffect ''. (0x7ffe1df42610)
16/07/2019 13:40:52 (Std) 	Creating falagard mapping for type 'FOTDSkin/HealthBar' using base type 'CEGUI/ProgressBar', window renderer 'Core/ProgressBar' Look'N'Feel 'FOTDSkin/HealthBar' and RenderEffect ''. (0x7ffe1df42610)
16/07/2019 13:40:52 (Std) 	Creating falagard mapping for type 'FOTDSkin/ThirstBar' using base type 'CEGUI/ProgressBar', window renderer 'Core/ProgressBar' Look'N'Feel 'FOTDSkin/ThirstBar' and RenderEffect ''. (0x7ffe1df42610)
16/07/2019 13:40:52 (Std) 	Creating falagard mapping for type 'FOTDSkin/HungerBar' using base type 'CEGUI/ProgressBar', window renderer 'Core/ProgressBar' Look'N'Feel 'FOTDSkin/HungerBar' and RenderEffect ''. (0x7ffe1df42610)
16/07/2019 13:40:52 (Std) 	Creating falagard mapping for type 'FOTDSkin/ExhaustionBar' using base type 'CEGUI/ProgressBar', window renderer 'Core/ProgressBar' Look'N'Feel 'FOTDSkin/ExhaustionBar' and RenderEffect ''. (0x7ffe1df42610)
16/07/2019 13:40:52 (Std) 	Creating falagard mapping for type 'FOTDSkin/StaminaBar' using base type 'CEGUI/ProgressBar', window renderer 'Core/ProgressBar' Look'N'Feel 'FOTDSkin/StaminaBar' and RenderEffect ''. (0x7ffe1df42610)
16/07/2019 13:40:52 (Std) 	Creating falagard mapping for type 'FOTDSkin/ScrollablePane' using base type 'CEGUI/ScrollablePane', window renderer 'Core/ScrollablePane' Look'N'Feel 'FOTDSkin/ScrollablePane' and RenderEffect ''. (0x7ffe1df42610)
16/07/2019 13:40:52 (Std) 	Creating falagard mapping for type 'FOTDSkin/StaticImage' using base type 'DefaultWindow', window renderer 'Core/StaticImage' Look'N'Feel 'FOTDSkin/StaticImage' and RenderEffect ''. (0x7ffe1df42610)
16/07/2019 13:40:52 (Std) 	Creating falagard mapping for type 'FOTDSkin/StaticText' using base type 'DefaultWindow', window renderer 'Core/StaticText' Look'N'Feel 'FOTDSkin/StaticText' and RenderEffect ''. (0x7ffe1df42610)
16/07/2019 13:40:52 (Std) 	---- Returning existing instance of Font named 'QuietHorror-42'.
16/07/2019 13:40:52 (Std) 	[OpenGLRenderer] Created texture: QuietHorror-118_auto_glyph_images_0
16/07/2019 13:40:52 (Std) 	[OpenGLRenderer] Created texture: QuietHorror-118_auto_glyph_images_252
16/07/2019 13:40:52 (Std) 	[OpenGLRenderer] Created texture: QuietHorror-42_auto_glyph_images_0
16/07/2019 13:40:53 (Std) 	Started creation of Scheme from XML specification:
16/07/2019 13:40:53 (Std) 	---- CEGUI GUIScheme name: FOTDSkin
16/07/2019 13:40:53 (Std) 	---- Returning existing instance of Scheme named 'FOTDSkin'.
16/07/2019 13:40:53 (Std) 	---- Returning existing instance of Font named 'QuietHorror-30'.
16/07/2019 13:40:53 (Std) 	[OpenGLRenderer] Created texture: QuietHorror-30_auto_glyph_images_0
16/07/2019 13:40:54 (Std) 	Started creation of Scheme from XML specification:
16/07/2019 13:40:54 (Std) 	---- CEGUI GUIScheme name: FOTDSkin
16/07/2019 13:40:54 (Std) 	---- Returning existing instance of Scheme named 'FOTDSkin'.
16/07/2019 13:40:54 (Std) 	[OpenGLRenderer] Created texture: _ogl_tt_tex_0
16/07/2019 13:40:54 (Std) 	[OpenGLRenderer] Created texture: Amatic-26_auto_glyph_images_32
