14/07/2020 00:09:17 (Std) 	+-+-+-+-+-+-+-+-+-+-+-+-+-+-+-+-+-+-+-+-+-+-+-+-+-+-+-+-+-+-+-+-+-+-+-+-+-+-+-+
14/07/2020 00:09:17 (Std) 	+                     Crazy Eddie's GUI System - Event log                    +
14/07/2020 00:09:17 (Std) 	+                          (http://www.cegui.org.uk/)                         +
14/07/2020 00:09:17 (Std) 	+-+-+-+-+-+-+-+-+-+-+-+-+-+-+-+-+-+-+-+-+-+-+-+-+-+-+-+-+-+-+-+-+-+-+-+-+-+-+-+

14/07/2020 00:09:17 (Std) 	CEGUI::Logger singleton created. (0x55d735c9f2f0)
14/07/2020 00:09:17 (Std) 	
14/07/2020 00:09:17 (Std) 	********************************************************************************
14/07/2020 00:09:17 (Std) 	* Important:                                                                   *
14/07/2020 00:09:17 (Std) 	*     To get support at the CEGUI forums, you must post _at least_ the section *
14/07/2020 00:09:17 (Std) 	*     of this log file indicated below.  Failure to do this will result in no  *
14/07/2020 00:09:17 (Std) 	*     support being given; please do not waste our time.                       *
14/07/2020 00:09:17 (Std) 	********************************************************************************
14/07/2020 00:09:17 (Std) 	********************************************************************************
14/07/2020 00:09:17 (Std) 	* -------- START OF ESSENTIAL SECTION TO BE POSTED ON THE FORUM       -------- *
14/07/2020 00:09:17 (Std) 	********************************************************************************
14/07/2020 00:09:17 (Std) 	---- Version: 0.8.7 (Build: Feb 19 2020 Debug GNU/Linux g++ 9.2.1 20200203 64 bit) ----
14/07/2020 00:09:17 (Std) 	---- Renderer module is: CEGUI::OpenGL3Renderer - Official OpenGL 3.2 core based renderer module.  TextureTarget support enabled via FBO OGL 3.2 core implementation. ----
14/07/2020 00:09:17 (Std) 	---- XML Parser module is: CEGUI::ExpatParser - Official expat based parser module for CEGUI ----
14/07/2020 00:09:17 (Std) 	---- Image Codec module is: SILLYImageCodec - Official SILLY based image codec ----
14/07/2020 00:09:17 (Std) 	---- Scripting module is: None ----
14/07/2020 00:09:17 (Std) 	********************************************************************************
14/07/2020 00:09:17 (Std) 	* -------- END OF ESSENTIAL SECTION TO BE POSTED ON THE FORUM         -------- *
14/07/2020 00:09:17 (Std) 	********************************************************************************
14/07/2020 00:09:17 (Std) 	
14/07/2020 00:09:17 (Std) 	---- Begining CEGUI System initialisation ----
14/07/2020 00:09:17 (Std) 	[CEGUI::ImageManager] Singleton created (0x55d736471ff0)
14/07/2020 00:09:17 (Std) 	[CEGUI::ImageManager] Registered Image type: BasicImage
14/07/2020 00:09:17 (Std) 	CEGUI::FontManager singleton created. (0x55d736473cd0)
14/07/2020 00:09:17 (Std) 	CEGUI::WindowFactoryManager singleton created
14/07/2020 00:09:17 (Std) 	CEGUI::WindowManager singleton created (0x55d73646df10)
14/07/2020 00:09:17 (Std) 	CEGUI::SchemeManager singleton created. (0x55d736473e00)
14/07/2020 00:09:17 (Std) 	CEGUI::GlobalEventSet singleton created. (0x55d73646f350)
14/07/2020 00:09:17 (Std) 	CEGUI::AnimationManager singleton created (0x55d736473a50)
14/07/2020 00:09:17 (Std) 	CEGUI::WidgetLookManager singleton created. (0x55d73646e7c0)
14/07/2020 00:09:17 (Std) 	CEGUI::WindowRendererManager singleton created (0x55d73646ce30)
14/07/2020 00:09:17 (Std) 	CEGUI::RenderEffectManager singleton created (0x55d736473b10)
14/07/2020 00:09:17 (Std) 	Created WindowFactory for 'DefaultWindow' windows.
14/07/2020 00:09:17 (Std) 	WindowFactory for 'DefaultWindow' windows added. (0x55d736475b10)
14/07/2020 00:09:17 (Std) 	Created WindowFactory for 'DragContainer' windows.
14/07/2020 00:09:17 (Std) 	WindowFactory for 'DragContainer' windows added. (0x55d736477010)
14/07/2020 00:09:17 (Std) 	Created WindowFactory for 'ScrolledContainer' windows.
14/07/2020 00:09:17 (Std) 	WindowFactory for 'ScrolledContainer' windows added. (0x55d7364771d0)
14/07/2020 00:09:17 (Std) 	Created WindowFactory for 'ClippedContainer' windows.
14/07/2020 00:09:17 (Std) 	WindowFactory for 'ClippedContainer' windows added. (0x55d736477290)
14/07/2020 00:09:17 (Std) 	Created WindowFactory for 'CEGUI/PushButton' windows.
14/07/2020 00:09:17 (Std) 	WindowFactory for 'CEGUI/PushButton' windows added. (0x55d736477350)
14/07/2020 00:09:17 (Std) 	Created WindowFactory for 'CEGUI/RadioButton' windows.
14/07/2020 00:09:17 (Std) 	WindowFactory for 'CEGUI/RadioButton' windows added. (0x55d736477910)
14/07/2020 00:09:17 (Std) 	Created WindowFactory for 'CEGUI/Combobox' windows.
14/07/2020 00:09:17 (Std) 	WindowFactory for 'CEGUI/Combobox' windows added. (0x55d736477ab0)
14/07/2020 00:09:17 (Std) 	Created WindowFactory for 'CEGUI/ComboDropList' windows.
14/07/2020 00:09:17 (Std) 	WindowFactory for 'CEGUI/ComboDropList' windows added. (0x55d736477c50)
14/07/2020 00:09:17 (Std) 	Created WindowFactory for 'CEGUI/Editbox' windows.
14/07/2020 00:09:17 (Std) 	WindowFactory for 'CEGUI/Editbox' windows added. (0x55d736478140)
14/07/2020 00:09:17 (Std) 	Created WindowFactory for 'CEGUI/FrameWindow' windows.
14/07/2020 00:09:17 (Std) 	WindowFactory for 'CEGUI/FrameWindow' windows added. (0x55d736478200)
14/07/2020 00:09:17 (Std) 	Created WindowFactory for 'CEGUI/ItemEntry' windows.
14/07/2020 00:09:17 (Std) 	WindowFactory for 'CEGUI/ItemEntry' windows added. (0x55d7364782c0)
14/07/2020 00:09:17 (Std) 	Created WindowFactory for 'CEGUI/Listbox' windows.
14/07/2020 00:09:17 (Std) 	WindowFactory for 'CEGUI/Listbox' windows added. (0x55d736478380)
14/07/2020 00:09:17 (Std) 	Created WindowFactory for 'CEGUI/ListHeader' windows.
14/07/2020 00:09:17 (Std) 	WindowFactory for 'CEGUI/ListHeader' windows added. (0x55d7364786e0)
14/07/2020 00:09:17 (Std) 	Created WindowFactory for 'CEGUI/ListHeaderSegment' windows.
14/07/2020 00:09:17 (Std) 	WindowFactory for 'CEGUI/ListHeaderSegment' windows added. (0x55d736478910)
14/07/2020 00:09:17 (Std) 	Created WindowFactory for 'CEGUI/Menubar' windows.
14/07/2020 00:09:17 (Std) 	WindowFactory for 'CEGUI/Menubar' windows added. (0x55d7364789d0)
14/07/2020 00:09:17 (Std) 	Created WindowFactory for 'CEGUI/PopupMenu' windows.
14/07/2020 00:09:17 (Std) 	WindowFactory for 'CEGUI/PopupMenu' windows added. (0x55d736478c50)
14/07/2020 00:09:17 (Std) 	Created WindowFactory for 'CEGUI/MenuItem' windows.
14/07/2020 00:09:17 (Std) 	WindowFactory for 'CEGUI/MenuItem' windows added. (0x55d736478e10)
14/07/2020 00:09:17 (Std) 	Created WindowFactory for 'CEGUI/MultiColumnList' windows.
14/07/2020 00:09:17 (Std) 	WindowFactory for 'CEGUI/MultiColumnList' windows added. (0x55d736478ed0)
14/07/2020 00:09:17 (Std) 	Created WindowFactory for 'CEGUI/MultiLineEditbox' windows.
14/07/2020 00:09:17 (Std) 	WindowFactory for 'CEGUI/MultiLineEditbox' windows added. (0x55d736479310)
14/07/2020 00:09:17 (Std) 	Created WindowFactory for 'CEGUI/ProgressBar' windows.
14/07/2020 00:09:17 (Std) 	WindowFactory for 'CEGUI/ProgressBar' windows added. (0x55d7364793d0)
14/07/2020 00:09:17 (Std) 	Created WindowFactory for 'CEGUI/ScrollablePane' windows.
14/07/2020 00:09:17 (Std) 	WindowFactory for 'CEGUI/ScrollablePane' windows added. (0x55d736479490)
14/07/2020 00:09:17 (Std) 	Created WindowFactory for 'CEGUI/Scrollbar' windows.
14/07/2020 00:09:17 (Std) 	WindowFactory for 'CEGUI/Scrollbar' windows added. (0x55d736479550)
14/07/2020 00:09:17 (Std) 	Created WindowFactory for 'CEGUI/Slider' windows.
14/07/2020 00:09:17 (Std) 	WindowFactory for 'CEGUI/Slider' windows added. (0x55d7364798b0)
14/07/2020 00:09:17 (Std) 	Created WindowFactory for 'CEGUI/Spinner' windows.
14/07/2020 00:09:17 (Std) 	WindowFactory for 'CEGUI/Spinner' windows added. (0x55d736479970)
14/07/2020 00:09:17 (Std) 	Created WindowFactory for 'CEGUI/TabButton' windows.
14/07/2020 00:09:17 (Std) 	WindowFactory for 'CEGUI/TabButton' windows added. (0x55d736479d00)
14/07/2020 00:09:17 (Std) 	Created WindowFactory for 'CEGUI/TabControl' windows.
14/07/2020 00:09:17 (Std) 	WindowFactory for 'CEGUI/TabControl' windows added. (0x55d736479dc0)
14/07/2020 00:09:17 (Std) 	Created WindowFactory for 'CEGUI/Thumb' windows.
14/07/2020 00:09:17 (Std) 	WindowFactory for 'CEGUI/Thumb' windows added. (0x55d736479e80)
14/07/2020 00:09:17 (Std) 	Created WindowFactory for 'CEGUI/Titlebar' windows.
14/07/2020 00:09:17 (Std) 	WindowFactory for 'CEGUI/Titlebar' windows added. (0x55d73647a1e0)
14/07/2020 00:09:17 (Std) 	Created WindowFactory for 'CEGUI/ToggleButton' windows.
14/07/2020 00:09:17 (Std) 	WindowFactory for 'CEGUI/ToggleButton' windows added. (0x55d73647a540)
14/07/2020 00:09:17 (Std) 	Created WindowFactory for 'CEGUI/Tooltip' windows.
14/07/2020 00:09:17 (Std) 	WindowFactory for 'CEGUI/Tooltip' windows added. (0x55d73647a600)
14/07/2020 00:09:17 (Std) 	Created WindowFactory for 'CEGUI/ItemListbox' windows.
14/07/2020 00:09:17 (Std) 	WindowFactory for 'CEGUI/ItemListbox' windows added. (0x55d73647a6c0)
14/07/2020 00:09:17 (Std) 	Created WindowFactory for 'CEGUI/GroupBox' windows.
14/07/2020 00:09:17 (Std) 	WindowFactory for 'CEGUI/GroupBox' windows added. (0x55d73647a780)
14/07/2020 00:09:17 (Std) 	Created WindowFactory for 'CEGUI/Tree' windows.
14/07/2020 00:09:17 (Std) 	WindowFactory for 'CEGUI/Tree' windows added. (0x55d73647a840)
14/07/2020 00:09:17 (Std) 	Created WindowFactory for 'LayoutCell' windows.
14/07/2020 00:09:17 (Std) 	WindowFactory for 'LayoutCell' windows added. (0x55d73647ac80)
14/07/2020 00:09:17 (Std) 	Created WindowFactory for 'HorizontalLayoutContainer' windows.
14/07/2020 00:09:17 (Std) 	WindowFactory for 'HorizontalLayoutContainer' windows added. (0x55d73647ad40)
14/07/2020 00:09:17 (Std) 	Created WindowFactory for 'VerticalLayoutContainer' windows.
14/07/2020 00:09:17 (Std) 	WindowFactory for 'VerticalLayoutContainer' windows added. (0x55d73647afc0)
14/07/2020 00:09:17 (Std) 	Created WindowFactory for 'GridLayoutContainer' windows.
14/07/2020 00:09:17 (Std) 	WindowFactory for 'GridLayoutContainer' windows added. (0x55d73647b080)
14/07/2020 00:09:17 (Std) 	CEGUI::System singleton created. (0x55d735c91f60)
14/07/2020 00:09:17 (Std) 	---- CEGUI System initialisation completed ----
14/07/2020 00:09:17 (Std) 	
14/07/2020 00:09:17 (Std) 	Started creation of Scheme from XML specification:
14/07/2020 00:09:17 (Std) 	---- CEGUI GUIScheme name: WindowsLookSkin
14/07/2020 00:09:17 (Std) 	[ImageManager] Started creation of Imageset from XML specification:
14/07/2020 00:09:17 (Std) 	[ImageManager] ---- CEGUI Imageset name: WindowsLook
14/07/2020 00:09:17 (Std) 	[ImageManager] ---- Source texture file: WindowsLook.png
14/07/2020 00:09:17 (Std) 	[ImageManager] ---- Source texture resource group: (Default)
14/07/2020 00:09:17 (Std) 	[OpenGLRenderer] Created texture: WindowsLook
14/07/2020 00:09:17 (Std) 	[ImageManager] Created image: 'WindowsLook/Background' (0x55d7364d7980) of type: BasicImage
14/07/2020 00:09:17 (Std) 	[ImageManager] Created image: 'WindowsLook/WindowFrameLeft' (0x55d7364d70a0) of type: BasicImage
14/07/2020 00:09:17 (Std) 	[ImageManager] Created image: 'WindowsLook/WindowFrameRight' (0x55d7364dd790) of type: BasicImage
14/07/2020 00:09:17 (Std) 	[ImageManager] Created image: 'WindowsLook/WindowFrameTop' (0x55d7364dd1e0) of type: BasicImage
14/07/2020 00:09:17 (Std) 	[ImageManager] Created image: 'WindowsLook/WindowFrameBottom' (0x55d7364da810) of type: BasicImage
14/07/2020 00:09:17 (Std) 	[ImageManager] Created image: 'WindowsLook/WindowFrameTopLeft' (0x55d7364ddf80) of type: BasicImage
14/07/2020 00:09:17 (Std) 	[ImageManager] Created image: 'WindowsLook/WindowFrameTopRight' (0x55d7364e4180) of type: BasicImage
14/07/2020 00:09:17 (Std) 	[ImageManager] Created image: 'WindowsLook/WindowFrameBottomLeft' (0x55d7364e6840) of type: BasicImage
14/07/2020 00:09:17 (Std) 	[ImageManager] Created image: 'WindowsLook/WindowFrameBottomRight' (0x55d7364e6250) of type: BasicImage
14/07/2020 00:09:17 (Std) 	[ImageManager] Created image: 'WindowsLook/ButtonNormalLeft' (0x55d7364dec80) of type: BasicImage
14/07/2020 00:09:17 (Std) 	[ImageManager] Created image: 'WindowsLook/ButtonNormalRight' (0x55d73646d6a0) of type: BasicImage
14/07/2020 00:09:17 (Std) 	[ImageManager] Created image: 'WindowsLook/ButtonNormalTop' (0x55d7364dabf0) of type: BasicImage
14/07/2020 00:09:17 (Std) 	[ImageManager] Created image: 'WindowsLook/ButtonNormalBottom' (0x55d7364dbdb0) of type: BasicImage
14/07/2020 00:09:17 (Std) 	[ImageManager] Created image: 'WindowsLook/ButtonNormalTopLeft' (0x55d736487d80) of type: BasicImage
14/07/2020 00:09:17 (Std) 	[ImageManager] Created image: 'WindowsLook/ButtonNormalTopRight' (0x55d7364ebdc0) of type: BasicImage
14/07/2020 00:09:17 (Std) 	[ImageManager] Created image: 'WindowsLook/ButtonNormalBottomLeft' (0x55d7364e1f30) of type: BasicImage
14/07/2020 00:09:17 (Std) 	[ImageManager] Created image: 'WindowsLook/ButtonNormalBottomRight' (0x55d7364e85b0) of type: BasicImage
14/07/2020 00:09:17 (Std) 	[ImageManager] Created image: 'WindowsLook/ButtonPushedLeft' (0x55d7364e87c0) of type: BasicImage
14/07/2020 00:09:17 (Std) 	[ImageManager] Created image: 'WindowsLook/ButtonPushedRight' (0x55d7364e81d0) of type: BasicImage
14/07/2020 00:09:17 (Std) 	[ImageManager] Created image: 'WindowsLook/ButtonPushedTop' (0x55d7364e80b0) of type: BasicImage
14/07/2020 00:09:17 (Std) 	[ImageManager] Created image: 'WindowsLook/ButtonPushedBottom' (0x55d736483940) of type: BasicImage
14/07/2020 00:09:17 (Std) 	[ImageManager] Created image: 'WindowsLook/ButtonPushedTopLeft' (0x55d7364f15c0) of type: BasicImage
14/07/2020 00:09:17 (Std) 	[ImageManager] Created image: 'WindowsLook/ButtonPushedTopRight' (0x55d7364f17d0) of type: BasicImage
14/07/2020 00:09:17 (Std) 	[ImageManager] Created image: 'WindowsLook/ButtonPushedBottomLeft' (0x55d7364ed000) of type: BasicImage
14/07/2020 00:09:17 (Std) 	[ImageManager] Created image: 'WindowsLook/ButtonPushedBottomRight' (0x55d7364ed120) of type: BasicImage
14/07/2020 00:09:17 (Std) 	[ImageManager] Created image: 'WindowsLook/ButtonHoverLeft' (0x55d7364ed240) of type: BasicImage
14/07/2020 00:09:17 (Std) 	[ImageManager] Created image: 'WindowsLook/ButtonHoverRight' (0x55d7364edd50) of type: BasicImage
14/07/2020 00:09:17 (Std) 	[ImageManager] Created image: 'WindowsLook/ButtonHoverTop' (0x55d7364ed4f0) of type: BasicImage
14/07/2020 00:09:17 (Std) 	[ImageManager] Created image: 'WindowsLook/ButtonHoverBottom' (0x55d7364ee050) of type: BasicImage
14/07/2020 00:09:17 (Std) 	[ImageManager] Created image: 'WindowsLook/ButtonHoverTopLeft' (0x55d736488750) of type: BasicImage
14/07/2020 00:09:17 (Std) 	[ImageManager] Created image: 'WindowsLook/ButtonHoverTopRight' (0x55d7364f2cd0) of type: BasicImage
14/07/2020 00:09:17 (Std) 	[ImageManager] Created image: 'WindowsLook/ButtonHoverBottomLeft' (0x55d7364f2ee0) of type: BasicImage
14/07/2020 00:09:17 (Std) 	[ImageManager] Created image: 'WindowsLook/ButtonHoverBottomRight' (0x55d7364f30f0) of type: BasicImage
14/07/2020 00:09:17 (Std) 	[ImageManager] Created image: 'WindowsLook/EditFrameLeft' (0x55d7364f3210) of type: BasicImage
14/07/2020 00:09:17 (Std) 	[ImageManager] Created image: 'WindowsLook/EditFrameRight' (0x55d7364ec750) of type: BasicImage
14/07/2020 00:09:17 (Std) 	[ImageManager] Created image: 'WindowsLook/EditFrameTop' (0x55d7364ece60) of type: BasicImage
14/07/2020 00:09:17 (Std) 	[ImageManager] Created image: 'WindowsLook/EditFrameBottom' (0x55d7364e2da0) of type: BasicImage
14/07/2020 00:09:17 (Std) 	[ImageManager] Created image: 'WindowsLook/EditFrameTopLeft' (0x55d7364e2ec0) of type: BasicImage
14/07/2020 00:09:17 (Std) 	[ImageManager] Created image: 'WindowsLook/EditFrameTopRight' (0x55d7364eccd0) of type: BasicImage
14/07/2020 00:09:17 (Std) 	[ImageManager] Created image: 'WindowsLook/EditFrameBottomLeft' (0x55d7364851d0) of type: BasicImage
14/07/2020 00:09:17 (Std) 	[ImageManager] Created image: 'WindowsLook/EditFrameBottomRight' (0x55d7364853e0) of type: BasicImage
14/07/2020 00:09:17 (Std) 	[ImageManager] Created image: 'WindowsLook/StaticFrameLeft' (0x55d7364855f0) of type: BasicImage
14/07/2020 00:09:17 (Std) 	[ImageManager] Created image: 'WindowsLook/StaticFrameRight' (0x55d736485710) of type: BasicImage
14/07/2020 00:09:17 (Std) 	[ImageManager] Created image: 'WindowsLook/StaticFrameTop' (0x55d7364ed850) of type: BasicImage
14/07/2020 00:09:17 (Std) 	[ImageManager] Created image: 'WindowsLook/StaticFrameBottom' (0x55d7364ee170) of type: BasicImage
14/07/2020 00:09:17 (Std) 	[ImageManager] Created image: 'WindowsLook/StaticFrameTopLeft' (0x55d7364ff300) of type: BasicImage
14/07/2020 00:09:17 (Std) 	[ImageManager] Created image: 'WindowsLook/StaticFrameTopRight' (0x55d7364ff510) of type: BasicImage
14/07/2020 00:09:17 (Std) 	[ImageManager] Created image: 'WindowsLook/StaticFrameBottomLeft' (0x55d7364ff720) of type: BasicImage
14/07/2020 00:09:17 (Std) 	[ImageManager] Created image: 'WindowsLook/StaticFrameBottomRight' (0x55d7364ff930) of type: BasicImage
14/07/2020 00:09:17 (Std) 	[ImageManager] Created image: 'WindowsLook/CloseButtonNormal' (0x55d7364ffa50) of type: BasicImage
14/07/2020 00:09:17 (Std) 	[ImageManager] Created image: 'WindowsLook/CloseButtonHover' (0x55d7364ffc00) of type: BasicImage
14/07/2020 00:09:17 (Std) 	[ImageManager] Created image: 'WindowsLook/CloseButtonPushed' (0x55d736485b40) of type: BasicImage
14/07/2020 00:09:17 (Std) 	[ImageManager] Created image: 'WindowsLook/TitlebarTopLeft' (0x55d736486050) of type: BasicImage
14/07/2020 00:09:17 (Std) 	[ImageManager] Created image: 'WindowsLook/TitlebarTopRight' (0x55d7364fff00) of type: BasicImage
14/07/2020 00:09:17 (Std) 	[ImageManager] Created image: 'WindowsLook/TitlebarBottomLeft' (0x55d7364e5db0) of type: BasicImage
14/07/2020 00:09:17 (Std) 	[ImageManager] Created image: 'WindowsLook/TitlebarBottomRight' (0x55d736486760) of type: BasicImage
14/07/2020 00:09:17 (Std) 	[ImageManager] Created image: 'WindowsLook/TitlebarLeft' (0x55d736486970) of type: BasicImage
14/07/2020 00:09:17 (Std) 	[ImageManager] Created image: 'WindowsLook/TitlebarRight' (0x55d736486d60) of type: BasicImage
14/07/2020 00:09:17 (Std) 	[ImageManager] Created image: 'WindowsLook/TitlebarTop' (0x55d7364eb820) of type: BasicImage
14/07/2020 00:09:17 (Std) 	[ImageManager] Created image: 'WindowsLook/TitlebarBottom' (0x55d7364872e0) of type: BasicImage
14/07/2020 00:09:17 (Std) 	[ImageManager] Created image: 'WindowsLook/TitlebarFill' (0x55d736487590) of type: BasicImage
14/07/2020 00:09:17 (Std) 	[ImageManager] Created image: 'WindowsLook/CheckboxNormal' (0x55d7364877a0) of type: BasicImage
14/07/2020 00:09:17 (Std) 	[ImageManager] Created image: 'WindowsLook/CheckboxHover' (0x55d7364879b0) of type: BasicImage
14/07/2020 00:09:17 (Std) 	[ImageManager] Created image: 'WindowsLook/CheckboxMark' (0x55d736487bc0) of type: BasicImage
14/07/2020 00:09:17 (Std) 	[ImageManager] Created image: 'WindowsLook/RadioButtonNormal' (0x55d7364e90f0) of type: BasicImage
14/07/2020 00:09:17 (Std) 	[ImageManager] Created image: 'WindowsLook/RadioButtonHover' (0x55d7364e9210) of type: BasicImage
14/07/2020 00:09:17 (Std) 	[ImageManager] Created image: 'WindowsLook/RadioButtonMark' (0x55d7364e9330) of type: BasicImage
14/07/2020 00:09:17 (Std) 	[ImageManager] Created image: 'WindowsLook/SliderThumbNormal' (0x55d7364e9540) of type: BasicImage
14/07/2020 00:09:17 (Std) 	[ImageManager] Created image: 'WindowsLook/SliderThumbHover' (0x55d7364e9750) of type: BasicImage
14/07/2020 00:09:17 (Std) 	[ImageManager] Created image: 'WindowsLook/SliderTrackLeft' (0x55d7364e9960) of type: BasicImage
14/07/2020 00:09:17 (Std) 	[ImageManager] Created image: 'WindowsLook/SlidertrackMiddle' (0x55d7364e9b70) of type: BasicImage
14/07/2020 00:09:17 (Std) 	[ImageManager] Created image: 'WindowsLook/SliderTrackRight' (0x55d7364e9d80) of type: BasicImage
14/07/2020 00:09:17 (Std) 	[ImageManager] Created image: 'WindowsLook/SliderTick' (0x55d7364e9f90) of type: BasicImage
14/07/2020 00:09:17 (Std) 	[ImageManager] Created image: 'WindowsLook/HeaderMainBrush' (0x55d7364ea380) of type: BasicImage
14/07/2020 00:09:17 (Std) 	[ImageManager] Created image: 'WindowsLook/HeaderBottomEdge' (0x55d7364ea4a0) of type: BasicImage
14/07/2020 00:09:17 (Std) 	[ImageManager] Created image: 'WindowsLook/HeaderSplitter' (0x55d7364ea5c0) of type: BasicImage
14/07/2020 00:09:17 (Std) 	[ImageManager] Created image: 'WindowsLook/VertScrollbarGrip' (0x55d7364ea9b0) of type: BasicImage
14/07/2020 00:09:17 (Std) 	[ImageManager] Created image: 'WindowsLook/HorzScrollbarGrip' (0x55d7364eaad0) of type: BasicImage
14/07/2020 00:09:17 (Std) 	[ImageManager] Created image: 'WindowsLook/LargeLeftArrow' (0x55d7364eabf0) of type: BasicImage
14/07/2020 00:09:17 (Std) 	[ImageManager] Created image: 'WindowsLook/LargeRightArrow' (0x55d7364eafe0) of type: BasicImage
14/07/2020 00:09:17 (Std) 	[ImageManager] Created image: 'WindowsLook/LargeUpArrow' (0x55d7364eb100) of type: BasicImage
14/07/2020 00:09:17 (Std) 	[ImageManager] Created image: 'WindowsLook/LargeDownArrow' (0x55d7364ee900) of type: BasicImage
14/07/2020 00:09:17 (Std) 	[ImageManager] Created image: 'WindowsLook/SmallLeftArrow' (0x55d7364eeb10) of type: BasicImage
14/07/2020 00:09:17 (Std) 	[ImageManager] Created image: 'WindowsLook/SmallRightArrow' (0x55d7364eed20) of type: BasicImage
14/07/2020 00:09:17 (Std) 	[ImageManager] Created image: 'WindowsLook/SmallUpArrow' (0x55d7364eee40) of type: BasicImage
14/07/2020 00:09:17 (Std) 	[ImageManager] Created image: 'WindowsLook/SmallDownArrow' (0x55d7364ef140) of type: BasicImage
14/07/2020 00:09:17 (Std) 	[ImageManager] Created image: 'WindowsLook/EditBoxCaret' (0x55d7364ef350) of type: BasicImage
14/07/2020 00:09:17 (Std) 	[ImageManager] Created image: 'WindowsLook/MouseArrow' (0x55d7364efa10) of type: BasicImage
14/07/2020 00:09:17 (Std) 	[ImageManager] Created image: 'WindowsLook/MouseMoveCursor' (0x55d7364efc20) of type: BasicImage
14/07/2020 00:09:17 (Std) 	[ImageManager] Created image: 'WindowsLook/MouseNoSoCursor' (0x55d7364ef880) of type: BasicImage
14/07/2020 00:09:17 (Std) 	[ImageManager] Created image: 'WindowsLook/MouseEsWeCursor' (0x55d7364f0060) of type: BasicImage
14/07/2020 00:09:17 (Std) 	[ImageManager] Created image: 'WindowsLook/MouseNeSwCursor' (0x55d7364ef6f0) of type: BasicImage
14/07/2020 00:09:17 (Std) 	[ImageManager] Created image: 'WindowsLook/MouseNwSeCursor' (0x55d7364f04f0) of type: BasicImage
14/07/2020 00:09:17 (Std) 	[ImageManager] Created image: 'WindowsLook/MouseTextBar' (0x55d7364f0700) of type: BasicImage
14/07/2020 00:09:17 (Std) 	[ImageManager] Created image: 'WindowsLook/TabHorizontalTopFiller' (0x55d7364837b0) of type: BasicImage
14/07/2020 00:09:17 (Std) 	[ImageManager] Created image: 'WindowsLook/TabHorizontalBottomFiller' (0x55d7364864e0) of type: BasicImage
14/07/2020 00:09:17 (Std) 	[ImageManager] Created image: 'WindowsLook/TabContentPaneUpperLeft' (0x55d736486f70) of type: BasicImage
14/07/2020 00:09:17 (Std) 	[ImageManager] Created image: 'WindowsLook/TabContentPaneTop' (0x55d7364f0af0) of type: BasicImage
14/07/2020 00:09:17 (Std) 	[ImageManager] Created image: 'WindowsLook/TabContentPaneUpperRight' (0x55d7364f0d30) of type: BasicImage
14/07/2020 00:09:17 (Std) 	[ImageManager] Created image: 'WindowsLook/TabContentPaneLeft' (0x55d7364f0c10) of type: BasicImage
14/07/2020 00:09:17 (Std) 	[ImageManager] Created image: 'WindowsLook/TabContentPaneMiddle' (0x55d7364902e0) of type: BasicImage
14/07/2020 00:09:17 (Std) 	[ImageManager] Created image: 'WindowsLook/TabContentPaneRight' (0x55d736490720) of type: BasicImage
14/07/2020 00:09:17 (Std) 	[ImageManager] Created image: 'WindowsLook/TabContentPaneLower' (0x55d736490840) of type: BasicImage
14/07/2020 00:09:17 (Std) 	[ImageManager] Created image: 'WindowsLook/TabContentPaneLowerLeft' (0x55d736490b40) of type: BasicImage
14/07/2020 00:09:17 (Std) 	[ImageManager] Created image: 'WindowsLook/TabContentPaneLowerRight' (0x55d736490e90) of type: BasicImage
14/07/2020 00:09:17 (Std) 	[ImageManager] Created image: 'WindowsLook/TabButtonUpperLeftNormal' (0x55d7364910d0) of type: BasicImage
14/07/2020 00:09:17 (Std) 	[ImageManager] Created image: 'WindowsLook/TabButtonUpperNormal' (0x55d736490fb0) of type: BasicImage
14/07/2020 00:09:17 (Std) 	[ImageManager] Created image: 'WindowsLook/TabButtonUpperRightNormal' (0x55d736491510) of type: BasicImage
14/07/2020 00:09:17 (Std) 	[ImageManager] Created image: 'WindowsLook/TabButtonLeftNormal' (0x55d7364917c0) of type: BasicImage
14/07/2020 00:09:17 (Std) 	[ImageManager] Created image: 'WindowsLook/TabButtonMiddleNormal' (0x55d736491b00) of type: BasicImage
14/07/2020 00:09:17 (Std) 	[ImageManager] Created image: 'WindowsLook/TabButtonRightNormal' (0x55d736491f30) of type: BasicImage
14/07/2020 00:09:17 (Std) 	[ImageManager] Created image: 'WindowsLook/TabButtonLowerLeftNormal' (0x55d736492050) of type: BasicImage
14/07/2020 00:09:17 (Std) 	[ImageManager] Created image: 'WindowsLook/TabButtonLowerNormal' (0x55d736492380) of type: BasicImage
14/07/2020 00:09:17 (Std) 	[ImageManager] Created image: 'WindowsLook/TabButtonLowerRightNormal' (0x55d736492530) of type: BasicImage
14/07/2020 00:09:17 (Std) 	[ImageManager] Created image: 'WindowsLook/TabButtonUpperLeftSelected' (0x55d736492970) of type: BasicImage
14/07/2020 00:09:17 (Std) 	[ImageManager] Created image: 'WindowsLook/TabButtonUpperSelected' (0x55d736492cb0) of type: BasicImage
14/07/2020 00:09:17 (Std) 	[ImageManager] Created image: 'WindowsLook/TabButtonUpperRightSelected' (0x55d736492f60) of type: BasicImage
14/07/2020 00:09:17 (Std) 	[ImageManager] Created image: 'WindowsLook/TabButtonLeftSelected' (0x55d736493210) of type: BasicImage
14/07/2020 00:09:17 (Std) 	[ImageManager] Created image: 'WindowsLook/TabButtonMiddleSelected' (0x55d7364935a0) of type: BasicImage
14/07/2020 00:09:17 (Std) 	[ImageManager] Created image: 'WindowsLook/TabButtonRightSelected' (0x55d7364936c0) of type: BasicImage
14/07/2020 00:09:17 (Std) 	[ImageManager] Created image: 'WindowsLook/TabButtonLowerLeftSelected' (0x55d736493b20) of type: BasicImage
14/07/2020 00:09:17 (Std) 	[ImageManager] Created image: 'WindowsLook/TabButtonLowerSelected' (0x55d736493a00) of type: BasicImage
14/07/2020 00:09:17 (Std) 	[ImageManager] Created image: 'WindowsLook/TabButtonLowerRightSelected' (0x55d736493f70) of type: BasicImage
14/07/2020 00:09:17 (Std) 	[ImageManager] Created image: 'WindowsLook/TabButtonScrollLeftNormal' (0x55d736494220) of type: BasicImage
14/07/2020 00:09:17 (Std) 	[ImageManager] Created image: 'WindowsLook/TabButtonScrollRightNormal' (0x55d736494670) of type: BasicImage
14/07/2020 00:09:17 (Std) 	[ImageManager] Created image: 'WindowsLook/TabButtonScrollLeftHover' (0x55d736494790) of type: BasicImage
14/07/2020 00:09:17 (Std) 	[ImageManager] Created image: 'WindowsLook/TabButtonScrollRightHover' (0x55d736494a40) of type: BasicImage
14/07/2020 00:09:17 (Std) 	[ImageManager] Created image: 'WindowsLook/TooltipTopLeft' (0x55d736494cf0) of type: BasicImage
14/07/2020 00:09:17 (Std) 	[ImageManager] Created image: 'WindowsLook/TooltipTopRight' (0x55d736494fa0) of type: BasicImage
14/07/2020 00:09:17 (Std) 	[ImageManager] Created image: 'WindowsLook/TooltipBottomLeft' (0x55d736495430) of type: BasicImage
14/07/2020 00:09:17 (Std) 	[ImageManager] Created image: 'WindowsLook/TooltipBottomRight' (0x55d736495550) of type: BasicImage
14/07/2020 00:09:17 (Std) 	[ImageManager] Created image: 'WindowsLook/TooltipLeftEdge' (0x55d736495760) of type: BasicImage
14/07/2020 00:09:17 (Std) 	[ImageManager] Created image: 'WindowsLook/TooltipRightEdge' (0x55d736495970) of type: BasicImage
14/07/2020 00:09:17 (Std) 	[ImageManager] Created image: 'WindowsLook/TooltipTopEdge' (0x55d736495b80) of type: BasicImage
14/07/2020 00:09:17 (Std) 	[ImageManager] Created image: 'WindowsLook/TooltipBottomEdge' (0x55d736495f70) of type: BasicImage
14/07/2020 00:09:17 (Std) 	[ImageManager] Created image: 'WindowsLook/TooltipMiddle' (0x55d7364f37e0) of type: BasicImage
14/07/2020 00:09:17 (Std) 	[ImageManager] Created image: 'WindowsLook/MenuTopLeft' (0x55d7364f3ae0) of type: BasicImage
14/07/2020 00:09:17 (Std) 	[ImageManager] Created image: 'WindowsLook/MenuTopRight' (0x55d7364f3de0) of type: BasicImage
14/07/2020 00:09:17 (Std) 	[ImageManager] Created image: 'WindowsLook/MenuBottomLeft' (0x55d7364f3f00) of type: BasicImage
14/07/2020 00:09:17 (Std) 	[ImageManager] Created image: 'WindowsLook/MenuBottomRight' (0x55d7364f4110) of type: BasicImage
14/07/2020 00:09:17 (Std) 	[ImageManager] Created image: 'WindowsLook/MenuLeft' (0x55d7364f4230) of type: BasicImage
14/07/2020 00:09:17 (Std) 	[ImageManager] Created image: 'WindowsLook/MenuRight' (0x55d7364f4530) of type: BasicImage
14/07/2020 00:09:17 (Std) 	[ImageManager] Created image: 'WindowsLook/MenuTop' (0x55d7364f4650) of type: BasicImage
14/07/2020 00:09:17 (Std) 	[ImageManager] Created image: 'WindowsLook/MenuBottom' (0x55d7364f4860) of type: BasicImage
14/07/2020 00:09:17 (Std) 	[ImageManager] Created image: 'WindowsLook/PopupMenuFrameTopLeft' (0x55d7364f4980) of type: BasicImage
14/07/2020 00:09:17 (Std) 	[ImageManager] Created image: 'WindowsLook/PopupMenuFrameTopRight' (0x55d7364f4c80) of type: BasicImage
14/07/2020 00:09:17 (Std) 	[ImageManager] Created image: 'WindowsLook/PopupMenuFrameBottomLeft' (0x55d7364f4da0) of type: BasicImage
14/07/2020 00:09:17 (Std) 	[ImageManager] Created image: 'WindowsLook/PopupMenuFrameBottomRight' (0x55d7364f5090) of type: BasicImage
14/07/2020 00:09:17 (Std) 	[ImageManager] Created image: 'WindowsLook/PopupMenuFrameLeft' (0x55d7364f53e0) of type: BasicImage
14/07/2020 00:09:17 (Std) 	[ImageManager] Created image: 'WindowsLook/PopupMenuFrameRight' (0x55d7364f5730) of type: BasicImage
14/07/2020 00:09:17 (Std) 	[ImageManager] Created image: 'WindowsLook/PopupMenuFrameTop' (0x55d7364f5ad0) of type: BasicImage
14/07/2020 00:09:17 (Std) 	[ImageManager] Created image: 'WindowsLook/PopupMenuFrameBottom' (0x55d7364f5ce0) of type: BasicImage
14/07/2020 00:09:17 (Std) 	[ImageManager] Created image: 'WindowsLook/PopupMenuArrowRight' (0x55d7364f5f80) of type: BasicImage
14/07/2020 00:09:17 (Std) 	[ImageManager] Created image: 'WindowsLook/PopupMenuArrowLeft' (0x55d7364f60a0) of type: BasicImage
14/07/2020 00:09:17 (Std) 	[ImageManager] Created image: 'WindowsLook/MultiListSelectionBrush' (0x55d7364f6430) of type: BasicImage
14/07/2020 00:09:17 (Std) 	===== Falagard 'root' element: look and feel parsing begins =====
14/07/2020 00:09:17 (Std) 	===== Look and feel parsing completed =====
14/07/2020 00:09:17 (Std) 	No window renderer factories specified for module 'CEGUICoreWindowRendererSet' - adding all available factories...
14/07/2020 00:09:17 (Std) 	Created WindowRendererFactory for 'Core/Button' WindowRenderers.
14/07/2020 00:09:17 (Std) 	WindowRendererFactory 'Core/Button' added. (0x55d736484690)
14/07/2020 00:09:17 (Std) 	Created WindowRendererFactory for 'Core/Default' WindowRenderers.
14/07/2020 00:09:17 (Std) 	WindowRendererFactory 'Core/Default' added. (0x55d736484860)
14/07/2020 00:09:17 (Std) 	Created WindowRendererFactory for 'Core/Editbox' WindowRenderers.
14/07/2020 00:09:17 (Std) 	WindowRendererFactory 'Core/Editbox' added. (0x55d73658ab00)
14/07/2020 00:09:17 (Std) 	Created WindowRendererFactory for 'Core/FrameWindow' WindowRenderers.
14/07/2020 00:09:17 (Std) 	WindowRendererFactory 'Core/FrameWindow' added. (0x55d73658abc0)
14/07/2020 00:09:17 (Std) 	Created WindowRendererFactory for 'Core/ItemEntry' WindowRenderers.
14/07/2020 00:09:17 (Std) 	WindowRendererFactory 'Core/ItemEntry' added. (0x55d73658ac80)
14/07/2020 00:09:17 (Std) 	Created WindowRendererFactory for 'Core/ListHeader' WindowRenderers.
14/07/2020 00:09:17 (Std) 	WindowRendererFactory 'Core/ListHeader' added. (0x55d73658ae20)
14/07/2020 00:09:17 (Std) 	Created WindowRendererFactory for 'Core/ListHeaderSegment' WindowRenderers.
14/07/2020 00:09:17 (Std) 	WindowRendererFactory 'Core/ListHeaderSegment' added. (0x55d73658b0a0)
14/07/2020 00:09:17 (Std) 	Created WindowRendererFactory for 'Core/Listbox' WindowRenderers.
14/07/2020 00:09:17 (Std) 	WindowRendererFactory 'Core/Listbox' added. (0x55d73658b160)
14/07/2020 00:09:17 (Std) 	Created WindowRendererFactory for 'Core/Menubar' WindowRenderers.
14/07/2020 00:09:17 (Std) 	WindowRendererFactory 'Core/Menubar' added. (0x55d73658b220)
14/07/2020 00:09:17 (Std) 	Created WindowRendererFactory for 'Core/MenuItem' WindowRenderers.
14/07/2020 00:09:17 (Std) 	WindowRendererFactory 'Core/MenuItem' added. (0x55d736589ec0)
14/07/2020 00:09:17 (Std) 	Created WindowRendererFactory for 'Core/MultiColumnList' WindowRenderers.
14/07/2020 00:09:17 (Std) 	WindowRendererFactory 'Core/MultiColumnList' added. (0x55d73658a060)
14/07/2020 00:09:17 (Std) 	Created WindowRendererFactory for 'Core/MultiLineEditbox' WindowRenderers.
14/07/2020 00:09:17 (Std) 	WindowRendererFactory 'Core/MultiLineEditbox' added. (0x55d73658a200)
14/07/2020 00:09:17 (Std) 	Created WindowRendererFactory for 'Core/PopupMenu' WindowRenderers.
14/07/2020 00:09:17 (Std) 	WindowRendererFactory 'Core/PopupMenu' added. (0x55d73658a3a0)
14/07/2020 00:09:17 (Std) 	Created WindowRendererFactory for 'Core/ProgressBar' WindowRenderers.
14/07/2020 00:09:17 (Std) 	WindowRendererFactory 'Core/ProgressBar' added. (0x55d73658a620)
14/07/2020 00:09:17 (Std) 	Created WindowRendererFactory for 'Core/ScrollablePane' WindowRenderers.
14/07/2020 00:09:17 (Std) 	WindowRendererFactory 'Core/ScrollablePane' added. (0x55d7366ff6d0)
14/07/2020 00:09:17 (Std) 	Created WindowRendererFactory for 'Core/Scrollbar' WindowRenderers.
14/07/2020 00:09:17 (Std) 	WindowRendererFactory 'Core/Scrollbar' added. (0x55d7366ff790)
14/07/2020 00:09:17 (Std) 	Created WindowRendererFactory for 'Core/Slider' WindowRenderers.
14/07/2020 00:09:17 (Std) 	WindowRendererFactory 'Core/Slider' added. (0x55d7366ff850)
14/07/2020 00:09:17 (Std) 	Created WindowRendererFactory for 'Core/Static' WindowRenderers.
14/07/2020 00:09:17 (Std) 	WindowRendererFactory 'Core/Static' added. (0x55d7366ffad0)
14/07/2020 00:09:17 (Std) 	Created WindowRendererFactory for 'Core/StaticImage' WindowRenderers.
14/07/2020 00:09:17 (Std) 	WindowRendererFactory 'Core/StaticImage' added. (0x55d7366ffb90)
14/07/2020 00:09:17 (Std) 	Created WindowRendererFactory for 'Core/StaticText' WindowRenderers.
14/07/2020 00:09:17 (Std) 	WindowRendererFactory 'Core/StaticText' added. (0x55d7366ffe40)
14/07/2020 00:09:17 (Std) 	Created WindowRendererFactory for 'Core/TabButton' WindowRenderers.
14/07/2020 00:09:17 (Std) 	WindowRendererFactory 'Core/TabButton' added. (0x55d7367001a0)
14/07/2020 00:09:17 (Std) 	Created WindowRendererFactory for 'Core/TabControl' WindowRenderers.
14/07/2020 00:09:17 (Std) 	WindowRendererFactory 'Core/TabControl' added. (0x55d736700260)
14/07/2020 00:09:17 (Std) 	Created WindowRendererFactory for 'Core/Titlebar' WindowRenderers.
14/07/2020 00:09:17 (Std) 	WindowRendererFactory 'Core/Titlebar' added. (0x55d736704a50)
14/07/2020 00:09:17 (Std) 	Created WindowRendererFactory for 'Core/ToggleButton' WindowRenderers.
14/07/2020 00:09:17 (Std) 	WindowRendererFactory 'Core/ToggleButton' added. (0x55d736704b10)
14/07/2020 00:09:17 (Std) 	Created WindowRendererFactory for 'Core/Tooltip' WindowRenderers.
14/07/2020 00:09:17 (Std) 	WindowRendererFactory 'Core/Tooltip' added. (0x55d736704bd0)
14/07/2020 00:09:17 (Std) 	Created WindowRendererFactory for 'Core/ItemListbox' WindowRenderers.
14/07/2020 00:09:17 (Std) 	WindowRendererFactory 'Core/ItemListbox' added. (0x55d736704e50)
14/07/2020 00:09:17 (Std) 	Created WindowRendererFactory for 'Core/Tree' WindowRenderers.
14/07/2020 00:09:17 (Std) 	WindowRendererFactory 'Core/Tree' added. (0x55d736704f10)
14/07/2020 00:09:17 (Std) 	Creating falagard mapping for type 'WindowsLook/Label' using base type 'DefaultWindow', window renderer 'Core/Default' Look'N'Feel 'WindowsLook/Label' and RenderEffect ''. (0x7ffc250cf230)
14/07/2020 00:09:17 (Std) 	Creating falagard mapping for type 'WindowsLook/Button' using base type 'CEGUI/PushButton', window renderer 'Core/Button' Look'N'Feel 'WindowsLook/Button' and RenderEffect ''. (0x7ffc250cf230)
14/07/2020 00:09:17 (Std) 	Creating falagard mapping for type 'WindowsLook/Checkbox' using base type 'CEGUI/ToggleButton', window renderer 'Core/ToggleButton' Look'N'Feel 'WindowsLook/Checkbox' and RenderEffect ''. (0x7ffc250cf230)
14/07/2020 00:09:17 (Std) 	Creating falagard mapping for type 'WindowsLook/IconButton' using base type 'CEGUI/PushButton', window renderer 'Core/Button' Look'N'Feel 'WindowsLook/IconButton' and RenderEffect ''. (0x7ffc250cf230)
14/07/2020 00:09:17 (Std) 	Creating falagard mapping for type 'WindowsLook/RadioButton' using base type 'CEGUI/RadioButton', window renderer 'Core/ToggleButton' Look'N'Feel 'WindowsLook/RadioButton' and RenderEffect ''. (0x7ffc250cf230)
14/07/2020 00:09:17 (Std) 	Creating falagard mapping for type 'WindowsLook/FrameWindow' using base type 'CEGUI/FrameWindow', window renderer 'Core/FrameWindow' Look'N'Feel 'WindowsLook/FrameWindow' and RenderEffect ''. (0x7ffc250cf230)
14/07/2020 00:09:17 (Std) 	Creating falagard mapping for type 'WindowsLook/Titlebar' using base type 'CEGUI/Titlebar', window renderer 'Core/Titlebar' Look'N'Feel 'WindowsLook/Titlebar' and RenderEffect ''. (0x7ffc250cf230)
14/07/2020 00:09:17 (Std) 	Creating falagard mapping for type 'WindowsLook/SystemButton' using base type 'CEGUI/PushButton', window renderer 'Core/Button' Look'N'Feel 'WindowsLook/SystemButton' and RenderEffect ''. (0x7ffc250cf230)
14/07/2020 00:09:17 (Std) 	Creating falagard mapping for type 'WindowsLook/Editbox' using base type 'CEGUI/Editbox', window renderer 'Core/Editbox' Look'N'Feel 'WindowsLook/Editbox' and RenderEffect ''. (0x7ffc250cf230)
14/07/2020 00:09:17 (Std) 	Creating falagard mapping for type 'WindowsLook/MultiLineEditbox' using base type 'CEGUI/MultiLineEditbox', window renderer 'Core/MultiLineEditbox' Look'N'Feel 'WindowsLook/MultiLineEditbox' and RenderEffect ''. (0x7ffc250cf230)
14/07/2020 00:09:17 (Std) 	Creating falagard mapping for type 'WindowsLook/Menubar' using base type 'CEGUI/Menubar', window renderer 'Core/Menubar' Look'N'Feel 'WindowsLook/Menubar' and RenderEffect ''. (0x7ffc250cf230)
14/07/2020 00:09:17 (Std) 	Creating falagard mapping for type 'WindowsLook/PopupMenu' using base type 'CEGUI/PopupMenu', window renderer 'Core/PopupMenu' Look'N'Feel 'WindowsLook/PopupMenu' and RenderEffect ''. (0x7ffc250cf230)
14/07/2020 00:09:17 (Std) 	Creating falagard mapping for type 'WindowsLook/MenuItem' using base type 'CEGUI/MenuItem', window renderer 'Core/MenuItem' Look'N'Feel 'WindowsLook/MenuItem' and RenderEffect ''. (0x7ffc250cf230)
14/07/2020 00:09:17 (Std) 	Creating falagard mapping for type 'WindowsLook/ProgressBar' using base type 'CEGUI/ProgressBar', window renderer 'Core/ProgressBar' Look'N'Feel 'WindowsLook/ProgressBar' and RenderEffect ''. (0x7ffc250cf230)
14/07/2020 00:09:17 (Std) 	Creating falagard mapping for type 'WindowsLook/VerticalScrollbar' using base type 'CEGUI/Scrollbar', window renderer 'Core/Scrollbar' Look'N'Feel 'WindowsLook/VerticalScrollbar' and RenderEffect ''. (0x7ffc250cf230)
14/07/2020 00:09:17 (Std) 	Creating falagard mapping for type 'WindowsLook/HorizontalScrollbar' using base type 'CEGUI/Scrollbar', window renderer 'Core/Scrollbar' Look'N'Feel 'WindowsLook/HorizontalScrollbar' and RenderEffect ''. (0x7ffc250cf230)
14/07/2020 00:09:17 (Std) 	Creating falagard mapping for type 'WindowsLook/VerticalScrollbarThumb' using base type 'CEGUI/Thumb', window renderer 'Core/Button' Look'N'Feel 'WindowsLook/VerticalScrollbarThumb' and RenderEffect ''. (0x7ffc250cf230)
14/07/2020 00:09:17 (Std) 	Creating falagard mapping for type 'WindowsLook/HorizontalScrollbarThumb' using base type 'CEGUI/Thumb', window renderer 'Core/Button' Look'N'Feel 'WindowsLook/HorizontalScrollbarThumb' and RenderEffect ''. (0x7ffc250cf230)
14/07/2020 00:09:17 (Std) 	Creating falagard mapping for type 'WindowsLook/TabButton' using base type 'CEGUI/TabButton', window renderer 'Core/TabButton' Look'N'Feel 'WindowsLook/TabButton' and RenderEffect ''. (0x7ffc250cf230)
14/07/2020 00:09:17 (Std) 	Creating falagard mapping for type 'WindowsLook/TabControl' using base type 'CEGUI/TabControl', window renderer 'Core/TabControl' Look'N'Feel 'WindowsLook/TabControl' and RenderEffect ''. (0x7ffc250cf230)
14/07/2020 00:09:17 (Std) 	Creating falagard mapping for type 'WindowsLook/TabContentPane' using base type 'DefaultWindow', window renderer 'Core/Default' Look'N'Feel 'WindowsLook/TabContentPane' and RenderEffect ''. (0x7ffc250cf230)
14/07/2020 00:09:17 (Std) 	Creating falagard mapping for type 'WindowsLook/TabButtonPane' using base type 'DefaultWindow', window renderer 'Core/Default' Look'N'Feel 'WindowsLook/TabButtonPane' and RenderEffect ''. (0x7ffc250cf230)
14/07/2020 00:09:17 (Std) 	Creating falagard mapping for type 'WindowsLook/ComboDropList' using base type 'CEGUI/ComboDropList', window renderer 'Core/Listbox' Look'N'Feel 'WindowsLook/ComboDropList' and RenderEffect ''. (0x7ffc250cf230)
14/07/2020 00:09:17 (Std) 	Creating falagard mapping for type 'WindowsLook/Combobox' using base type 'CEGUI/Combobox', window renderer 'Core/Default' Look'N'Feel 'WindowsLook/Combobox' and RenderEffect ''. (0x7ffc250cf230)
14/07/2020 00:09:17 (Std) 	Creating falagard mapping for type 'WindowsLook/Listbox' using base type 'CEGUI/Listbox', window renderer 'Core/Listbox' Look'N'Feel 'WindowsLook/Listbox' and RenderEffect ''. (0x7ffc250cf230)
14/07/2020 00:09:17 (Std) 	Creating falagard mapping for type 'WindowsLook/ListHeader' using base type 'CEGUI/ListHeader', window renderer 'Core/ListHeader' Look'N'Feel 'WindowsLook/ListHeader' and RenderEffect ''. (0x7ffc250cf230)
14/07/2020 00:09:17 (Std) 	Creating falagard mapping for type 'WindowsLook/ListHeaderSegment' using base type 'CEGUI/ListHeaderSegment', window renderer 'Core/ListHeaderSegment' Look'N'Feel 'WindowsLook/ListHeaderSegment' and RenderEffect ''. (0x7ffc250cf230)
14/07/2020 00:09:17 (Std) 	Creating falagard mapping for type 'WindowsLook/MultiColumnList' using base type 'CEGUI/MultiColumnList', window renderer 'Core/MultiColumnList' Look'N'Feel 'WindowsLook/MultiColumnList' and RenderEffect ''. (0x7ffc250cf230)
14/07/2020 00:09:17 (Std) 	Creating falagard mapping for type 'WindowsLook/Slider' using base type 'CEGUI/Slider', window renderer 'Core/Slider' Look'N'Feel 'WindowsLook/Slider' and RenderEffect ''. (0x7ffc250cf230)
14/07/2020 00:09:17 (Std) 	Creating falagard mapping for type 'WindowsLook/SliderThumb' using base type 'CEGUI/Thumb', window renderer 'Core/Button' Look'N'Feel 'WindowsLook/SliderThumb' and RenderEffect ''. (0x7ffc250cf230)
14/07/2020 00:09:17 (Std) 	Creating falagard mapping for type 'WindowsLook/ScrollablePane' using base type 'CEGUI/ScrollablePane', window renderer 'Core/ScrollablePane' Look'N'Feel 'WindowsLook/ScrollablePane' and RenderEffect ''. (0x7ffc250cf230)
14/07/2020 00:09:17 (Std) 	Creating falagard mapping for type 'WindowsLook/Spinner' using base type 'CEGUI/Spinner', window renderer 'Core/Default' Look'N'Feel 'WindowsLook/Spinner' and RenderEffect ''. (0x7ffc250cf230)
14/07/2020 00:09:17 (Std) 	Creating falagard mapping for type 'WindowsLook/Tooltip' using base type 'CEGUI/Tooltip', window renderer 'Core/Tooltip' Look'N'Feel 'WindowsLook/Tooltip' and RenderEffect ''. (0x7ffc250cf230)
14/07/2020 00:09:17 (Std) 	Creating falagard mapping for type 'WindowsLook/Static' using base type 'DefaultWindow', window renderer 'Core/Static' Look'N'Feel 'WindowsLook/Static' and RenderEffect ''. (0x7ffc250cf230)
14/07/2020 00:09:17 (Std) 	Creating falagard mapping for type 'WindowsLook/StaticImage' using base type 'DefaultWindow', window renderer 'Core/StaticImage' Look'N'Feel 'WindowsLook/StaticImage' and RenderEffect ''. (0x7ffc250cf230)
14/07/2020 00:09:17 (Std) 	Creating falagard mapping for type 'WindowsLook/StaticText' using base type 'DefaultWindow', window renderer 'Core/StaticText' Look'N'Feel 'WindowsLook/StaticText' and RenderEffect ''. (0x7ffc250cf230)
14/07/2020 00:09:17 (Std) 	Creating falagard mapping for type 'WindowsLook/ItemListbox' using base type 'CEGUI/ItemListbox', window renderer 'Core/ItemListbox' Look'N'Feel 'WindowsLook/ItemListbox' and RenderEffect ''. (0x7ffc250cf230)
14/07/2020 00:09:17 (Std) 	Creating falagard mapping for type 'WindowsLook/ListboxItem' using base type 'CEGUI/ItemEntry', window renderer 'Core/ItemEntry' Look'N'Feel 'WindowsLook/ListboxItem' and RenderEffect ''. (0x7ffc250cf230)
14/07/2020 00:09:17 (Std) 	---- Returning existing instance of Font named 'DejaVuSans-12'.
14/07/2020 00:09:17 (Std) 	[OpenGLRenderer] Created texture: _ogl_tt_tex_0
14/07/2020 00:09:17 (Std) 	[OpenGLRenderer] Created texture: _ogl_tt_tex_1
14/07/2020 00:09:17 (Std) 	[OpenGLRenderer] Created texture: _ogl_tt_tex_2
14/07/2020 00:09:17 (Std) 	[OpenGLRenderer] Created texture: DejaVuSans-12_auto_glyph_images_32
