08/06/2020 01:31:12 (Std) 	+-+-+-+-+-+-+-+-+-+-+-+-+-+-+-+-+-+-+-+-+-+-+-+-+-+-+-+-+-+-+-+-+-+-+-+-+-+-+-+
08/06/2020 01:31:12 (Std) 	+                     Crazy Eddie's GUI System - Event log                    +
08/06/2020 01:31:12 (Std) 	+                          (http://www.cegui.org.uk/)                         +
08/06/2020 01:31:12 (Std) 	+-+-+-+-+-+-+-+-+-+-+-+-+-+-+-+-+-+-+-+-+-+-+-+-+-+-+-+-+-+-+-+-+-+-+-+-+-+-+-+

08/06/2020 01:31:12 (Std) 	CEGUI::Logger singleton created. (0x2b0ded0)
08/06/2020 01:31:12 (Std) 	
08/06/2020 01:31:12 (Std) 	********************************************************************************
08/06/2020 01:31:12 (Std) 	* Important:                                                                   *
08/06/2020 01:31:12 (Std) 	*     To get support at the CEGUI forums, you must post _at least_ the section *
08/06/2020 01:31:12 (Std) 	*     of this log file indicated below.  Failure to do this will result in no  *
08/06/2020 01:31:12 (Std) 	*     support being given; please do not waste our time.                       *
08/06/2020 01:31:12 (Std) 	********************************************************************************
08/06/2020 01:31:12 (Std) 	********************************************************************************
08/06/2020 01:31:12 (Std) 	* -------- START OF ESSENTIAL SECTION TO BE POSTED ON THE FORUM       -------- *
08/06/2020 01:31:12 (Std) 	********************************************************************************
08/06/2020 01:31:12 (Std) 	---- Version: 0.8.7 (Build: Oct 17 2018 GNU/Linux g++ 5.4.0 20160609 64 bit) ----
08/06/2020 01:31:12 (Std) 	---- Renderer module is: CEGUI::OpenGL3Renderer - Official OpenGL 3.2 core based renderer module.  TextureTarget support enabled via FBO OGL 3.2 core implementation. ----
08/06/2020 01:31:12 (Std) 	---- XML Parser module is: CEGUI::ExpatParser - Official expat based parser module for CEGUI ----
08/06/2020 01:31:12 (Std) 	---- Image Codec module is: SILLYImageCodec - Official SILLY based image codec ----
08/06/2020 01:31:12 (Std) 	---- Scripting module is: None ----
08/06/2020 01:31:12 (Std) 	********************************************************************************
08/06/2020 01:31:12 (Std) 	* -------- END OF ESSENTIAL SECTION TO BE POSTED ON THE FORUM         -------- *
08/06/2020 01:31:12 (Std) 	********************************************************************************
08/06/2020 01:31:12 (Std) 	
08/06/2020 01:31:12 (Std) 	---- Begining CEGUI System initialisation ----
08/06/2020 01:31:12 (Std) 	[CEGUI::ImageManager] Singleton created (0x26739e0)
08/06/2020 01:31:12 (Std) 	[CEGUI::ImageManager] Registered Image type: BasicImage
08/06/2020 01:31:12 (Std) 	CEGUI::FontManager singleton created. (0x266e860)
08/06/2020 01:31:12 (Std) 	CEGUI::WindowFactoryManager singleton created
08/06/2020 01:31:12 (Std) 	CEGUI::WindowManager singleton created (0x2672bc0)
08/06/2020 01:31:12 (Std) 	CEGUI::SchemeManager singleton created. (0x2b0bc50)
08/06/2020 01:31:12 (Std) 	CEGUI::GlobalEventSet singleton created. (0x266d0c0)
08/06/2020 01:31:12 (Std) 	CEGUI::AnimationManager singleton created (0x2afcd50)
08/06/2020 01:31:12 (Std) 	CEGUI::WidgetLookManager singleton created. (0x2b0c590)
08/06/2020 01:31:12 (Std) 	CEGUI::WindowRendererManager singleton created (0x269dea0)
08/06/2020 01:31:12 (Std) 	CEGUI::RenderEffectManager singleton created (0x266ec10)
08/06/2020 01:31:12 (Std) 	Created WindowFactory for 'DefaultWindow' windows.
08/06/2020 01:31:12 (Std) 	WindowFactory for 'DefaultWindow' windows added. (0x2b15020)
08/06/2020 01:31:12 (Std) 	Created WindowFactory for 'DragContainer' windows.
08/06/2020 01:31:12 (Std) 	WindowFactory for 'DragContainer' windows added. (0x2b151c0)
08/06/2020 01:31:12 (Std) 	Created WindowFactory for 'ScrolledContainer' windows.
08/06/2020 01:31:12 (Std) 	WindowFactory for 'ScrolledContainer' windows added. (0x2b15360)
08/06/2020 01:31:12 (Std) 	Created WindowFactory for 'ClippedContainer' windows.
08/06/2020 01:31:12 (Std) 	WindowFactory for 'ClippedContainer' windows added. (0x2b15500)
08/06/2020 01:31:12 (Std) 	Created WindowFactory for 'CEGUI/PushButton' windows.
08/06/2020 01:31:12 (Std) 	WindowFactory for 'CEGUI/PushButton' windows added. (0x2b156a0)
08/06/2020 01:31:12 (Std) 	Created WindowFactory for 'CEGUI/RadioButton' windows.
08/06/2020 01:31:12 (Std) 	WindowFactory for 'CEGUI/RadioButton' windows added. (0x2b15840)
08/06/2020 01:31:12 (Std) 	Created WindowFactory for 'CEGUI/Combobox' windows.
08/06/2020 01:31:12 (Std) 	WindowFactory for 'CEGUI/Combobox' windows added. (0x2b159e0)
08/06/2020 01:31:12 (Std) 	Created WindowFactory for 'CEGUI/ComboDropList' windows.
08/06/2020 01:31:12 (Std) 	WindowFactory for 'CEGUI/ComboDropList' windows added. (0x2b15b80)
08/06/2020 01:31:12 (Std) 	Created WindowFactory for 'CEGUI/Editbox' windows.
08/06/2020 01:31:12 (Std) 	WindowFactory for 'CEGUI/Editbox' windows added. (0x2b15d20)
08/06/2020 01:31:12 (Std) 	Created WindowFactory for 'CEGUI/FrameWindow' windows.
08/06/2020 01:31:12 (Std) 	WindowFactory for 'CEGUI/FrameWindow' windows added. (0x2b15ec0)
08/06/2020 01:31:12 (Std) 	Created WindowFactory for 'CEGUI/ItemEntry' windows.
08/06/2020 01:31:12 (Std) 	WindowFactory for 'CEGUI/ItemEntry' windows added. (0x2b16060)
08/06/2020 01:31:12 (Std) 	Created WindowFactory for 'CEGUI/Listbox' windows.
08/06/2020 01:31:12 (Std) 	WindowFactory for 'CEGUI/Listbox' windows added. (0x2b16200)
08/06/2020 01:31:12 (Std) 	Created WindowFactory for 'CEGUI/ListHeader' windows.
08/06/2020 01:31:12 (Std) 	WindowFactory for 'CEGUI/ListHeader' windows added. (0x2b163a0)
08/06/2020 01:31:12 (Std) 	Created WindowFactory for 'CEGUI/ListHeaderSegment' windows.
08/06/2020 01:31:12 (Std) 	WindowFactory for 'CEGUI/ListHeaderSegment' windows added. (0x2b10c20)
08/06/2020 01:31:12 (Std) 	Created WindowFactory for 'CEGUI/Menubar' windows.
08/06/2020 01:31:12 (Std) 	WindowFactory for 'CEGUI/Menubar' windows added. (0x2b10dc0)
08/06/2020 01:31:12 (Std) 	Created WindowFactory for 'CEGUI/PopupMenu' windows.
08/06/2020 01:31:12 (Std) 	WindowFactory for 'CEGUI/PopupMenu' windows added. (0x2b10f60)
08/06/2020 01:31:12 (Std) 	Created WindowFactory for 'CEGUI/MenuItem' windows.
08/06/2020 01:31:12 (Std) 	WindowFactory for 'CEGUI/MenuItem' windows added. (0x2b11100)
08/06/2020 01:31:12 (Std) 	Created WindowFactory for 'CEGUI/MultiColumnList' windows.
08/06/2020 01:31:12 (Std) 	WindowFactory for 'CEGUI/MultiColumnList' windows added. (0x2b113b0)
08/06/2020 01:31:12 (Std) 	Created WindowFactory for 'CEGUI/MultiLineEditbox' windows.
08/06/2020 01:31:12 (Std) 	WindowFactory for 'CEGUI/MultiLineEditbox' windows added. (0x2b11550)
08/06/2020 01:31:12 (Std) 	Created WindowFactory for 'CEGUI/ProgressBar' windows.
08/06/2020 01:31:12 (Std) 	WindowFactory for 'CEGUI/ProgressBar' windows added. (0x2b116f0)
08/06/2020 01:31:12 (Std) 	Created WindowFactory for 'CEGUI/ScrollablePane' windows.
08/06/2020 01:31:12 (Std) 	WindowFactory for 'CEGUI/ScrollablePane' windows added. (0x2b11890)
08/06/2020 01:31:12 (Std) 	Created WindowFactory for 'CEGUI/Scrollbar' windows.
08/06/2020 01:31:12 (Std) 	WindowFactory for 'CEGUI/Scrollbar' windows added. (0x2b11a30)
08/06/2020 01:31:12 (Std) 	Created WindowFactory for 'CEGUI/Slider' windows.
08/06/2020 01:31:12 (Std) 	WindowFactory for 'CEGUI/Slider' windows added. (0x2b11bd0)
08/06/2020 01:31:12 (Std) 	Created WindowFactory for 'CEGUI/Spinner' windows.
08/06/2020 01:31:12 (Std) 	WindowFactory for 'CEGUI/Spinner' windows added. (0x2b11d70)
08/06/2020 01:31:12 (Std) 	Created WindowFactory for 'CEGUI/TabButton' windows.
08/06/2020 01:31:12 (Std) 	WindowFactory for 'CEGUI/TabButton' windows added. (0x2b11f10)
08/06/2020 01:31:12 (Std) 	Created WindowFactory for 'CEGUI/TabControl' windows.
08/06/2020 01:31:12 (Std) 	WindowFactory for 'CEGUI/TabControl' windows added. (0x2b120b0)
08/06/2020 01:31:12 (Std) 	Created WindowFactory for 'CEGUI/Thumb' windows.
08/06/2020 01:31:12 (Std) 	WindowFactory for 'CEGUI/Thumb' windows added. (0x2b12250)
08/06/2020 01:31:12 (Std) 	Created WindowFactory for 'CEGUI/Titlebar' windows.
08/06/2020 01:31:12 (Std) 	WindowFactory for 'CEGUI/Titlebar' windows added. (0x2b123f0)
08/06/2020 01:31:12 (Std) 	Created WindowFactory for 'CEGUI/ToggleButton' windows.
08/06/2020 01:31:12 (Std) 	WindowFactory for 'CEGUI/ToggleButton' windows added. (0x2b17910)
08/06/2020 01:31:12 (Std) 	Created WindowFactory for 'CEGUI/Tooltip' windows.
08/06/2020 01:31:12 (Std) 	WindowFactory for 'CEGUI/Tooltip' windows added. (0x2b17ab0)
08/06/2020 01:31:12 (Std) 	Created WindowFactory for 'CEGUI/ItemListbox' windows.
08/06/2020 01:31:12 (Std) 	WindowFactory for 'CEGUI/ItemListbox' windows added. (0x2b17c50)
08/06/2020 01:31:12 (Std) 	Created WindowFactory for 'CEGUI/GroupBox' windows.
08/06/2020 01:31:12 (Std) 	WindowFactory for 'CEGUI/GroupBox' windows added. (0x2b17df0)
08/06/2020 01:31:12 (Std) 	Created WindowFactory for 'CEGUI/Tree' windows.
08/06/2020 01:31:12 (Std) 	WindowFactory for 'CEGUI/Tree' windows added. (0x2b17f90)
08/06/2020 01:31:12 (Std) 	Created WindowFactory for 'LayoutCell' windows.
08/06/2020 01:31:12 (Std) 	WindowFactory for 'LayoutCell' windows added. (0x2b112a0)
08/06/2020 01:31:12 (Std) 	Created WindowFactory for 'HorizontalLayoutContainer' windows.
08/06/2020 01:31:12 (Std) 	WindowFactory for 'HorizontalLayoutContainer' windows added. (0x2b18420)
08/06/2020 01:31:12 (Std) 	Created WindowFactory for 'VerticalLayoutContainer' windows.
08/06/2020 01:31:12 (Std) 	WindowFactory for 'VerticalLayoutContainer' windows added. (0x2b185c0)
08/06/2020 01:31:12 (Std) 	Created WindowFactory for 'GridLayoutContainer' windows.
08/06/2020 01:31:12 (Std) 	WindowFactory for 'GridLayoutContainer' windows added. (0x2b18760)
08/06/2020 01:31:12 (Std) 	CEGUI::System singleton created. (0x266e5c0)
08/06/2020 01:31:12 (Std) 	---- CEGUI System initialisation completed ----
08/06/2020 01:31:12 (Std) 	
08/06/2020 01:31:12 (Std) 	Started creation of Scheme from XML specification:
08/06/2020 01:31:12 (Std) 	---- CEGUI GUIScheme name: WindowsLookSkin
08/06/2020 01:31:12 (Std) 	[ImageManager] Started creation of Imageset from XML specification:
08/06/2020 01:31:12 (Std) 	[ImageManager] ---- CEGUI Imageset name: WindowsLook
08/06/2020 01:31:12 (Std) 	[ImageManager] ---- Source texture file: WindowsLook.png
08/06/2020 01:31:12 (Std) 	[ImageManager] ---- Source texture resource group: (Default)
08/06/2020 01:31:12 (Std) 	[OpenGLRenderer] Created texture: WindowsLook
08/06/2020 01:31:12 (Std) 	[ImageManager] Created image: 'WindowsLook/Background' (0x2b99720) of type: BasicImage
08/06/2020 01:31:12 (Std) 	[ImageManager] Created image: 'WindowsLook/WindowFrameLeft' (0x2b26610) of type: BasicImage
08/06/2020 01:31:12 (Std) 	[ImageManager] Created image: 'WindowsLook/WindowFrameRight' (0x2b99080) of type: BasicImage
08/06/2020 01:31:12 (Std) 	[ImageManager] Created image: 'WindowsLook/WindowFrameTop' (0x2b91500) of type: BasicImage
08/06/2020 01:31:12 (Std) 	[ImageManager] Created image: 'WindowsLook/WindowFrameBottom' (0x2b2f580) of type: BasicImage
08/06/2020 01:31:12 (Std) 	[ImageManager] Created image: 'WindowsLook/WindowFrameTopLeft' (0x2b2f790) of type: BasicImage
08/06/2020 01:31:12 (Std) 	[ImageManager] Created image: 'WindowsLook/WindowFrameTopRight' (0x2b2f9a0) of type: BasicImage
08/06/2020 01:31:12 (Std) 	[ImageManager] Created image: 'WindowsLook/WindowFrameBottomLeft' (0x2b2fd40) of type: BasicImage
08/06/2020 01:31:12 (Std) 	[ImageManager] Created image: 'WindowsLook/WindowFrameBottomRight' (0x2b30100) of type: BasicImage
08/06/2020 01:31:12 (Std) 	[ImageManager] Created image: 'WindowsLook/ButtonNormalLeft' (0x2b30590) of type: BasicImage
08/06/2020 01:31:12 (Std) 	[ImageManager] Created image: 'WindowsLook/ButtonNormalRight' (0x2b97550) of type: BasicImage
08/06/2020 01:31:12 (Std) 	[ImageManager] Created image: 'WindowsLook/ButtonNormalTop' (0x2b97760) of type: BasicImage
08/06/2020 01:31:12 (Std) 	[ImageManager] Created image: 'WindowsLook/ButtonNormalBottom' (0x2b97970) of type: BasicImage
08/06/2020 01:31:12 (Std) 	[ImageManager] Created image: 'WindowsLook/ButtonNormalTopLeft' (0x2b97b80) of type: BasicImage
08/06/2020 01:31:12 (Std) 	[ImageManager] Created image: 'WindowsLook/ButtonNormalTopRight' (0x2b97d90) of type: BasicImage
08/06/2020 01:31:12 (Std) 	[ImageManager] Created image: 'WindowsLook/ButtonNormalBottomLeft' (0x2b98150) of type: BasicImage
08/06/2020 01:31:12 (Std) 	[ImageManager] Created image: 'WindowsLook/ButtonNormalBottomRight' (0x2b984a0) of type: BasicImage
08/06/2020 01:31:12 (Std) 	[ImageManager] Created image: 'WindowsLook/ButtonPushedLeft' (0x2b987f0) of type: BasicImage
08/06/2020 01:31:12 (Std) 	[ImageManager] Created image: 'WindowsLook/ButtonPushedRight' (0x2b98ef0) of type: BasicImage
08/06/2020 01:31:12 (Std) 	[ImageManager] Created image: 'WindowsLook/ButtonPushedTop' (0x2b93560) of type: BasicImage
08/06/2020 01:31:12 (Std) 	[ImageManager] Created image: 'WindowsLook/ButtonPushedBottom' (0x2b93770) of type: BasicImage
08/06/2020 01:31:12 (Std) 	[ImageManager] Created image: 'WindowsLook/ButtonPushedTopLeft' (0x2b93980) of type: BasicImage
08/06/2020 01:31:12 (Std) 	[ImageManager] Created image: 'WindowsLook/ButtonPushedTopRight' (0x2b93b90) of type: BasicImage
08/06/2020 01:31:12 (Std) 	[ImageManager] Created image: 'WindowsLook/ButtonPushedBottomLeft' (0x2b93f50) of type: BasicImage
08/06/2020 01:31:12 (Std) 	[ImageManager] Created image: 'WindowsLook/ButtonPushedBottomRight' (0x2b942a0) of type: BasicImage
08/06/2020 01:31:12 (Std) 	[ImageManager] Created image: 'WindowsLook/ButtonHoverLeft' (0x2b945f0) of type: BasicImage
08/06/2020 01:31:12 (Std) 	[ImageManager] Created image: 'WindowsLook/ButtonHoverRight' (0x2b94800) of type: BasicImage
08/06/2020 01:31:12 (Std) 	[ImageManager] Created image: 'WindowsLook/ButtonHoverTop' (0x2b94a10) of type: BasicImage
08/06/2020 01:31:12 (Std) 	[ImageManager] Created image: 'WindowsLook/ButtonHoverBottom' (0x2b94c20) of type: BasicImage
08/06/2020 01:31:12 (Std) 	[ImageManager] Created image: 'WindowsLook/ButtonHoverTopLeft' (0x2b94e30) of type: BasicImage
08/06/2020 01:31:12 (Std) 	[ImageManager] Created image: 'WindowsLook/ButtonHoverTopRight' (0x2b95040) of type: BasicImage
08/06/2020 01:31:12 (Std) 	[ImageManager] Created image: 'WindowsLook/ButtonHoverBottomLeft' (0x2b95250) of type: BasicImage
08/06/2020 01:31:12 (Std) 	[ImageManager] Created image: 'WindowsLook/ButtonHoverBottomRight' (0x2b95580) of type: BasicImage
08/06/2020 01:31:12 (Std) 	[ImageManager] Created image: 'WindowsLook/EditFrameLeft' (0x2b958d0) of type: BasicImage
08/06/2020 01:31:12 (Std) 	[ImageManager] Created image: 'WindowsLook/EditFrameRight' (0x2b95ae0) of type: BasicImage
08/06/2020 01:31:12 (Std) 	[ImageManager] Created image: 'WindowsLook/EditFrameTop' (0x2b95cf0) of type: BasicImage
08/06/2020 01:31:12 (Std) 	[ImageManager] Created image: 'WindowsLook/EditFrameBottom' (0x2b95f00) of type: BasicImage
08/06/2020 01:31:12 (Std) 	[ImageManager] Created image: 'WindowsLook/EditFrameTopLeft' (0x2b96110) of type: BasicImage
08/06/2020 01:31:12 (Std) 	[ImageManager] Created image: 'WindowsLook/EditFrameTopRight' (0x2b96320) of type: BasicImage
08/06/2020 01:31:12 (Std) 	[ImageManager] Created image: 'WindowsLook/EditFrameBottomLeft' (0x2b96530) of type: BasicImage
08/06/2020 01:31:12 (Std) 	[ImageManager] Created image: 'WindowsLook/EditFrameBottomRight' (0x2b96740) of type: BasicImage
08/06/2020 01:31:12 (Std) 	[ImageManager] Created image: 'WindowsLook/StaticFrameLeft' (0x2b96a70) of type: BasicImage
08/06/2020 01:31:12 (Std) 	[ImageManager] Created image: 'WindowsLook/StaticFrameRight' (0x2b96c80) of type: BasicImage
08/06/2020 01:31:12 (Std) 	[ImageManager] Created image: 'WindowsLook/StaticFrameTop' (0x2b96e90) of type: BasicImage
08/06/2020 01:31:12 (Std) 	[ImageManager] Created image: 'WindowsLook/StaticFrameBottom' (0x2b970a0) of type: BasicImage
08/06/2020 01:31:12 (Std) 	[ImageManager] Created image: 'WindowsLook/StaticFrameTopLeft' (0x2b99ac0) of type: BasicImage
08/06/2020 01:31:12 (Std) 	[ImageManager] Created image: 'WindowsLook/StaticFrameTopRight' (0x2b99cd0) of type: BasicImage
08/06/2020 01:31:12 (Std) 	[ImageManager] Created image: 'WindowsLook/StaticFrameBottomLeft' (0x2b99ee0) of type: BasicImage
08/06/2020 01:31:12 (Std) 	[ImageManager] Created image: 'WindowsLook/StaticFrameBottomRight' (0x2b9a210) of type: BasicImage
08/06/2020 01:31:12 (Std) 	[ImageManager] Created image: 'WindowsLook/CloseButtonNormal' (0x2b9a560) of type: BasicImage
08/06/2020 01:31:12 (Std) 	[ImageManager] Created image: 'WindowsLook/CloseButtonHover' (0x2b9a770) of type: BasicImage
08/06/2020 01:31:12 (Std) 	[ImageManager] Created image: 'WindowsLook/CloseButtonPushed' (0x2b9a980) of type: BasicImage
08/06/2020 01:31:12 (Std) 	[ImageManager] Created image: 'WindowsLook/TitlebarTopLeft' (0x2b9ab90) of type: BasicImage
08/06/2020 01:31:12 (Std) 	[ImageManager] Created image: 'WindowsLook/TitlebarTopRight' (0x2b9ada0) of type: BasicImage
08/06/2020 01:31:12 (Std) 	[ImageManager] Created image: 'WindowsLook/TitlebarBottomLeft' (0x2b9afb0) of type: BasicImage
08/06/2020 01:31:12 (Std) 	[ImageManager] Created image: 'WindowsLook/TitlebarBottomRight' (0x2b9b1c0) of type: BasicImage
08/06/2020 01:31:12 (Std) 	[ImageManager] Created image: 'WindowsLook/TitlebarLeft' (0x2b9b3d0) of type: BasicImage
08/06/2020 01:31:12 (Std) 	[ImageManager] Created image: 'WindowsLook/TitlebarRight' (0x2b9b5e0) of type: BasicImage
08/06/2020 01:31:12 (Std) 	[ImageManager] Created image: 'WindowsLook/TitlebarTop' (0x2b9b7f0) of type: BasicImage
08/06/2020 01:31:12 (Std) 	[ImageManager] Created image: 'WindowsLook/TitlebarBottom' (0x2b9ba00) of type: BasicImage
08/06/2020 01:31:12 (Std) 	[ImageManager] Created image: 'WindowsLook/TitlebarFill' (0x2b9bc10) of type: BasicImage
08/06/2020 01:31:12 (Std) 	[ImageManager] Created image: 'WindowsLook/CheckboxNormal' (0x2b9be20) of type: BasicImage
08/06/2020 01:31:12 (Std) 	[ImageManager] Created image: 'WindowsLook/CheckboxHover' (0x2b9c030) of type: BasicImage
08/06/2020 01:31:12 (Std) 	[ImageManager] Created image: 'WindowsLook/CheckboxMark' (0x2b9c240) of type: BasicImage
08/06/2020 01:31:12 (Std) 	[ImageManager] Created image: 'WindowsLook/RadioButtonNormal' (0x2b9c450) of type: BasicImage
08/06/2020 01:31:12 (Std) 	[ImageManager] Created image: 'WindowsLook/RadioButtonHover' (0x2b9c660) of type: BasicImage
08/06/2020 01:31:12 (Std) 	[ImageManager] Created image: 'WindowsLook/RadioButtonMark' (0x2b9c870) of type: BasicImage
08/06/2020 01:31:12 (Std) 	[ImageManager] Created image: 'WindowsLook/SliderThumbNormal' (0x2b9ca80) of type: BasicImage
08/06/2020 01:31:12 (Std) 	[ImageManager] Created image: 'WindowsLook/SliderThumbHover' (0x2b9cc90) of type: BasicImage
08/06/2020 01:31:12 (Std) 	[ImageManager] Created image: 'WindowsLook/SliderTrackLeft' (0x2b9cea0) of type: BasicImage
08/06/2020 01:31:12 (Std) 	[ImageManager] Created image: 'WindowsLook/SlidertrackMiddle' (0x2b9d0b0) of type: BasicImage
08/06/2020 01:31:12 (Std) 	[ImageManager] Created image: 'WindowsLook/SliderTrackRight' (0x2b9d2c0) of type: BasicImage
08/06/2020 01:31:12 (Std) 	[ImageManager] Created image: 'WindowsLook/SliderTick' (0x2b9d4d0) of type: BasicImage
08/06/2020 01:31:12 (Std) 	[ImageManager] Created image: 'WindowsLook/HeaderMainBrush' (0x2b9d6e0) of type: BasicImage
08/06/2020 01:31:12 (Std) 	[ImageManager] Created image: 'WindowsLook/HeaderBottomEdge' (0x2b9d8f0) of type: BasicImage
08/06/2020 01:31:12 (Std) 	[ImageManager] Created image: 'WindowsLook/HeaderSplitter' (0x2b9db00) of type: BasicImage
08/06/2020 01:31:12 (Std) 	[ImageManager] Created image: 'WindowsLook/VertScrollbarGrip' (0x2b9dd10) of type: BasicImage
08/06/2020 01:31:12 (Std) 	[ImageManager] Created image: 'WindowsLook/HorzScrollbarGrip' (0x2b9df20) of type: BasicImage
08/06/2020 01:31:12 (Std) 	[ImageManager] Created image: 'WindowsLook/LargeLeftArrow' (0x2b9e130) of type: BasicImage
08/06/2020 01:31:12 (Std) 	[ImageManager] Created image: 'WindowsLook/LargeRightArrow' (0x2b9e340) of type: BasicImage
08/06/2020 01:31:12 (Std) 	[ImageManager] Created image: 'WindowsLook/LargeUpArrow' (0x2b9e550) of type: BasicImage
08/06/2020 01:31:12 (Std) 	[ImageManager] Created image: 'WindowsLook/LargeDownArrow' (0x2b9e760) of type: BasicImage
08/06/2020 01:31:12 (Std) 	[ImageManager] Created image: 'WindowsLook/SmallLeftArrow' (0x2b9e970) of type: BasicImage
08/06/2020 01:31:12 (Std) 	[ImageManager] Created image: 'WindowsLook/SmallRightArrow' (0x2b9eb80) of type: BasicImage
08/06/2020 01:31:12 (Std) 	[ImageManager] Created image: 'WindowsLook/SmallUpArrow' (0x2b9ed90) of type: BasicImage
08/06/2020 01:31:12 (Std) 	[ImageManager] Created image: 'WindowsLook/SmallDownArrow' (0x2b9efa0) of type: BasicImage
08/06/2020 01:31:12 (Std) 	[ImageManager] Created image: 'WindowsLook/EditBoxCaret' (0x2b9f1b0) of type: BasicImage
08/06/2020 01:31:12 (Std) 	[ImageManager] Created image: 'WindowsLook/MouseArrow' (0x2b9fa00) of type: BasicImage
08/06/2020 01:31:12 (Std) 	[ImageManager] Created image: 'WindowsLook/MouseMoveCursor' (0x2b9fc30) of type: BasicImage
08/06/2020 01:31:12 (Std) 	[ImageManager] Created image: 'WindowsLook/MouseNoSoCursor' (0x2b9fe40) of type: BasicImage
08/06/2020 01:31:12 (Std) 	[ImageManager] Created image: 'WindowsLook/MouseEsWeCursor' (0x2ba0050) of type: BasicImage
08/06/2020 01:31:12 (Std) 	[ImageManager] Created image: 'WindowsLook/MouseNeSwCursor' (0x2ba0260) of type: BasicImage
08/06/2020 01:31:12 (Std) 	[ImageManager] Created image: 'WindowsLook/MouseNwSeCursor' (0x2ba0470) of type: BasicImage
08/06/2020 01:31:12 (Std) 	[ImageManager] Created image: 'WindowsLook/MouseTextBar' (0x2ba0680) of type: BasicImage
08/06/2020 01:31:12 (Std) 	[ImageManager] Created image: 'WindowsLook/TabHorizontalTopFiller' (0x2b9f3c0) of type: BasicImage
08/06/2020 01:31:12 (Std) 	[ImageManager] Created image: 'WindowsLook/TabHorizontalBottomFiller' (0x2b99590) of type: BasicImage
08/06/2020 01:31:12 (Std) 	[ImageManager] Created image: 'WindowsLook/TabContentPaneUpperLeft' (0x2ba0930) of type: BasicImage
08/06/2020 01:31:12 (Std) 	[ImageManager] Created image: 'WindowsLook/TabContentPaneTop' (0x2ba0d20) of type: BasicImage
08/06/2020 01:31:12 (Std) 	[ImageManager] Created image: 'WindowsLook/TabContentPaneUpperRight' (0x2ba0f30) of type: BasicImage
08/06/2020 01:31:12 (Std) 	[ImageManager] Created image: 'WindowsLook/TabContentPaneLeft' (0x2ba1280) of type: BasicImage
08/06/2020 01:31:12 (Std) 	[ImageManager] Created image: 'WindowsLook/TabContentPaneMiddle' (0x2ba1490) of type: BasicImage
08/06/2020 01:31:12 (Std) 	[ImageManager] Created image: 'WindowsLook/TabContentPaneRight' (0x2b30940) of type: BasicImage
08/06/2020 01:31:12 (Std) 	[ImageManager] Created image: 'WindowsLook/TabContentPaneLower' (0x2b30b50) of type: BasicImage
08/06/2020 01:31:12 (Std) 	[ImageManager] Created image: 'WindowsLook/TabContentPaneLowerLeft' (0x2b30d60) of type: BasicImage
08/06/2020 01:31:12 (Std) 	[ImageManager] Created image: 'WindowsLook/TabContentPaneLowerRight' (0x2b310b0) of type: BasicImage
08/06/2020 01:31:12 (Std) 	[ImageManager] Created image: 'WindowsLook/TabButtonUpperLeftNormal' (0x2b31400) of type: BasicImage
08/06/2020 01:31:12 (Std) 	[ImageManager] Created image: 'WindowsLook/TabButtonUpperNormal' (0x2b31750) of type: BasicImage
08/06/2020 01:31:12 (Std) 	[ImageManager] Created image: 'WindowsLook/TabButtonUpperRightNormal' (0x2b31b10) of type: BasicImage
08/06/2020 01:31:12 (Std) 	[ImageManager] Created image: 'WindowsLook/TabButtonLeftNormal' (0x2b31e60) of type: BasicImage
08/06/2020 01:31:12 (Std) 	[ImageManager] Created image: 'WindowsLook/TabButtonMiddleNormal' (0x2b32070) of type: BasicImage
08/06/2020 01:31:12 (Std) 	[ImageManager] Created image: 'WindowsLook/TabButtonRightNormal' (0x2b323a0) of type: BasicImage
08/06/2020 01:31:12 (Std) 	[ImageManager] Created image: 'WindowsLook/TabButtonLowerLeftNormal' (0x2b326d0) of type: BasicImage
08/06/2020 01:31:12 (Std) 	[ImageManager] Created image: 'WindowsLook/TabButtonLowerNormal' (0x2b32a20) of type: BasicImage
08/06/2020 01:31:12 (Std) 	[ImageManager] Created image: 'WindowsLook/TabButtonLowerRightNormal' (0x2b32d50) of type: BasicImage
08/06/2020 01:31:12 (Std) 	[ImageManager] Created image: 'WindowsLook/TabButtonUpperLeftSelected' (0x2b33230) of type: BasicImage
08/06/2020 01:31:12 (Std) 	[ImageManager] Created image: 'WindowsLook/TabButtonUpperSelected' (0x2b90bd0) of type: BasicImage
08/06/2020 01:31:12 (Std) 	[ImageManager] Created image: 'WindowsLook/TabButtonUpperRightSelected' (0x2b337e0) of type: BasicImage
08/06/2020 01:31:12 (Std) 	[ImageManager] Created image: 'WindowsLook/TabButtonLeftSelected' (0x2b33c00) of type: BasicImage
08/06/2020 01:31:12 (Std) 	[ImageManager] Created image: 'WindowsLook/TabButtonMiddleSelected' (0x2b33f30) of type: BasicImage
08/06/2020 01:31:12 (Std) 	[ImageManager] Created image: 'WindowsLook/TabButtonRightSelected' (0x2b34320) of type: BasicImage
08/06/2020 01:31:12 (Std) 	[ImageManager] Created image: 'WindowsLook/TabButtonLowerLeftSelected' (0x2b34670) of type: BasicImage
08/06/2020 01:31:12 (Std) 	[ImageManager] Created image: 'WindowsLook/TabButtonLowerSelected' (0x2b34a90) of type: BasicImage
08/06/2020 01:31:12 (Std) 	[ImageManager] Created image: 'WindowsLook/TabButtonLowerRightSelected' (0x2b34de0) of type: BasicImage
08/06/2020 01:31:12 (Std) 	[ImageManager] Created image: 'WindowsLook/TabButtonScrollLeftNormal' (0x2b35150) of type: BasicImage
08/06/2020 01:31:12 (Std) 	[ImageManager] Created image: 'WindowsLook/TabButtonScrollRightNormal' (0x2b354a0) of type: BasicImage
08/06/2020 01:31:12 (Std) 	[ImageManager] Created image: 'WindowsLook/TabButtonScrollLeftHover' (0x2b35810) of type: BasicImage
08/06/2020 01:31:12 (Std) 	[ImageManager] Created image: 'WindowsLook/TabButtonScrollRightHover' (0x2b35b60) of type: BasicImage
08/06/2020 01:31:12 (Std) 	[ImageManager] Created image: 'WindowsLook/TooltipTopLeft' (0x2b35eb0) of type: BasicImage
08/06/2020 01:31:12 (Std) 	[ImageManager] Created image: 'WindowsLook/TooltipTopRight' (0x2b360c0) of type: BasicImage
08/06/2020 01:31:12 (Std) 	[ImageManager] Created image: 'WindowsLook/TooltipBottomLeft' (0x2b362d0) of type: BasicImage
08/06/2020 01:31:12 (Std) 	[ImageManager] Created image: 'WindowsLook/TooltipBottomRight' (0x2b364e0) of type: BasicImage
08/06/2020 01:31:12 (Std) 	[ImageManager] Created image: 'WindowsLook/TooltipLeftEdge' (0x2b366f0) of type: BasicImage
08/06/2020 01:31:12 (Std) 	[ImageManager] Created image: 'WindowsLook/TooltipRightEdge' (0x2b36900) of type: BasicImage
08/06/2020 01:31:12 (Std) 	[ImageManager] Created image: 'WindowsLook/TooltipTopEdge' (0x2b36b10) of type: BasicImage
08/06/2020 01:31:12 (Std) 	[ImageManager] Created image: 'WindowsLook/TooltipBottomEdge' (0x2b36d20) of type: BasicImage
08/06/2020 01:31:12 (Std) 	[ImageManager] Created image: 'WindowsLook/TooltipMiddle' (0x2b36f30) of type: BasicImage
08/06/2020 01:31:12 (Std) 	[ImageManager] Created image: 'WindowsLook/MenuTopLeft' (0x2b37140) of type: BasicImage
08/06/2020 01:31:12 (Std) 	[ImageManager] Created image: 'WindowsLook/MenuTopRight' (0x2b37350) of type: BasicImage
08/06/2020 01:31:12 (Std) 	[ImageManager] Created image: 'WindowsLook/MenuBottomLeft' (0x2b37560) of type: BasicImage
08/06/2020 01:31:12 (Std) 	[ImageManager] Created image: 'WindowsLook/MenuBottomRight' (0x2b37770) of type: BasicImage
08/06/2020 01:31:12 (Std) 	[ImageManager] Created image: 'WindowsLook/MenuLeft' (0x2b37980) of type: BasicImage
08/06/2020 01:31:12 (Std) 	[ImageManager] Created image: 'WindowsLook/MenuRight' (0x2b37b90) of type: BasicImage
08/06/2020 01:31:12 (Std) 	[ImageManager] Created image: 'WindowsLook/MenuTop' (0x2b37da0) of type: BasicImage
08/06/2020 01:31:12 (Std) 	[ImageManager] Created image: 'WindowsLook/MenuBottom' (0x2b37fb0) of type: BasicImage
08/06/2020 01:31:12 (Std) 	[ImageManager] Created image: 'WindowsLook/PopupMenuFrameTopLeft' (0x2b381c0) of type: BasicImage
08/06/2020 01:31:12 (Std) 	[ImageManager] Created image: 'WindowsLook/PopupMenuFrameTopRight' (0x2b913a0) of type: BasicImage
08/06/2020 01:31:12 (Std) 	[ImageManager] Created image: 'WindowsLook/PopupMenuFrameBottomLeft' (0x2b38680) of type: BasicImage
08/06/2020 01:31:12 (Std) 	[ImageManager] Created image: 'WindowsLook/PopupMenuFrameBottomRight' (0x2b46860) of type: BasicImage
08/06/2020 01:31:12 (Std) 	[ImageManager] Created image: 'WindowsLook/PopupMenuFrameLeft' (0x2b46bb0) of type: BasicImage
08/06/2020 01:31:12 (Std) 	[ImageManager] Created image: 'WindowsLook/PopupMenuFrameRight' (0x2b46dc0) of type: BasicImage
08/06/2020 01:31:12 (Std) 	[ImageManager] Created image: 'WindowsLook/PopupMenuFrameTop' (0x2b46fd0) of type: BasicImage
08/06/2020 01:31:12 (Std) 	[ImageManager] Created image: 'WindowsLook/PopupMenuFrameBottom' (0x2b471e0) of type: BasicImage
08/06/2020 01:31:12 (Std) 	[ImageManager] Created image: 'WindowsLook/PopupMenuArrowRight' (0x2b47510) of type: BasicImage
08/06/2020 01:31:12 (Std) 	[ImageManager] Created image: 'WindowsLook/PopupMenuArrowLeft' (0x2b47720) of type: BasicImage
08/06/2020 01:31:12 (Std) 	[ImageManager] Created image: 'WindowsLook/MultiListSelectionBrush' (0x2b47930) of type: BasicImage
08/06/2020 01:31:12 (Std) 	===== Falagard 'root' element: look and feel parsing begins =====
08/06/2020 01:31:12 (Std) 	===== Look and feel parsing completed =====
08/06/2020 01:31:12 (Std) 	No window renderer factories specified for module 'CEGUICoreWindowRendererSet' - adding all available factories...
08/06/2020 01:31:12 (Std) 	Created WindowRendererFactory for 'Core/Button' WindowRenderers.
08/06/2020 01:31:12 (Std) 	WindowRendererFactory 'Core/Button' added. (0x2b912c0)
08/06/2020 01:31:12 (Std) 	Created WindowRendererFactory for 'Core/Default' WindowRenderers.
08/06/2020 01:31:12 (Std) 	WindowRendererFactory 'Core/Default' added. (0x2cef240)
08/06/2020 01:31:12 (Std) 	Created WindowRendererFactory for 'Core/Editbox' WindowRenderers.
08/06/2020 01:31:12 (Std) 	WindowRendererFactory 'Core/Editbox' added. (0x2cef3e0)
08/06/2020 01:31:12 (Std) 	Created WindowRendererFactory for 'Core/FrameWindow' WindowRenderers.
08/06/2020 01:31:12 (Std) 	WindowRendererFactory 'Core/FrameWindow' added. (0x2cef4a0)
08/06/2020 01:31:12 (Std) 	Created WindowRendererFactory for 'Core/ItemEntry' WindowRenderers.
08/06/2020 01:31:12 (Std) 	WindowRendererFactory 'Core/ItemEntry' added. (0x2c34fa0)
08/06/2020 01:31:12 (Std) 	Created WindowRendererFactory for 'Core/ListHeader' WindowRenderers.
08/06/2020 01:31:12 (Std) 	WindowRendererFactory 'Core/ListHeader' added. (0x2b256f0)
08/06/2020 01:31:12 (Std) 	Created WindowRendererFactory for 'Core/ListHeaderSegment' WindowRenderers.
08/06/2020 01:31:12 (Std) 	WindowRendererFactory 'Core/ListHeaderSegment' added. (0x2b25890)
08/06/2020 01:31:12 (Std) 	Created WindowRendererFactory for 'Core/Listbox' WindowRenderers.
08/06/2020 01:31:12 (Std) 	WindowRendererFactory 'Core/Listbox' added. (0x2b25a30)
08/06/2020 01:31:12 (Std) 	Created WindowRendererFactory for 'Core/Menubar' WindowRenderers.
08/06/2020 01:31:12 (Std) 	WindowRendererFactory 'Core/Menubar' added. (0x2b25bd0)
08/06/2020 01:31:12 (Std) 	Created WindowRendererFactory for 'Core/MenuItem' WindowRenderers.
08/06/2020 01:31:12 (Std) 	WindowRendererFactory 'Core/MenuItem' added. (0x2ccaf30)
08/06/2020 01:31:12 (Std) 	Created WindowRendererFactory for 'Core/MultiColumnList' WindowRenderers.
08/06/2020 01:31:12 (Std) 	WindowRendererFactory 'Core/MultiColumnList' added. (0x2ccb0d0)
08/06/2020 01:31:12 (Std) 	Created WindowRendererFactory for 'Core/MultiLineEditbox' WindowRenderers.
08/06/2020 01:31:12 (Std) 	WindowRendererFactory 'Core/MultiLineEditbox' added. (0x2ccb270)
08/06/2020 01:31:12 (Std) 	Created WindowRendererFactory for 'Core/PopupMenu' WindowRenderers.
08/06/2020 01:31:12 (Std) 	WindowRendererFactory 'Core/PopupMenu' added. (0x2b25d40)
08/06/2020 01:31:12 (Std) 	Created WindowRendererFactory for 'Core/ProgressBar' WindowRenderers.
08/06/2020 01:31:12 (Std) 	WindowRendererFactory 'Core/ProgressBar' added. (0x2b25ee0)
08/06/2020 01:31:12 (Std) 	Created WindowRendererFactory for 'Core/ScrollablePane' WindowRenderers.
08/06/2020 01:31:12 (Std) 	WindowRendererFactory 'Core/ScrollablePane' added. (0x2b26080)
08/06/2020 01:31:12 (Std) 	Created WindowRendererFactory for 'Core/Scrollbar' WindowRenderers.
08/06/2020 01:31:12 (Std) 	WindowRendererFactory 'Core/Scrollbar' added. (0x2b26220)
08/06/2020 01:31:12 (Std) 	Created WindowRendererFactory for 'Core/Slider' WindowRenderers.
08/06/2020 01:31:12 (Std) 	WindowRendererFactory 'Core/Slider' added. (0x2cef8c0)
08/06/2020 01:31:12 (Std) 	Created WindowRendererFactory for 'Core/Static' WindowRenderers.
08/06/2020 01:31:12 (Std) 	WindowRendererFactory 'Core/Static' added. (0x2cefb70)
08/06/2020 01:31:12 (Std) 	Created WindowRendererFactory for 'Core/StaticImage' WindowRenderers.
08/06/2020 01:31:12 (Std) 	WindowRendererFactory 'Core/StaticImage' added. (0x2cefd10)
08/06/2020 01:31:12 (Std) 	Created WindowRendererFactory for 'Core/StaticText' WindowRenderers.
08/06/2020 01:31:12 (Std) 	WindowRendererFactory 'Core/StaticText' added. (0x2cefeb0)
08/06/2020 01:31:12 (Std) 	Created WindowRendererFactory for 'Core/TabButton' WindowRenderers.
08/06/2020 01:31:12 (Std) 	WindowRendererFactory 'Core/TabButton' added. (0x2cf0050)
08/06/2020 01:31:12 (Std) 	Created WindowRendererFactory for 'Core/TabControl' WindowRenderers.
08/06/2020 01:31:12 (Std) 	WindowRendererFactory 'Core/TabControl' added. (0x2cf01f0)
08/06/2020 01:31:12 (Std) 	Created WindowRendererFactory for 'Core/Titlebar' WindowRenderers.
08/06/2020 01:31:12 (Std) 	WindowRendererFactory 'Core/Titlebar' added. (0x2cf0390)
08/06/2020 01:31:12 (Std) 	Created WindowRendererFactory for 'Core/ToggleButton' WindowRenderers.
08/06/2020 01:31:12 (Std) 	WindowRendererFactory 'Core/ToggleButton' added. (0x2cf0530)
08/06/2020 01:31:12 (Std) 	Created WindowRendererFactory for 'Core/Tooltip' WindowRenderers.
08/06/2020 01:31:12 (Std) 	WindowRendererFactory 'Core/Tooltip' added. (0x2cf06d0)
08/06/2020 01:31:12 (Std) 	Created WindowRendererFactory for 'Core/ItemListbox' WindowRenderers.
08/06/2020 01:31:12 (Std) 	WindowRendererFactory 'Core/ItemListbox' added. (0x2cf0870)
08/06/2020 01:31:12 (Std) 	Created WindowRendererFactory for 'Core/Tree' WindowRenderers.
08/06/2020 01:31:12 (Std) 	WindowRendererFactory 'Core/Tree' added. (0x2cf0a10)
08/06/2020 01:31:12 (Std) 	Creating falagard mapping for type 'WindowsLook/Label' using base type 'DefaultWindow', window renderer 'Core/Default' Look'N'Feel 'WindowsLook/Label' and RenderEffect ''. (0x7ffdd362a310)
08/06/2020 01:31:12 (Std) 	Creating falagard mapping for type 'WindowsLook/Button' using base type 'CEGUI/PushButton', window renderer 'Core/Button' Look'N'Feel 'WindowsLook/Button' and RenderEffect ''. (0x7ffdd362a310)
08/06/2020 01:31:12 (Std) 	Creating falagard mapping for type 'WindowsLook/Checkbox' using base type 'CEGUI/ToggleButton', window renderer 'Core/ToggleButton' Look'N'Feel 'WindowsLook/Checkbox' and RenderEffect ''. (0x7ffdd362a310)
08/06/2020 01:31:12 (Std) 	Creating falagard mapping for type 'WindowsLook/IconButton' using base type 'CEGUI/PushButton', window renderer 'Core/Button' Look'N'Feel 'WindowsLook/IconButton' and RenderEffect ''. (0x7ffdd362a310)
08/06/2020 01:31:12 (Std) 	Creating falagard mapping for type 'WindowsLook/RadioButton' using base type 'CEGUI/RadioButton', window renderer 'Core/ToggleButton' Look'N'Feel 'WindowsLook/RadioButton' and RenderEffect ''. (0x7ffdd362a310)
08/06/2020 01:31:12 (Std) 	Creating falagard mapping for type 'WindowsLook/FrameWindow' using base type 'CEGUI/FrameWindow', window renderer 'Core/FrameWindow' Look'N'Feel 'WindowsLook/FrameWindow' and RenderEffect ''. (0x7ffdd362a310)
08/06/2020 01:31:12 (Std) 	Creating falagard mapping for type 'WindowsLook/Titlebar' using base type 'CEGUI/Titlebar', window renderer 'Core/Titlebar' Look'N'Feel 'WindowsLook/Titlebar' and RenderEffect ''. (0x7ffdd362a310)
08/06/2020 01:31:12 (Std) 	Creating falagard mapping for type 'WindowsLook/SystemButton' using base type 'CEGUI/PushButton', window renderer 'Core/Button' Look'N'Feel 'WindowsLook/SystemButton' and RenderEffect ''. (0x7ffdd362a310)
08/06/2020 01:31:12 (Std) 	Creating falagard mapping for type 'WindowsLook/Editbox' using base type 'CEGUI/Editbox', window renderer 'Core/Editbox' Look'N'Feel 'WindowsLook/Editbox' and RenderEffect ''. (0x7ffdd362a310)
08/06/2020 01:31:12 (Std) 	Creating falagard mapping for type 'WindowsLook/MultiLineEditbox' using base type 'CEGUI/MultiLineEditbox', window renderer 'Core/MultiLineEditbox' Look'N'Feel 'WindowsLook/MultiLineEditbox' and RenderEffect ''. (0x7ffdd362a310)
08/06/2020 01:31:12 (Std) 	Creating falagard mapping for type 'WindowsLook/Menubar' using base type 'CEGUI/Menubar', window renderer 'Core/Menubar' Look'N'Feel 'WindowsLook/Menubar' and RenderEffect ''. (0x7ffdd362a310)
08/06/2020 01:31:12 (Std) 	Creating falagard mapping for type 'WindowsLook/PopupMenu' using base type 'CEGUI/PopupMenu', window renderer 'Core/PopupMenu' Look'N'Feel 'WindowsLook/PopupMenu' and RenderEffect ''. (0x7ffdd362a310)
08/06/2020 01:31:12 (Std) 	Creating falagard mapping for type 'WindowsLook/MenuItem' using base type 'CEGUI/MenuItem', window renderer 'Core/MenuItem' Look'N'Feel 'WindowsLook/MenuItem' and RenderEffect ''. (0x7ffdd362a310)
08/06/2020 01:31:12 (Std) 	Creating falagard mapping for type 'WindowsLook/ProgressBar' using base type 'CEGUI/ProgressBar', window renderer 'Core/ProgressBar' Look'N'Feel 'WindowsLook/ProgressBar' and RenderEffect ''. (0x7ffdd362a310)
08/06/2020 01:31:12 (Std) 	Creating falagard mapping for type 'WindowsLook/VerticalScrollbar' using base type 'CEGUI/Scrollbar', window renderer 'Core/Scrollbar' Look'N'Feel 'WindowsLook/VerticalScrollbar' and RenderEffect ''. (0x7ffdd362a310)
08/06/2020 01:31:12 (Std) 	Creating falagard mapping for type 'WindowsLook/HorizontalScrollbar' using base type 'CEGUI/Scrollbar', window renderer 'Core/Scrollbar' Look'N'Feel 'WindowsLook/HorizontalScrollbar' and RenderEffect ''. (0x7ffdd362a310)
08/06/2020 01:31:12 (Std) 	Creating falagard mapping for type 'WindowsLook/VerticalScrollbarThumb' using base type 'CEGUI/Thumb', window renderer 'Core/Button' Look'N'Feel 'WindowsLook/VerticalScrollbarThumb' and RenderEffect ''. (0x7ffdd362a310)
08/06/2020 01:31:12 (Std) 	Creating falagard mapping for type 'WindowsLook/HorizontalScrollbarThumb' using base type 'CEGUI/Thumb', window renderer 'Core/Button' Look'N'Feel 'WindowsLook/HorizontalScrollbarThumb' and RenderEffect ''. (0x7ffdd362a310)
08/06/2020 01:31:12 (Std) 	Creating falagard mapping for type 'WindowsLook/TabButton' using base type 'CEGUI/TabButton', window renderer 'Core/TabButton' Look'N'Feel 'WindowsLook/TabButton' and RenderEffect ''. (0x7ffdd362a310)
08/06/2020 01:31:12 (Std) 	Creating falagard mapping for type 'WindowsLook/TabControl' using base type 'CEGUI/TabControl', window renderer 'Core/TabControl' Look'N'Feel 'WindowsLook/TabControl' and RenderEffect ''. (0x7ffdd362a310)
08/06/2020 01:31:12 (Std) 	Creating falagard mapping for type 'WindowsLook/TabContentPane' using base type 'DefaultWindow', window renderer 'Core/Default' Look'N'Feel 'WindowsLook/TabContentPane' and RenderEffect ''. (0x7ffdd362a310)
08/06/2020 01:31:12 (Std) 	Creating falagard mapping for type 'WindowsLook/TabButtonPane' using base type 'DefaultWindow', window renderer 'Core/Default' Look'N'Feel 'WindowsLook/TabButtonPane' and RenderEffect ''. (0x7ffdd362a310)
08/06/2020 01:31:12 (Std) 	Creating falagard mapping for type 'WindowsLook/ComboDropList' using base type 'CEGUI/ComboDropList', window renderer 'Core/Listbox' Look'N'Feel 'WindowsLook/ComboDropList' and RenderEffect ''. (0x7ffdd362a310)
08/06/2020 01:31:12 (Std) 	Creating falagard mapping for type 'WindowsLook/Combobox' using base type 'CEGUI/Combobox', window renderer 'Core/Default' Look'N'Feel 'WindowsLook/Combobox' and RenderEffect ''. (0x7ffdd362a310)
08/06/2020 01:31:12 (Std) 	Creating falagard mapping for type 'WindowsLook/Listbox' using base type 'CEGUI/Listbox', window renderer 'Core/Listbox' Look'N'Feel 'WindowsLook/Listbox' and RenderEffect ''. (0x7ffdd362a310)
08/06/2020 01:31:12 (Std) 	Creating falagard mapping for type 'WindowsLook/ListHeader' using base type 'CEGUI/ListHeader', window renderer 'Core/ListHeader' Look'N'Feel 'WindowsLook/ListHeader' and RenderEffect ''. (0x7ffdd362a310)
08/06/2020 01:31:12 (Std) 	Creating falagard mapping for type 'WindowsLook/ListHeaderSegment' using base type 'CEGUI/ListHeaderSegment', window renderer 'Core/ListHeaderSegment' Look'N'Feel 'WindowsLook/ListHeaderSegment' and RenderEffect ''. (0x7ffdd362a310)
08/06/2020 01:31:12 (Std) 	Creating falagard mapping for type 'WindowsLook/MultiColumnList' using base type 'CEGUI/MultiColumnList', window renderer 'Core/MultiColumnList' Look'N'Feel 'WindowsLook/MultiColumnList' and RenderEffect ''. (0x7ffdd362a310)
08/06/2020 01:31:12 (Std) 	Creating falagard mapping for type 'WindowsLook/Slider' using base type 'CEGUI/Slider', window renderer 'Core/Slider' Look'N'Feel 'WindowsLook/Slider' and RenderEffect ''. (0x7ffdd362a310)
08/06/2020 01:31:12 (Std) 	Creating falagard mapping for type 'WindowsLook/SliderThumb' using base type 'CEGUI/Thumb', window renderer 'Core/Button' Look'N'Feel 'WindowsLook/SliderThumb' and RenderEffect ''. (0x7ffdd362a310)
08/06/2020 01:31:12 (Std) 	Creating falagard mapping for type 'WindowsLook/ScrollablePane' using base type 'CEGUI/ScrollablePane', window renderer 'Core/ScrollablePane' Look'N'Feel 'WindowsLook/ScrollablePane' and RenderEffect ''. (0x7ffdd362a310)
08/06/2020 01:31:12 (Std) 	Creating falagard mapping for type 'WindowsLook/Spinner' using base type 'CEGUI/Spinner', window renderer 'Core/Default' Look'N'Feel 'WindowsLook/Spinner' and RenderEffect ''. (0x7ffdd362a310)
08/06/2020 01:31:12 (Std) 	Creating falagard mapping for type 'WindowsLook/Tooltip' using base type 'CEGUI/Tooltip', window renderer 'Core/Tooltip' Look'N'Feel 'WindowsLook/Tooltip' and RenderEffect ''. (0x7ffdd362a310)
08/06/2020 01:31:12 (Std) 	Creating falagard mapping for type 'WindowsLook/Static' using base type 'DefaultWindow', window renderer 'Core/Static' Look'N'Feel 'WindowsLook/Static' and RenderEffect ''. (0x7ffdd362a310)
08/06/2020 01:31:12 (Std) 	Creating falagard mapping for type 'WindowsLook/StaticImage' using base type 'DefaultWindow', window renderer 'Core/StaticImage' Look'N'Feel 'WindowsLook/StaticImage' and RenderEffect ''. (0x7ffdd362a310)
08/06/2020 01:31:12 (Std) 	Creating falagard mapping for type 'WindowsLook/StaticText' using base type 'DefaultWindow', window renderer 'Core/StaticText' Look'N'Feel 'WindowsLook/StaticText' and RenderEffect ''. (0x7ffdd362a310)
08/06/2020 01:31:12 (Std) 	Creating falagard mapping for type 'WindowsLook/ItemListbox' using base type 'CEGUI/ItemListbox', window renderer 'Core/ItemListbox' Look'N'Feel 'WindowsLook/ItemListbox' and RenderEffect ''. (0x7ffdd362a310)
08/06/2020 01:31:12 (Std) 	Creating falagard mapping for type 'WindowsLook/ListboxItem' using base type 'CEGUI/ItemEntry', window renderer 'Core/ItemEntry' Look'N'Feel 'WindowsLook/ListboxItem' and RenderEffect ''. (0x7ffdd362a310)
08/06/2020 01:31:12 (Std) 	[OpenGLRenderer] Created texture: _ogl_tt_tex_0
08/06/2020 01:31:12 (Std) 	[OpenGLRenderer] Created texture: _ogl_tt_tex_1
08/06/2020 01:31:12 (Std) 	[OpenGLRenderer] Created texture: _ogl_tt_tex_2
08/06/2020 01:31:12 (Std) 	[OpenGLRenderer] Created texture: _ogl_tt_tex_3
08/06/2020 01:31:12 (Std) 	[OpenGLRenderer] Created texture: _ogl_tt_tex_4
08/06/2020 01:31:12 (Std) 	[OpenGLRenderer] Created texture: _ogl_tt_tex_5
08/06/2020 01:31:12 (Std) 	[OpenGLRenderer] Created texture: _ogl_tt_tex_6
08/06/2020 01:31:12 (Std) 	[OpenGLRenderer] Created texture: _ogl_tt_tex_7
08/06/2020 01:31:12 (Std) 	[OpenGLRenderer] Created texture: _ogl_tt_tex_8
08/06/2020 01:31:12 (Std) 	[OpenGLRenderer] Created texture: _ogl_tt_tex_9
08/06/2020 01:31:12 (Std) 	[OpenGLRenderer] Created texture: _ogl_tt_tex_10
08/06/2020 01:31:12 (Std) 	[OpenGLRenderer] Created texture: DejaVuSans-10-NoScale_auto_glyph_images_32
08/06/2020 01:31:14 (Std) 	[OpenGLRenderer] Created texture: DejaVuSans-14-NoScale_auto_glyph_images_32
