11/10/2017 20:35:05 (Std) 	+-+-+-+-+-+-+-+-+-+-+-+-+-+-+-+-+-+-+-+-+-+-+-+-+-+-+-+-+-+-+-+-+-+-+-+-+-+-+-+
11/10/2017 20:35:05 (Std) 	+                     Crazy Eddie's GUI System - Event log                    +
11/10/2017 20:35:05 (Std) 	+                          (http://www.cegui.org.uk/)                         +
11/10/2017 20:35:05 (Std) 	+-+-+-+-+-+-+-+-+-+-+-+-+-+-+-+-+-+-+-+-+-+-+-+-+-+-+-+-+-+-+-+-+-+-+-+-+-+-+-+

11/10/2017 20:35:05 (Std) 	CEGUI::Logger singleton created. (0x2478a70)
11/10/2017 20:35:05 (Std) 	
11/10/2017 20:35:05 (Std) 	********************************************************************************
11/10/2017 20:35:05 (Std) 	* Important:                                                                   *
11/10/2017 20:35:05 (Std) 	*     To get support at the CEGUI forums, you must post _at least_ the section *
11/10/2017 20:35:05 (Std) 	*     of this log file indicated below.  Failure to do this will result in no  *
11/10/2017 20:35:05 (Std) 	*     support being given; please do not waste our time.                       *
11/10/2017 20:35:05 (Std) 	********************************************************************************
11/10/2017 20:35:05 (Std) 	********************************************************************************
11/10/2017 20:35:05 (Std) 	* -------- START OF ESSENTIAL SECTION TO BE POSTED ON THE FORUM       -------- *
11/10/2017 20:35:05 (Std) 	********************************************************************************
11/10/2017 20:35:05 (Std) 	---- Version: 0.8.7 (Build: Jul 26 2017 GNU/Linux g++ 5.4.0 20160609 64 bit) ----
11/10/2017 20:35:05 (Std) 	---- Renderer module is: CEGUI::OpenGL3Renderer - Official OpenGL 3.2 core based renderer module.  TextureTarget support enabled via FBO OGL 3.2 core implementation. ----
11/10/2017 20:35:05 (Std) 	---- XML Parser module is: CEGUI::ExpatParser - Official expat based parser module for CEGUI ----
11/10/2017 20:35:05 (Std) 	---- Image Codec module is: SILLYImageCodec - Official SILLY based image codec ----
11/10/2017 20:35:05 (Std) 	---- Scripting module is: None ----
11/10/2017 20:35:05 (Std) 	********************************************************************************
11/10/2017 20:35:05 (Std) 	* -------- END OF ESSENTIAL SECTION TO BE POSTED ON THE FORUM         -------- *
11/10/2017 20:35:05 (Std) 	********************************************************************************
11/10/2017 20:35:05 (Std) 	
11/10/2017 20:35:05 (Std) 	---- Begining CEGUI System initialisation ----
11/10/2017 20:35:05 (Std) 	[CEGUI::ImageManager] Singleton created (0x24217f0)
11/10/2017 20:35:05 (Std) 	[CEGUI::ImageManager] Registered Image type: BasicImage
11/10/2017 20:35:05 (Std) 	CEGUI::FontManager singleton created. (0x2400430)
11/10/2017 20:35:05 (Std) 	CEGUI::WindowFactoryManager singleton created
11/10/2017 20:35:05 (Std) 	CEGUI::WindowManager singleton created (0x2438cc0)
11/10/2017 20:35:05 (Std) 	CEGUI::SchemeManager singleton created. (0x2434010)
11/10/2017 20:35:05 (Std) 	CEGUI::GlobalEventSet singleton created. (0x24365d0)
11/10/2017 20:35:05 (Std) 	CEGUI::AnimationManager singleton created (0x1fc44c0)
11/10/2017 20:35:05 (Std) 	CEGUI::WidgetLookManager singleton created. (0x2436d10)
11/10/2017 20:35:05 (Std) 	CEGUI::WindowRendererManager singleton created (0x240bb80)
11/10/2017 20:35:05 (Std) 	CEGUI::RenderEffectManager singleton created (0x2410990)
11/10/2017 20:35:05 (Std) 	Created WindowFactory for 'DefaultWindow' windows.
11/10/2017 20:35:05 (Std) 	WindowFactory for 'DefaultWindow' windows added. (0x240ce60)
11/10/2017 20:35:05 (Std) 	Created WindowFactory for 'DragContainer' windows.
11/10/2017 20:35:05 (Std) 	WindowFactory for 'DragContainer' windows added. (0x2438f30)
11/10/2017 20:35:05 (Std) 	Created WindowFactory for 'ScrolledContainer' windows.
11/10/2017 20:35:05 (Std) 	WindowFactory for 'ScrolledContainer' windows added. (0x24788e0)
11/10/2017 20:35:05 (Std) 	Created WindowFactory for 'ClippedContainer' windows.
11/10/2017 20:35:05 (Std) 	WindowFactory for 'ClippedContainer' windows added. (0x2408d60)
11/10/2017 20:35:05 (Std) 	Created WindowFactory for 'CEGUI/PushButton' windows.
11/10/2017 20:35:05 (Std) 	WindowFactory for 'CEGUI/PushButton' windows added. (0x23ff980)
11/10/2017 20:35:05 (Std) 	Created WindowFactory for 'CEGUI/RadioButton' windows.
11/10/2017 20:35:05 (Std) 	WindowFactory for 'CEGUI/RadioButton' windows added. (0x2477a90)
11/10/2017 20:35:05 (Std) 	Created WindowFactory for 'CEGUI/Combobox' windows.
11/10/2017 20:35:05 (Std) 	WindowFactory for 'CEGUI/Combobox' windows added. (0x2477c30)
11/10/2017 20:35:05 (Std) 	Created WindowFactory for 'CEGUI/ComboDropList' windows.
11/10/2017 20:35:05 (Std) 	WindowFactory for 'CEGUI/ComboDropList' windows added. (0x2477cf0)
11/10/2017 20:35:05 (Std) 	Created WindowFactory for 'CEGUI/Editbox' windows.
11/10/2017 20:35:05 (Std) 	WindowFactory for 'CEGUI/Editbox' windows added. (0x2489560)
11/10/2017 20:35:05 (Std) 	Created WindowFactory for 'CEGUI/FrameWindow' windows.
11/10/2017 20:35:05 (Std) 	WindowFactory for 'CEGUI/FrameWindow' windows added. (0x2489700)
11/10/2017 20:35:05 (Std) 	Created WindowFactory for 'CEGUI/ItemEntry' windows.
11/10/2017 20:35:05 (Std) 	WindowFactory for 'CEGUI/ItemEntry' windows added. (0x2483fb0)
11/10/2017 20:35:05 (Std) 	Created WindowFactory for 'CEGUI/Listbox' windows.
11/10/2017 20:35:05 (Std) 	WindowFactory for 'CEGUI/Listbox' windows added. (0x2484150)
11/10/2017 20:35:05 (Std) 	Created WindowFactory for 'CEGUI/ListHeader' windows.
11/10/2017 20:35:05 (Std) 	WindowFactory for 'CEGUI/ListHeader' windows added. (0x24842f0)
11/10/2017 20:35:05 (Std) 	Created WindowFactory for 'CEGUI/ListHeaderSegment' windows.
11/10/2017 20:35:05 (Std) 	WindowFactory for 'CEGUI/ListHeaderSegment' windows added. (0x2484490)
11/10/2017 20:35:05 (Std) 	Created WindowFactory for 'CEGUI/Menubar' windows.
11/10/2017 20:35:05 (Std) 	WindowFactory for 'CEGUI/Menubar' windows added. (0x2484630)
11/10/2017 20:35:05 (Std) 	Created WindowFactory for 'CEGUI/PopupMenu' windows.
11/10/2017 20:35:05 (Std) 	WindowFactory for 'CEGUI/PopupMenu' windows added. (0x24847d0)
11/10/2017 20:35:05 (Std) 	Created WindowFactory for 'CEGUI/MenuItem' windows.
11/10/2017 20:35:05 (Std) 	WindowFactory for 'CEGUI/MenuItem' windows added. (0x2484970)
11/10/2017 20:35:05 (Std) 	Created WindowFactory for 'CEGUI/MultiColumnList' windows.
11/10/2017 20:35:05 (Std) 	WindowFactory for 'CEGUI/MultiColumnList' windows added. (0x2485de0)
11/10/2017 20:35:05 (Std) 	Created WindowFactory for 'CEGUI/MultiLineEditbox' windows.
11/10/2017 20:35:05 (Std) 	WindowFactory for 'CEGUI/MultiLineEditbox' windows added. (0x2485f80)
11/10/2017 20:35:05 (Std) 	Created WindowFactory for 'CEGUI/ProgressBar' windows.
11/10/2017 20:35:05 (Std) 	WindowFactory for 'CEGUI/ProgressBar' windows added. (0x2486120)
11/10/2017 20:35:05 (Std) 	Created WindowFactory for 'CEGUI/ScrollablePane' windows.
11/10/2017 20:35:05 (Std) 	WindowFactory for 'CEGUI/ScrollablePane' windows added. (0x24862c0)
11/10/2017 20:35:05 (Std) 	Created WindowFactory for 'CEGUI/Scrollbar' windows.
11/10/2017 20:35:05 (Std) 	WindowFactory for 'CEGUI/Scrollbar' windows added. (0x2486460)
11/10/2017 20:35:05 (Std) 	Created WindowFactory for 'CEGUI/Slider' windows.
11/10/2017 20:35:05 (Std) 	WindowFactory for 'CEGUI/Slider' windows added. (0x2486600)
11/10/2017 20:35:05 (Std) 	Created WindowFactory for 'CEGUI/Spinner' windows.
11/10/2017 20:35:05 (Std) 	WindowFactory for 'CEGUI/Spinner' windows added. (0x24867a0)
11/10/2017 20:35:05 (Std) 	Created WindowFactory for 'CEGUI/TabButton' windows.
11/10/2017 20:35:05 (Std) 	WindowFactory for 'CEGUI/TabButton' windows added. (0x2481f00)
11/10/2017 20:35:05 (Std) 	Created WindowFactory for 'CEGUI/TabControl' windows.
11/10/2017 20:35:05 (Std) 	WindowFactory for 'CEGUI/TabControl' windows added. (0x24820a0)
11/10/2017 20:35:05 (Std) 	Created WindowFactory for 'CEGUI/Thumb' windows.
11/10/2017 20:35:05 (Std) 	WindowFactory for 'CEGUI/Thumb' windows added. (0x2482240)
11/10/2017 20:35:05 (Std) 	Created WindowFactory for 'CEGUI/Titlebar' windows.
11/10/2017 20:35:05 (Std) 	WindowFactory for 'CEGUI/Titlebar' windows added. (0x24823e0)
11/10/2017 20:35:05 (Std) 	Created WindowFactory for 'CEGUI/ToggleButton' windows.
11/10/2017 20:35:05 (Std) 	WindowFactory for 'CEGUI/ToggleButton' windows added. (0x2482580)
11/10/2017 20:35:05 (Std) 	Created WindowFactory for 'CEGUI/Tooltip' windows.
11/10/2017 20:35:05 (Std) 	WindowFactory for 'CEGUI/Tooltip' windows added. (0x2482720)
11/10/2017 20:35:05 (Std) 	Created WindowFactory for 'CEGUI/ItemListbox' windows.
11/10/2017 20:35:05 (Std) 	WindowFactory for 'CEGUI/ItemListbox' windows added. (0x24828c0)
11/10/2017 20:35:05 (Std) 	Created WindowFactory for 'CEGUI/GroupBox' windows.
11/10/2017 20:35:05 (Std) 	WindowFactory for 'CEGUI/GroupBox' windows added. (0x2482a60)
11/10/2017 20:35:05 (Std) 	Created WindowFactory for 'CEGUI/Tree' windows.
11/10/2017 20:35:05 (Std) 	WindowFactory for 'CEGUI/Tree' windows added. (0x2482c00)
11/10/2017 20:35:05 (Std) 	Created WindowFactory for 'LayoutCell' windows.
11/10/2017 20:35:05 (Std) 	WindowFactory for 'LayoutCell' windows added. (0x2482da0)
11/10/2017 20:35:05 (Std) 	Created WindowFactory for 'HorizontalLayoutContainer' windows.
11/10/2017 20:35:05 (Std) 	WindowFactory for 'HorizontalLayoutContainer' windows added. (0x2485cd0)
11/10/2017 20:35:05 (Std) 	Created WindowFactory for 'VerticalLayoutContainer' windows.
11/10/2017 20:35:05 (Std) 	WindowFactory for 'VerticalLayoutContainer' windows added. (0x248b440)
11/10/2017 20:35:05 (Std) 	Created WindowFactory for 'GridLayoutContainer' windows.
11/10/2017 20:35:05 (Std) 	WindowFactory for 'GridLayoutContainer' windows added. (0x248b5e0)
11/10/2017 20:35:05 (Std) 	CEGUI::System singleton created. (0x2486d60)
11/10/2017 20:35:05 (Std) 	---- CEGUI System initialisation completed ----
11/10/2017 20:35:05 (Std) 	
11/10/2017 20:35:05 (Std) 	Started creation of Scheme from XML specification:
11/10/2017 20:35:05 (Std) 	---- CEGUI GUIScheme name: VanillaSkin
11/10/2017 20:35:05 (Std) 	[ImageManager] Started creation of Imageset from XML specification:
11/10/2017 20:35:05 (Std) 	[ImageManager] ---- CEGUI Imageset name: Vanilla-Images
11/10/2017 20:35:05 (Std) 	[ImageManager] ---- Source texture file: vanilla.png
11/10/2017 20:35:05 (Std) 	[ImageManager] ---- Source texture resource group: (Default)
11/10/2017 20:35:05 (Std) 	[OpenGLRenderer] Created texture: Vanilla-Images
11/10/2017 20:35:05 (Std) 	[ImageManager] Created image: 'Vanilla-Images/GenericBrush' (0x25132a0) of type: BasicImage
11/10/2017 20:35:05 (Std) 	[ImageManager] Created image: 'Vanilla-Images/FrameTopLeft' (0x24f1150) of type: BasicImage
11/10/2017 20:35:05 (Std) 	[ImageManager] Created image: 'Vanilla-Images/FrameTopRight' (0x2518160) of type: BasicImage
11/10/2017 20:35:05 (Std) 	[ImageManager] Created image: 'Vanilla-Images/FrameBottomLeft' (0x2518370) of type: BasicImage
11/10/2017 20:35:05 (Std) 	[ImageManager] Created image: 'Vanilla-Images/FrameBottomRight' (0x2518580) of type: BasicImage
11/10/2017 20:35:05 (Std) 	[ImageManager] Created image: 'Vanilla-Images/FrameLeft' (0x2518790) of type: BasicImage
11/10/2017 20:35:05 (Std) 	[ImageManager] Created image: 'Vanilla-Images/FrameRight' (0x25189a0) of type: BasicImage
11/10/2017 20:35:05 (Std) 	[ImageManager] Created image: 'Vanilla-Images/FrameTop' (0x2512df0) of type: BasicImage
11/10/2017 20:35:05 (Std) 	[ImageManager] Created image: 'Vanilla-Images/FrameBottom' (0x2518ed0) of type: BasicImage
11/10/2017 20:35:05 (Std) 	[ImageManager] Created image: 'Vanilla-Images/ScrollUpArrow' (0x2519430) of type: BasicImage
11/10/2017 20:35:05 (Std) 	[ImageManager] Created image: 'Vanilla-Images/ScrollDownArrow' (0x2519640) of type: BasicImage
11/10/2017 20:35:05 (Std) 	[ImageManager] Created image: 'Vanilla-Images/VertScrollContainer' (0x2519850) of type: BasicImage
11/10/2017 20:35:05 (Std) 	[ImageManager] Created image: 'Vanilla-Images/ScrollLeftArrow' (0x2519a60) of type: BasicImage
11/10/2017 20:35:05 (Std) 	[ImageManager] Created image: 'Vanilla-Images/ScrollRightArrow' (0x2519c70) of type: BasicImage
11/10/2017 20:35:05 (Std) 	[ImageManager] Created image: 'Vanilla-Images/HorzScrollContainer' (0x2519e80) of type: BasicImage
11/10/2017 20:35:05 (Std) 	[ImageManager] Created image: 'Vanilla-Images/ScrollbarThumb' (0x251a090) of type: BasicImage
11/10/2017 20:35:05 (Std) 	[ImageManager] Created image: 'Vanilla-Images/ShadowBrush' (0x251a2a0) of type: BasicImage
11/10/2017 20:35:05 (Std) 	[ImageManager] Created image: 'Vanilla-Images/MouseArrow' (0x251a4b0) of type: BasicImage
11/10/2017 20:35:05 (Std) 	[ImageManager] Created image: 'Vanilla-Images/CheckboxNormal' (0x251a6c0) of type: BasicImage
11/10/2017 20:35:05 (Std) 	[ImageManager] Created image: 'Vanilla-Images/CheckboxHover' (0x251a8d0) of type: BasicImage
11/10/2017 20:35:05 (Std) 	[ImageManager] Created image: 'Vanilla-Images/CheckboxMark' (0x251aae0) of type: BasicImage
11/10/2017 20:35:05 (Std) 	[ImageManager] Created image: 'Vanilla-Images/RadioButtonNormal' (0x251acf0) of type: BasicImage
11/10/2017 20:35:05 (Std) 	[ImageManager] Created image: 'Vanilla-Images/RadioButtonHover' (0x251af00) of type: BasicImage
11/10/2017 20:35:05 (Std) 	[ImageManager] Created image: 'Vanilla-Images/RadioButtonMark' (0x251b110) of type: BasicImage
11/10/2017 20:35:05 (Std) 	[ImageManager] Created image: 'Vanilla-Images/SliderScrollUpArrow' (0x251b320) of type: BasicImage
11/10/2017 20:35:05 (Std) 	[ImageManager] Created image: 'Vanilla-Images/SliderScrollDownArrow' (0x251b5d0) of type: BasicImage
11/10/2017 20:35:05 (Std) 	[ImageManager] Created image: 'Vanilla-Images/SliderScrollLeftArrow' (0x251b920) of type: BasicImage
11/10/2017 20:35:05 (Std) 	[ImageManager] Created image: 'Vanilla-Images/SliderScrollRightArrow' (0x251bc70) of type: BasicImage
11/10/2017 20:35:05 (Std) 	[ImageManager] Created image: 'Vanilla-Images/VerticalImageSliderThumb' (0x251bfc0) of type: BasicImage
11/10/2017 20:35:05 (Std) 	[ImageManager] Created image: 'Vanilla-Images/HorizontalImageSliderThumb' (0x251c280) of type: BasicImage
11/10/2017 20:35:05 (Std) 	[ImageManager] Created image: 'Vanilla-Images/VerticalImageSliderContainer' (0x251c5f0) of type: BasicImage
11/10/2017 20:35:05 (Std) 	[ImageManager] Created image: 'Vanilla-Images/HorizontalImageSliderContainer' (0x251c980) of type: BasicImage
11/10/2017 20:35:05 (Std) 	[ImageManager] Created image: 'Vanilla-Images/DefaultScrollImage' (0x251cdd0) of type: BasicImage
11/10/2017 20:35:05 (Std) 	[ImageManager] Created image: 'Vanilla-Images/VerticalImageSliderTopEnd' (0x251cfe0) of type: BasicImage
11/10/2017 20:35:05 (Std) 	[ImageManager] Created image: 'Vanilla-Images/VerticalImageSliderBottomEnd' (0x251d350) of type: BasicImage
11/10/2017 20:35:05 (Std) 	[ImageManager] Created image: 'Vanilla-Images/HorizontalImageSliderLeftEnd' (0x251d6e0) of type: BasicImage
11/10/2017 20:35:05 (Std) 	[ImageManager] Created image: 'Vanilla-Images/HorizontalImageSliderRightEnd' (0x251da70) of type: BasicImage
11/10/2017 20:35:05 (Std) 	[ImageManager] Created image: 'Vanilla-Images/ColourPickerCursor' (0x251de00) of type: BasicImage
11/10/2017 20:35:05 (Std) 	[ImageManager] Created image: 'Vanilla-Images/TooltipBottomEdge' (0x24e9dd0) of type: BasicImage
11/10/2017 20:35:05 (Std) 	[ImageManager] Created image: 'Vanilla-Images/TooltipBottomLeft' (0x25254e0) of type: BasicImage
11/10/2017 20:35:05 (Std) 	[ImageManager] Created image: 'Vanilla-Images/TooltipTopEdge' (0x25257b0) of type: BasicImage
11/10/2017 20:35:05 (Std) 	[ImageManager] Created image: 'Vanilla-Images/TooltipTopRight' (0x25259c0) of type: BasicImage
11/10/2017 20:35:05 (Std) 	[ImageManager] Created image: 'Vanilla-Images/TooltipRightEdge' (0x2525bd0) of type: BasicImage
11/10/2017 20:35:05 (Std) 	[ImageManager] Created image: 'Vanilla-Images/TooltipTopLeft' (0x2525de0) of type: BasicImage
11/10/2017 20:35:05 (Std) 	[ImageManager] Created image: 'Vanilla-Images/TooltipLeftEdge' (0x2525ff0) of type: BasicImage
11/10/2017 20:35:05 (Std) 	[ImageManager] Created image: 'Vanilla-Images/TooltipMiddle' (0x2526200) of type: BasicImage
11/10/2017 20:35:05 (Std) 	[ImageManager] Created image: 'Vanilla-Images/TooltipBottomRight' (0x2526410) of type: BasicImage
11/10/2017 20:35:05 (Std) 	[ImageManager] Created image: 'Vanilla-Images/DropDownButtonNormal' (0x2526740) of type: BasicImage
11/10/2017 20:35:05 (Std) 	[ImageManager] Created image: 'Vanilla-Images/DropDownButtonHover' (0x2526a90) of type: BasicImage
11/10/2017 20:35:05 (Std) 	[ImageManager] Created image: 'Vanilla-Images/DropDownButtonPushed' (0x2526de0) of type: BasicImage
11/10/2017 20:35:05 (Std) 	===== Falagard 'root' element: look and feel parsing begins =====
11/10/2017 20:35:05 (Std) 	===== Look and feel parsing completed =====
11/10/2017 20:35:05 (Std) 	No window renderer factories specified for module 'CEGUICoreWindowRendererSet' - adding all available factories...
11/10/2017 20:35:05 (Std) 	Created WindowRendererFactory for 'Core/Button' WindowRenderers.
11/10/2017 20:35:05 (Std) 	WindowRendererFactory 'Core/Button' added. (0x25968b0)
11/10/2017 20:35:05 (Std) 	Created WindowRendererFactory for 'Core/Default' WindowRenderers.
11/10/2017 20:35:05 (Std) 	WindowRendererFactory 'Core/Default' added. (0x2596a50)
11/10/2017 20:35:05 (Std) 	Created WindowRendererFactory for 'Core/Editbox' WindowRenderers.
11/10/2017 20:35:05 (Std) 	WindowRendererFactory 'Core/Editbox' added. (0x24f5650)
11/10/2017 20:35:05 (Std) 	Created WindowRendererFactory for 'Core/FrameWindow' WindowRenderers.
11/10/2017 20:35:05 (Std) 	WindowRendererFactory 'Core/FrameWindow' added. (0x24d9060)
11/10/2017 20:35:05 (Std) 	Created WindowRendererFactory for 'Core/ItemEntry' WindowRenderers.
11/10/2017 20:35:05 (Std) 	WindowRendererFactory 'Core/ItemEntry' added. (0x24d9200)
11/10/2017 20:35:05 (Std) 	Created WindowRendererFactory for 'Core/ListHeader' WindowRenderers.
11/10/2017 20:35:05 (Std) 	WindowRendererFactory 'Core/ListHeader' added. (0x2518c90)
11/10/2017 20:35:05 (Std) 	Created WindowRendererFactory for 'Core/ListHeaderSegment' WindowRenderers.
11/10/2017 20:35:05 (Std) 	WindowRendererFactory 'Core/ListHeaderSegment' added. (0x25d21f0)
11/10/2017 20:35:05 (Std) 	Created WindowRendererFactory for 'Core/Listbox' WindowRenderers.
11/10/2017 20:35:05 (Std) 	WindowRendererFactory 'Core/Listbox' added. (0x25d2390)
11/10/2017 20:35:05 (Std) 	Created WindowRendererFactory for 'Core/Menubar' WindowRenderers.
11/10/2017 20:35:05 (Std) 	WindowRendererFactory 'Core/Menubar' added. (0x25d2450)
11/10/2017 20:35:05 (Std) 	Created WindowRendererFactory for 'Core/MenuItem' WindowRenderers.
11/10/2017 20:35:05 (Std) 	WindowRendererFactory 'Core/MenuItem' added. (0x25cc000)
11/10/2017 20:35:05 (Std) 	Created WindowRendererFactory for 'Core/MultiColumnList' WindowRenderers.
11/10/2017 20:35:05 (Std) 	WindowRendererFactory 'Core/MultiColumnList' added. (0x25cc0c0)
11/10/2017 20:35:05 (Std) 	Created WindowRendererFactory for 'Core/MultiLineEditbox' WindowRenderers.
11/10/2017 20:35:05 (Std) 	WindowRendererFactory 'Core/MultiLineEditbox' added. (0x25179c0)
11/10/2017 20:35:05 (Std) 	Created WindowRendererFactory for 'Core/PopupMenu' WindowRenderers.
11/10/2017 20:35:05 (Std) 	WindowRendererFactory 'Core/PopupMenu' added. (0x24f8b90)
11/10/2017 20:35:05 (Std) 	Created WindowRendererFactory for 'Core/ProgressBar' WindowRenderers.
11/10/2017 20:35:05 (Std) 	WindowRendererFactory 'Core/ProgressBar' added. (0x24f8d30)
11/10/2017 20:35:05 (Std) 	Created WindowRendererFactory for 'Core/ScrollablePane' WindowRenderers.
11/10/2017 20:35:05 (Std) 	WindowRendererFactory 'Core/ScrollablePane' added. (0x24e6a80)
11/10/2017 20:35:05 (Std) 	Created WindowRendererFactory for 'Core/Scrollbar' WindowRenderers.
11/10/2017 20:35:05 (Std) 	WindowRendererFactory 'Core/Scrollbar' added. (0x24e6c20)
11/10/2017 20:35:05 (Std) 	Created WindowRendererFactory for 'Core/Slider' WindowRenderers.
11/10/2017 20:35:05 (Std) 	WindowRendererFactory 'Core/Slider' added. (0x259b100)
11/10/2017 20:35:05 (Std) 	Created WindowRendererFactory for 'Core/Static' WindowRenderers.
11/10/2017 20:35:05 (Std) 	WindowRendererFactory 'Core/Static' added. (0x259b3b0)
11/10/2017 20:35:05 (Std) 	Created WindowRendererFactory for 'Core/StaticImage' WindowRenderers.
11/10/2017 20:35:05 (Std) 	WindowRendererFactory 'Core/StaticImage' added. (0x24f46d0)
11/10/2017 20:35:05 (Std) 	Created WindowRendererFactory for 'Core/StaticText' WindowRenderers.
11/10/2017 20:35:05 (Std) 	WindowRendererFactory 'Core/StaticText' added. (0x24f4870)
11/10/2017 20:35:05 (Std) 	Created WindowRendererFactory for 'Core/TabButton' WindowRenderers.
11/10/2017 20:35:05 (Std) 	WindowRendererFactory 'Core/TabButton' added. (0x24f4a10)
11/10/2017 20:35:05 (Std) 	Created WindowRendererFactory for 'Core/TabControl' WindowRenderers.
11/10/2017 20:35:05 (Std) 	WindowRendererFactory 'Core/TabControl' added. (0x25c13a0)
11/10/2017 20:35:05 (Std) 	Created WindowRendererFactory for 'Core/Titlebar' WindowRenderers.
11/10/2017 20:35:05 (Std) 	WindowRendererFactory 'Core/Titlebar' added. (0x25c1540)
11/10/2017 20:35:05 (Std) 	Created WindowRendererFactory for 'Core/ToggleButton' WindowRenderers.
11/10/2017 20:35:05 (Std) 	WindowRendererFactory 'Core/ToggleButton' added. (0x25c16e0)
11/10/2017 20:35:05 (Std) 	Created WindowRendererFactory for 'Core/Tooltip' WindowRenderers.
11/10/2017 20:35:05 (Std) 	WindowRendererFactory 'Core/Tooltip' added. (0x25c1880)
11/10/2017 20:35:05 (Std) 	Created WindowRendererFactory for 'Core/ItemListbox' WindowRenderers.
11/10/2017 20:35:05 (Std) 	WindowRendererFactory 'Core/ItemListbox' added. (0x25c1a20)
11/10/2017 20:35:05 (Std) 	Created WindowRendererFactory for 'Core/Tree' WindowRenderers.
11/10/2017 20:35:05 (Std) 	WindowRendererFactory 'Core/Tree' added. (0x25ab420)
11/10/2017 20:35:05 (Std) 	Creating falagard mapping for type 'Vanilla/Label' using base type 'DefaultWindow', window renderer 'Core/Default' Look'N'Feel 'Vanilla/Label' and RenderEffect ''. (0x7ffdc0d52350)
11/10/2017 20:35:05 (Std) 	Creating falagard mapping for type 'Vanilla/Titlebar' using base type 'CEGUI/Titlebar', window renderer 'Core/Titlebar' Look'N'Feel 'Vanilla/Titlebar' and RenderEffect ''. (0x7ffdc0d52350)
11/10/2017 20:35:05 (Std) 	Creating falagard mapping for type 'Vanilla/Button' using base type 'CEGUI/PushButton', window renderer 'Core/Button' Look'N'Feel 'Vanilla/Button' and RenderEffect ''. (0x7ffdc0d52350)
11/10/2017 20:35:05 (Std) 	Creating falagard mapping for type 'Vanilla/FrameWindow' using base type 'CEGUI/FrameWindow', window renderer 'Core/FrameWindow' Look'N'Feel 'Vanilla/FrameWindow' and RenderEffect ''. (0x7ffdc0d52350)
11/10/2017 20:35:05 (Std) 	Creating falagard mapping for type 'Vanilla/Editbox' using base type 'CEGUI/Editbox', window renderer 'Core/Editbox' Look'N'Feel 'Vanilla/Editbox' and RenderEffect ''. (0x7ffdc0d52350)
11/10/2017 20:35:05 (Std) 	Creating falagard mapping for type 'Vanilla/VerticalScrollbarThumb' using base type 'CEGUI/Thumb', window renderer 'Core/Button' Look'N'Feel 'Vanilla/VerticalScrollbarThumb' and RenderEffect ''. (0x7ffdc0d52350)
11/10/2017 20:35:05 (Std) 	Creating falagard mapping for type 'Vanilla/VerticalScrollbar' using base type 'CEGUI/Scrollbar', window renderer 'Core/Scrollbar' Look'N'Feel 'Vanilla/VerticalScrollbar' and RenderEffect ''. (0x7ffdc0d52350)
11/10/2017 20:35:05 (Std) 	Creating falagard mapping for type 'Vanilla/HorizontalScrollbarThumb' using base type 'CEGUI/Thumb', window renderer 'Core/Button' Look'N'Feel 'Vanilla/HorizontalScrollbarThumb' and RenderEffect ''. (0x7ffdc0d52350)
11/10/2017 20:35:05 (Std) 	Creating falagard mapping for type 'Vanilla/HorizontalScrollbar' using base type 'CEGUI/Scrollbar', window renderer 'Core/Scrollbar' Look'N'Feel 'Vanilla/HorizontalScrollbar' and RenderEffect ''. (0x7ffdc0d52350)
11/10/2017 20:35:05 (Std) 	Creating falagard mapping for type 'Vanilla/StaticImage' using base type 'DefaultWindow', window renderer 'Core/StaticImage' Look'N'Feel 'Vanilla/StaticImage' and RenderEffect ''. (0x7ffdc0d52350)
11/10/2017 20:35:05 (Std) 	Creating falagard mapping for type 'Vanilla/StaticText' using base type 'DefaultWindow', window renderer 'Core/StaticText' Look'N'Feel 'Vanilla/StaticText' and RenderEffect ''. (0x7ffdc0d52350)
11/10/2017 20:35:05 (Std) 	Creating falagard mapping for type 'Vanilla/Listbox' using base type 'CEGUI/Listbox', window renderer 'Core/Listbox' Look'N'Feel 'Vanilla/Listbox' and RenderEffect ''. (0x7ffdc0d52350)
11/10/2017 20:35:05 (Std) 	Creating falagard mapping for type 'Vanilla/MultiLineEditbox' using base type 'CEGUI/MultiLineEditbox', window renderer 'Core/MultiLineEditbox' Look'N'Feel 'Vanilla/MultiLineEditbox' and RenderEffect ''. (0x7ffdc0d52350)
11/10/2017 20:35:05 (Std) 	Creating falagard mapping for type 'Vanilla/ComboDropList' using base type 'CEGUI/ComboDropList', window renderer 'Core/Listbox' Look'N'Feel 'Vanilla/ComboDropList' and RenderEffect ''. (0x7ffdc0d52350)
11/10/2017 20:35:05 (Std) 	Creating falagard mapping for type 'Vanilla/Combobox' using base type 'CEGUI/Combobox', window renderer 'Core/Default' Look'N'Feel 'Vanilla/Combobox' and RenderEffect ''. (0x7ffdc0d52350)
11/10/2017 20:35:05 (Std) 	Creating falagard mapping for type 'Vanilla/ProgressBar' using base type 'CEGUI/ProgressBar', window renderer 'Core/ProgressBar' Look'N'Feel 'Vanilla/ProgressBar' and RenderEffect ''. (0x7ffdc0d52350)
11/10/2017 20:35:05 (Std) 	Creating falagard mapping for type 'Vanilla/Checkbox' using base type 'CEGUI/ToggleButton', window renderer 'Core/ToggleButton' Look'N'Feel 'Vanilla/Checkbox' and RenderEffect ''. (0x7ffdc0d52350)
11/10/2017 20:35:05 (Std) 	Creating falagard mapping for type 'Vanilla/RadioButton' using base type 'CEGUI/RadioButton', window renderer 'Core/ToggleButton' Look'N'Feel 'Vanilla/RadioButton' and RenderEffect ''. (0x7ffdc0d52350)
11/10/2017 20:35:05 (Std) 	Creating falagard mapping for type 'Vanilla/Tooltip' using base type 'CEGUI/Tooltip', window renderer 'Core/Tooltip' Look'N'Feel 'Vanilla/Tooltip' and RenderEffect ''. (0x7ffdc0d52350)
11/10/2017 20:35:05 (Std) 	Started creation of Scheme from XML specification:
11/10/2017 20:35:05 (Std) 	---- CEGUI GUIScheme name: FOTDSkin
11/10/2017 20:35:05 (Std) 	[ImageManager] Started creation of Imageset from XML specification:
11/10/2017 20:35:05 (Std) 	[ImageManager] ---- CEGUI Imageset name: FOTDSkin
11/10/2017 20:35:05 (Std) 	[ImageManager] ---- Source texture file: FOTDSkin.png
11/10/2017 20:35:05 (Std) 	[ImageManager] ---- Source texture resource group: (Default)
11/10/2017 20:35:05 (Std) 	[OpenGLRenderer] Created texture: FOTDSkin
11/10/2017 20:35:05 (Std) 	[ImageManager] Created image: 'FOTDSkin/WindowB' (0x2527d50) of type: BasicImage
11/10/2017 20:35:05 (Std) 	[ImageManager] Created image: 'FOTDSkin/WindowL' (0x25dedd0) of type: BasicImage
11/10/2017 20:35:05 (Std) 	[ImageManager] Created image: 'FOTDSkin/WindowR' (0x2527f60) of type: BasicImage
11/10/2017 20:35:05 (Std) 	[ImageManager] Created image: 'FOTDSkin/WindowT' (0x2528170) of type: BasicImage
11/10/2017 20:35:05 (Std) 	[ImageManager] Created image: 'FOTDSkin/EditboxB' (0x2528380) of type: BasicImage
11/10/2017 20:35:05 (Std) 	[ImageManager] Created image: 'FOTDSkin/EditboxL' (0x2528590) of type: BasicImage
11/10/2017 20:35:05 (Std) 	[ImageManager] Created image: 'FOTDSkin/EditboxR' (0x25287a0) of type: BasicImage
11/10/2017 20:35:05 (Std) 	[ImageManager] Created image: 'FOTDSkin/EditboxT' (0x25289b0) of type: BasicImage
11/10/2017 20:35:05 (Std) 	[ImageManager] Created image: 'FOTDSkin/WindowBL' (0x2528bc0) of type: BasicImage
11/10/2017 20:35:05 (Std) 	[ImageManager] Created image: 'FOTDSkin/WindowBR' (0x2528dd0) of type: BasicImage
11/10/2017 20:35:05 (Std) 	[ImageManager] Created image: 'FOTDSkin/WindowTL' (0x2528fe0) of type: BasicImage
11/10/2017 20:35:05 (Std) 	[ImageManager] Created image: 'FOTDSkin/WindowTR' (0x25291f0) of type: BasicImage
11/10/2017 20:35:05 (Std) 	[ImageManager] Created image: 'FOTDSkin/EditboxBL' (0x2529400) of type: BasicImage
11/10/2017 20:35:05 (Std) 	[ImageManager] Created image: 'FOTDSkin/EditboxBR' (0x2529610) of type: BasicImage
11/10/2017 20:35:05 (Std) 	[ImageManager] Created image: 'FOTDSkin/EditboxTL' (0x2529820) of type: BasicImage
11/10/2017 20:35:05 (Std) 	[ImageManager] Created image: 'FOTDSkin/EditboxTR' (0x2529a30) of type: BasicImage
11/10/2017 20:35:05 (Std) 	[ImageManager] Created image: 'FOTDSkin/MouseMove' (0x2529c40) of type: BasicImage
11/10/2017 20:35:05 (Std) 	[ImageManager] Created image: 'FOTDSkin/MouseNeSw' (0x2529e50) of type: BasicImage
11/10/2017 20:35:05 (Std) 	[ImageManager] Created image: 'FOTDSkin/NewImage1' (0x252a060) of type: BasicImage
11/10/2017 20:35:05 (Std) 	[ImageManager] Created image: 'FOTDSkin/MouseArrow' (0x252a270) of type: BasicImage
11/10/2017 20:35:05 (Std) 	[ImageManager] Created image: 'FOTDSkin/WindowFill' (0x252a480) of type: BasicImage
11/10/2017 20:35:05 (Std) 	[ImageManager] Created image: 'FOTDSkin/EditboxFill' (0x252a690) of type: BasicImage
11/10/2017 20:35:05 (Std) 	[ImageManager] Created image: 'FOTDSkin/WindowClipB' (0x252a8a0) of type: BasicImage
11/10/2017 20:35:05 (Std) 	[ImageManager] Created image: 'FOTDSkin/WindowClipL' (0x252aab0) of type: BasicImage
11/10/2017 20:35:05 (Std) 	[ImageManager] Created image: 'FOTDSkin/WindowClipR' (0x252acc0) of type: BasicImage
11/10/2017 20:35:05 (Std) 	[ImageManager] Created image: 'FOTDSkin/WindowClipT' (0x252aed0) of type: BasicImage
11/10/2017 20:35:05 (Std) 	[ImageManager] Created image: 'FOTDSkin/ButtonHoverB' (0x252b0e0) of type: BasicImage
11/10/2017 20:35:05 (Std) 	[ImageManager] Created image: 'FOTDSkin/ButtonHoverL' (0x252b2f0) of type: BasicImage
11/10/2017 20:35:05 (Std) 	[ImageManager] Created image: 'FOTDSkin/ButtonHoverR' (0x252b500) of type: BasicImage
11/10/2017 20:35:05 (Std) 	[ImageManager] Created image: 'FOTDSkin/ButtonHoverT' (0x252b710) of type: BasicImage
11/10/2017 20:35:05 (Std) 	[ImageManager] Created image: 'FOTDSkin/GenericBrush' (0x252b920) of type: BasicImage
11/10/2017 20:35:05 (Std) 	[ImageManager] Created image: 'FOTDSkin/MouseTextBar' (0x252bb30) of type: BasicImage
11/10/2017 20:35:05 (Std) 	[ImageManager] Created image: 'FOTDSkin/ButtonHoverBL' (0x252bd40) of type: BasicImage
11/10/2017 20:35:05 (Std) 	[ImageManager] Created image: 'FOTDSkin/ButtonHoverBR' (0x252bf50) of type: BasicImage
11/10/2017 20:35:05 (Std) 	[ImageManager] Created image: 'FOTDSkin/ButtonHoverTL' (0x252c160) of type: BasicImage
11/10/2017 20:35:05 (Std) 	[ImageManager] Created image: 'FOTDSkin/ButtonHoverTR' (0x252c370) of type: BasicImage
11/10/2017 20:35:05 (Std) 	[ImageManager] Created image: 'FOTDSkin/ButtonNormalB' (0x252c580) of type: BasicImage
11/10/2017 20:35:05 (Std) 	[ImageManager] Created image: 'FOTDSkin/ButtonNormalL' (0x252c790) of type: BasicImage
11/10/2017 20:35:05 (Std) 	[ImageManager] Created image: 'FOTDSkin/ButtonNormalR' (0x252c9a0) of type: BasicImage
11/10/2017 20:35:05 (Std) 	[ImageManager] Created image: 'FOTDSkin/ButtonNormalT' (0x252cbb0) of type: BasicImage
11/10/2017 20:35:05 (Std) 	[ImageManager] Created image: 'FOTDSkin/ButtonPushedB' (0x252cdc0) of type: BasicImage
11/10/2017 20:35:05 (Std) 	[ImageManager] Created image: 'FOTDSkin/ButtonPushedL' (0x252cfd0) of type: BasicImage
11/10/2017 20:35:05 (Std) 	[ImageManager] Created image: 'FOTDSkin/ButtonPushedR' (0x252d1e0) of type: BasicImage
11/10/2017 20:35:05 (Std) 	[ImageManager] Created image: 'FOTDSkin/ButtonPushedT' (0x252d3f0) of type: BasicImage
11/10/2017 20:35:05 (Std) 	[ImageManager] Created image: 'FOTDSkin/CheckboxHover' (0x252d600) of type: BasicImage
11/10/2017 20:35:05 (Std) 	[ImageManager] Created image: 'FOTDSkin/ProgressFullB' (0x252d810) of type: BasicImage
11/10/2017 20:35:05 (Std) 	[ImageManager] Created image: 'FOTDSkin/ProgressFullL' (0x252da20) of type: BasicImage
11/10/2017 20:35:05 (Std) 	[ImageManager] Created image: 'FOTDSkin/ProgressFullR' (0x252dc30) of type: BasicImage
11/10/2017 20:35:05 (Std) 	[ImageManager] Created image: 'FOTDSkin/ProgressFullT' (0x252de40) of type: BasicImage
11/10/2017 20:35:05 (Std) 	[ImageManager] Created image: 'FOTDSkin/ScrollUpHover' (0x252e050) of type: BasicImage
11/10/2017 20:35:05 (Std) 	[ImageManager] Created image: 'FOTDSkin/ButtonNormalBL' (0x252e260) of type: BasicImage
11/10/2017 20:35:05 (Std) 	[ImageManager] Created image: 'FOTDSkin/ButtonNormalBR' (0x252e470) of type: BasicImage
11/10/2017 20:35:05 (Std) 	[ImageManager] Created image: 'FOTDSkin/ButtonNormalTL' (0x252e680) of type: BasicImage
11/10/2017 20:35:05 (Std) 	[ImageManager] Created image: 'FOTDSkin/ButtonNormalTR' (0x252e890) of type: BasicImage
11/10/2017 20:35:05 (Std) 	[ImageManager] Created image: 'FOTDSkin/ButtonPushedBL' (0x252eaa0) of type: BasicImage
11/10/2017 20:35:05 (Std) 	[ImageManager] Created image: 'FOTDSkin/ButtonPushedBR' (0x252ecb0) of type: BasicImage
11/10/2017 20:35:05 (Std) 	[ImageManager] Created image: 'FOTDSkin/ButtonPushedTL' (0x252eec0) of type: BasicImage
11/10/2017 20:35:05 (Std) 	[ImageManager] Created image: 'FOTDSkin/ButtonPushedTR' (0x252f0d0) of type: BasicImage
11/10/2017 20:35:05 (Std) 	[ImageManager] Created image: 'FOTDSkin/CheckboxNormal' (0x252f2e0) of type: BasicImage
11/10/2017 20:35:05 (Std) 	[ImageManager] Created image: 'FOTDSkin/HorzScrollbarB' (0x252f4f0) of type: BasicImage
11/10/2017 20:35:05 (Std) 	[ImageManager] Created image: 'FOTDSkin/HorzScrollbarT' (0x252f700) of type: BasicImage
11/10/2017 20:35:05 (Std) 	[ImageManager] Created image: 'FOTDSkin/ProgressEmptyB' (0x252f910) of type: BasicImage
11/10/2017 20:35:05 (Std) 	[ImageManager] Created image: 'FOTDSkin/ProgressEmptyL' (0x252fb20) of type: BasicImage
11/10/2017 20:35:05 (Std) 	[ImageManager] Created image: 'FOTDSkin/ProgressEmptyR' (0x252fd30) of type: BasicImage
11/10/2017 20:35:05 (Std) 	[ImageManager] Created image: 'FOTDSkin/ProgressEmptyT' (0x252ff40) of type: BasicImage
11/10/2017 20:35:05 (Std) 	[ImageManager] Created image: 'FOTDSkin/ProgressFullBL' (0x2530150) of type: BasicImage
11/10/2017 20:35:05 (Std) 	[ImageManager] Created image: 'FOTDSkin/ProgressFullBR' (0x2530360) of type: BasicImage
11/10/2017 20:35:05 (Std) 	[ImageManager] Created image: 'FOTDSkin/ProgressFullTL' (0x2530570) of type: BasicImage
11/10/2017 20:35:05 (Std) 	[ImageManager] Created image: 'FOTDSkin/ProgressFullTR' (0x2527710) of type: BasicImage
11/10/2017 20:35:05 (Std) 	[ImageManager] Created image: 'FOTDSkin/ProgressShadow' (0x25de840) of type: BasicImage
11/10/2017 20:35:05 (Std) 	[ImageManager] Created image: 'FOTDSkin/ScrollUpNormal' (0x25456e0) of type: BasicImage
11/10/2017 20:35:05 (Std) 	[ImageManager] Created image: 'FOTDSkin/ScrollUpPushed' (0x25458f0) of type: BasicImage
11/10/2017 20:35:05 (Std) 	[ImageManager] Created image: 'FOTDSkin/TitlebarDummy1' (0x2545b00) of type: BasicImage
11/10/2017 20:35:05 (Std) 	[ImageManager] Created image: 'FOTDSkin/VertScrollbarL' (0x2545d10) of type: BasicImage
11/10/2017 20:35:05 (Std) 	[ImageManager] Created image: 'FOTDSkin/VertScrollbarR' (0x2545f20) of type: BasicImage
11/10/2017 20:35:05 (Std) 	[ImageManager] Created image: 'FOTDSkin/CheckboxChecked' (0x2546130) of type: BasicImage
11/10/2017 20:35:05 (Std) 	[ImageManager] Created image: 'FOTDSkin/HorzThumbHoverB' (0x2546340) of type: BasicImage
11/10/2017 20:35:05 (Std) 	[ImageManager] Created image: 'FOTDSkin/HorzThumbHoverT' (0x2546550) of type: BasicImage
11/10/2017 20:35:05 (Std) 	[ImageManager] Created image: 'FOTDSkin/ProgressEmptyBL' (0x2546760) of type: BasicImage
11/10/2017 20:35:05 (Std) 	[ImageManager] Created image: 'FOTDSkin/ProgressEmptyBR' (0x2546970) of type: BasicImage
11/10/2017 20:35:05 (Std) 	[ImageManager] Created image: 'FOTDSkin/ProgressEmptyTL' (0x2546b80) of type: BasicImage
11/10/2017 20:35:05 (Std) 	[ImageManager] Created image: 'FOTDSkin/ProgressEmptyTR' (0x2546d90) of type: BasicImage
11/10/2017 20:35:05 (Std) 	[ImageManager] Created image: 'FOTDSkin/ScrollDownHover' (0x2546fa0) of type: BasicImage
11/10/2017 20:35:05 (Std) 	[ImageManager] Created image: 'FOTDSkin/ScrollLeftHover' (0x25471b0) of type: BasicImage
11/10/2017 20:35:05 (Std) 	[ImageManager] Created image: 'FOTDSkin/TitlebarActiveB' (0x25473c0) of type: BasicImage
11/10/2017 20:35:05 (Std) 	[ImageManager] Created image: 'FOTDSkin/TitlebarActiveL' (0x25475d0) of type: BasicImage
11/10/2017 20:35:05 (Std) 	[ImageManager] Created image: 'FOTDSkin/TitlebarActiveR' (0x25477e0) of type: BasicImage
11/10/2017 20:35:05 (Std) 	[ImageManager] Created image: 'FOTDSkin/TitlebarActiveT' (0x25479f0) of type: BasicImage
11/10/2017 20:35:05 (Std) 	[ImageManager] Created image: 'FOTDSkin/VertThumbHoverL' (0x2547c00) of type: BasicImage
11/10/2017 20:35:05 (Std) 	[ImageManager] Created image: 'FOTDSkin/VertThumbHoverR' (0x2547e10) of type: BasicImage
11/10/2017 20:35:05 (Std) 	[ImageManager] Created image: 'FOTDSkin/ButtonHoverFill1' (0x2548020) of type: BasicImage
11/10/2017 20:35:05 (Std) 	[ImageManager] Created image: 'FOTDSkin/ButtonHoverFill2' (0x2548230) of type: BasicImage
11/10/2017 20:35:05 (Std) 	[ImageManager] Created image: 'FOTDSkin/HorzSliderTrackL' (0x2548440) of type: BasicImage
11/10/2017 20:35:05 (Std) 	[ImageManager] Created image: 'FOTDSkin/HorzSliderTrackR' (0x2548650) of type: BasicImage
11/10/2017 20:35:05 (Std) 	[ImageManager] Created image: 'FOTDSkin/HorzThumbHoverBL' (0x2548860) of type: BasicImage
11/10/2017 20:35:05 (Std) 	[ImageManager] Created image: 'FOTDSkin/HorzThumbHoverBR' (0x2548a70) of type: BasicImage
11/10/2017 20:35:05 (Std) 	[ImageManager] Created image: 'FOTDSkin/HorzThumbHoverTL' (0x2548c80) of type: BasicImage
11/10/2017 20:35:05 (Std) 	[ImageManager] Created image: 'FOTDSkin/HorzThumbHoverTR' (0x2548e90) of type: BasicImage
11/10/2017 20:35:05 (Std) 	[ImageManager] Created image: 'FOTDSkin/HorzThumbNormalB' (0x25490a0) of type: BasicImage
11/10/2017 20:35:05 (Std) 	[ImageManager] Created image: 'FOTDSkin/HorzThumbNormalT' (0x25492b0) of type: BasicImage
11/10/2017 20:35:05 (Std) 	[ImageManager] Created image: 'FOTDSkin/HorzThumbPushedB' (0x25494c0) of type: BasicImage
11/10/2017 20:35:05 (Std) 	[ImageManager] Created image: 'FOTDSkin/HorzThumbPushedT' (0x25496d0) of type: BasicImage
11/10/2017 20:35:05 (Std) 	[ImageManager] Created image: 'FOTDSkin/HorzThumbShadowL' (0x25498e0) of type: BasicImage
11/10/2017 20:35:05 (Std) 	[ImageManager] Created image: 'FOTDSkin/HorzThumbShadowR' (0x2549af0) of type: BasicImage
11/10/2017 20:35:05 (Std) 	[ImageManager] Created image: 'FOTDSkin/ProgressFullFill' (0x2549d00) of type: BasicImage
11/10/2017 20:35:05 (Std) 	[ImageManager] Created image: 'FOTDSkin/RadioButtonHover' (0x2549f10) of type: BasicImage
11/10/2017 20:35:05 (Std) 	[ImageManager] Created image: 'FOTDSkin/ScrollDownNormal' (0x254a120) of type: BasicImage
11/10/2017 20:35:05 (Std) 	[ImageManager] Created image: 'FOTDSkin/ScrollDownPushed' (0x254a330) of type: BasicImage
11/10/2017 20:35:05 (Std) 	[ImageManager] Created image: 'FOTDSkin/ScrollLeftNormal' (0x254a540) of type: BasicImage
11/10/2017 20:35:05 (Std) 	[ImageManager] Created image: 'FOTDSkin/ScrollLeftPushed' (0x254a750) of type: BasicImage
11/10/2017 20:35:05 (Std) 	[ImageManager] Created image: 'FOTDSkin/ScrollRightHover' (0x254a960) of type: BasicImage
11/10/2017 20:35:05 (Std) 	[ImageManager] Created image: 'FOTDSkin/TitlebarActiveBL' (0x254ab70) of type: BasicImage
11/10/2017 20:35:05 (Std) 	[ImageManager] Created image: 'FOTDSkin/TitlebarActiveBR' (0x254ad80) of type: BasicImage
11/10/2017 20:35:05 (Std) 	[ImageManager] Created image: 'FOTDSkin/TitlebarActiveTL' (0x254af90) of type: BasicImage
11/10/2017 20:35:05 (Std) 	[ImageManager] Created image: 'FOTDSkin/TitlebarActiveTR' (0x254b1a0) of type: BasicImage
11/10/2017 20:35:05 (Std) 	[ImageManager] Created image: 'FOTDSkin/VertSliderTrackB' (0x254b3b0) of type: BasicImage
11/10/2017 20:35:05 (Std) 	[ImageManager] Created image: 'FOTDSkin/VertSliderTrackT' (0x254b5c0) of type: BasicImage
11/10/2017 20:35:05 (Std) 	[ImageManager] Created image: 'FOTDSkin/VertThumbHoverBL' (0x254b7d0) of type: BasicImage
11/10/2017 20:35:05 (Std) 	[ImageManager] Created image: 'FOTDSkin/VertThumbHoverBR' (0x254b9e0) of type: BasicImage
11/10/2017 20:35:05 (Std) 	[ImageManager] Created image: 'FOTDSkin/VertThumbHoverTL' (0x254bbf0) of type: BasicImage
11/10/2017 20:35:05 (Std) 	[ImageManager] Created image: 'FOTDSkin/VertThumbHoverTR' (0x254be00) of type: BasicImage
11/10/2017 20:35:05 (Std) 	[ImageManager] Created image: 'FOTDSkin/VertThumbNormalL' (0x254c010) of type: BasicImage
11/10/2017 20:35:05 (Std) 	[ImageManager] Created image: 'FOTDSkin/VertThumbNormalR' (0x254c220) of type: BasicImage
11/10/2017 20:35:05 (Std) 	[ImageManager] Created image: 'FOTDSkin/VertThumbPushedL' (0x254c430) of type: BasicImage
11/10/2017 20:35:05 (Std) 	[ImageManager] Created image: 'FOTDSkin/VertThumbPushedR' (0x254c640) of type: BasicImage
11/10/2017 20:35:05 (Std) 	[ImageManager] Created image: 'FOTDSkin/VertThumbShadowB' (0x254c850) of type: BasicImage
11/10/2017 20:35:05 (Std) 	[ImageManager] Created image: 'FOTDSkin/VertThumbShadowT' (0x254ca60) of type: BasicImage
11/10/2017 20:35:05 (Std) 	[ImageManager] Created image: 'FOTDSkin/ButtonNormalFill1' (0x254cc70) of type: BasicImage
11/10/2017 20:35:05 (Std) 	[ImageManager] Created image: 'FOTDSkin/ButtonNormalFill2' (0x254ce80) of type: BasicImage
11/10/2017 20:35:05 (Std) 	[ImageManager] Created image: 'FOTDSkin/ButtonPushedFill1' (0x254d090) of type: BasicImage
11/10/2017 20:35:05 (Std) 	[ImageManager] Created image: 'FOTDSkin/ButtonPushedFill2' (0x254d2a0) of type: BasicImage
11/10/2017 20:35:05 (Std) 	[ImageManager] Created image: 'FOTDSkin/CloseButtonNormal' (0x254d4b0) of type: BasicImage
11/10/2017 20:35:05 (Std) 	[ImageManager] Created image: 'FOTDSkin/CloseButtonPushed' (0x254d6c0) of type: BasicImage
11/10/2017 20:35:05 (Std) 	[ImageManager] Created image: 'FOTDSkin/HorzSliderShadowL' (0x254d8d0) of type: BasicImage
11/10/2017 20:35:05 (Std) 	[ImageManager] Created image: 'FOTDSkin/HorzSliderShadowR' (0x254dae0) of type: BasicImage
11/10/2017 20:35:05 (Std) 	[ImageManager] Created image: 'FOTDSkin/HorzThumbNormalBL' (0x254dcf0) of type: BasicImage
11/10/2017 20:35:05 (Std) 	[ImageManager] Created image: 'FOTDSkin/HorzThumbNormalBR' (0x254df00) of type: BasicImage
11/10/2017 20:35:05 (Std) 	[ImageManager] Created image: 'FOTDSkin/HorzThumbNormalTL' (0x254e110) of type: BasicImage
11/10/2017 20:35:05 (Std) 	[ImageManager] Created image: 'FOTDSkin/HorzThumbNormalTR' (0x254e320) of type: BasicImage
11/10/2017 20:35:05 (Std) 	[ImageManager] Created image: 'FOTDSkin/HorzThumbPushedBL' (0x254e530) of type: BasicImage
11/10/2017 20:35:05 (Std) 	[ImageManager] Created image: 'FOTDSkin/HorzThumbPushedBR' (0x254e740) of type: BasicImage
11/10/2017 20:35:05 (Std) 	[ImageManager] Created image: 'FOTDSkin/HorzThumbPushedTL' (0x254e950) of type: BasicImage
11/10/2017 20:35:05 (Std) 	[ImageManager] Created image: 'FOTDSkin/HorzThumbPushedTR' (0x254eb60) of type: BasicImage
11/10/2017 20:35:05 (Std) 	[ImageManager] Created image: 'FOTDSkin/ProgressEmptyFill' (0x254ed70) of type: BasicImage
11/10/2017 20:35:05 (Std) 	[ImageManager] Created image: 'FOTDSkin/RadioButtonNormal' (0x254ef80) of type: BasicImage
11/10/2017 20:35:05 (Std) 	[ImageManager] Created image: 'FOTDSkin/ScrollRightNormal' (0x254f190) of type: BasicImage
11/10/2017 20:35:05 (Std) 	[ImageManager] Created image: 'FOTDSkin/ScrollRightPushed' (0x254f3a0) of type: BasicImage
11/10/2017 20:35:05 (Std) 	[ImageManager] Created image: 'FOTDSkin/TitlebarInactiveB' (0x254f5b0) of type: BasicImage
11/10/2017 20:35:05 (Std) 	[ImageManager] Created image: 'FOTDSkin/TitlebarInactiveL' (0x254f7c0) of type: BasicImage
11/10/2017 20:35:05 (Std) 	[ImageManager] Created image: 'FOTDSkin/TitlebarInactiveR' (0x254f9d0) of type: BasicImage
11/10/2017 20:35:05 (Std) 	[ImageManager] Created image: 'FOTDSkin/TitlebarInactiveT' (0x254fbe0) of type: BasicImage
11/10/2017 20:35:05 (Std) 	[ImageManager] Created image: 'FOTDSkin/VertSliderShadowB' (0x254fdf0) of type: BasicImage
11/10/2017 20:35:05 (Std) 	[ImageManager] Created image: 'FOTDSkin/VertSliderShadowT' (0x2550000) of type: BasicImage
11/10/2017 20:35:05 (Std) 	[ImageManager] Created image: 'FOTDSkin/VertThumbNormalBL' (0x2550210) of type: BasicImage
11/10/2017 20:35:05 (Std) 	[ImageManager] Created image: 'FOTDSkin/VertThumbNormalBR' (0x2550420) of type: BasicImage
11/10/2017 20:35:05 (Std) 	[ImageManager] Created image: 'FOTDSkin/VertThumbNormalTL' (0x2550630) of type: BasicImage
11/10/2017 20:35:05 (Std) 	[ImageManager] Created image: 'FOTDSkin/VertThumbNormalTR' (0x2550840) of type: BasicImage
11/10/2017 20:35:05 (Std) 	[ImageManager] Created image: 'FOTDSkin/VertThumbPushedBL' (0x2550a50) of type: BasicImage
11/10/2017 20:35:05 (Std) 	[ImageManager] Created image: 'FOTDSkin/VertThumbPushedBR' (0x2550c60) of type: BasicImage
11/10/2017 20:35:05 (Std) 	[ImageManager] Created image: 'FOTDSkin/VertThumbPushedTL' (0x2550e70) of type: BasicImage
11/10/2017 20:35:05 (Std) 	[ImageManager] Created image: 'FOTDSkin/VertThumbPushedTR' (0x2551080) of type: BasicImage
11/10/2017 20:35:05 (Std) 	[ImageManager] Created image: 'FOTDSkin/HorzScrollbarFill1' (0x2551290) of type: BasicImage
11/10/2017 20:35:05 (Std) 	[ImageManager] Created image: 'FOTDSkin/HorzScrollbarFill2' (0x25514a0) of type: BasicImage
11/10/2017 20:35:05 (Std) 	[ImageManager] Created image: 'FOTDSkin/RadioButtonChecked' (0x25516b0) of type: BasicImage
11/10/2017 20:35:05 (Std) 	[ImageManager] Created image: 'FOTDSkin/TitlebarInactiveBL' (0x25518c0) of type: BasicImage
11/10/2017 20:35:05 (Std) 	[ImageManager] Created image: 'FOTDSkin/TitlebarInactiveBR' (0x2551ad0) of type: BasicImage
11/10/2017 20:35:05 (Std) 	[ImageManager] Created image: 'FOTDSkin/TitlebarInactiveTL' (0x2551ce0) of type: BasicImage
11/10/2017 20:35:05 (Std) 	[ImageManager] Created image: 'FOTDSkin/TitlebarInactiveTR' (0x2551ef0) of type: BasicImage
11/10/2017 20:35:05 (Std) 	[ImageManager] Created image: 'FOTDSkin/VertScrollbarFill1' (0x2552100) of type: BasicImage
11/10/2017 20:35:05 (Std) 	[ImageManager] Created image: 'FOTDSkin/VertScrollbarFill2' (0x2552310) of type: BasicImage
11/10/2017 20:35:05 (Std) 	[ImageManager] Created image: 'FOTDSkin/HorzSliderTrackFill' (0x2552520) of type: BasicImage
11/10/2017 20:35:05 (Std) 	[ImageManager] Created image: 'FOTDSkin/TitlebarActiveFill1' (0x2552730) of type: BasicImage
11/10/2017 20:35:05 (Std) 	[ImageManager] Created image: 'FOTDSkin/TitlebarActiveFill2' (0x2552940) of type: BasicImage
11/10/2017 20:35:05 (Std) 	[ImageManager] Created image: 'FOTDSkin/VertSliderTrackFill' (0x2552b50) of type: BasicImage
11/10/2017 20:35:05 (Std) 	[ImageManager] Created image: 'FOTDSkin/HorzSliderThumbHover' (0x2552d60) of type: BasicImage
11/10/2017 20:35:05 (Std) 	[ImageManager] Created image: 'FOTDSkin/VertSliderThumbHover' (0x2552f70) of type: BasicImage
11/10/2017 20:35:05 (Std) 	[ImageManager] Created image: 'FOTDSkin/HorzSliderThumbNormal' (0x2553180) of type: BasicImage
11/10/2017 20:35:05 (Std) 	[ImageManager] Created image: 'FOTDSkin/HorzSliderThumbPushed' (0x2553390) of type: BasicImage
11/10/2017 20:35:05 (Std) 	[ImageManager] Created image: 'FOTDSkin/TitlebarInactiveFill1' (0x25535a0) of type: BasicImage
11/10/2017 20:35:05 (Std) 	[ImageManager] Created image: 'FOTDSkin/TitlebarInactiveFill2' (0x25537b0) of type: BasicImage
11/10/2017 20:35:05 (Std) 	[ImageManager] Created image: 'FOTDSkin/VertSliderThumbNormal' (0x25539c0) of type: BasicImage
11/10/2017 20:35:05 (Std) 	[ImageManager] Created image: 'FOTDSkin/VertSliderThumbPushed' (0x2553bd0) of type: BasicImage
11/10/2017 20:35:05 (Std) 	===== Falagard 'root' element: look and feel parsing begins =====
11/10/2017 20:35:05 (Std) 	===== Look and feel parsing completed =====
11/10/2017 20:35:05 (Std) 	No window renderer factories specified for module 'CEGUICoreWindowRendererSet' - adding all available factories...
11/10/2017 20:35:05 (Std) 	Creating falagard mapping for type 'FOTDSkin/Label' using base type 'DefaultWindow', window renderer 'Core/Default' Look'N'Feel 'FOTDSkin/Label' and RenderEffect ''. (0x7ffdc0d52350)
11/10/2017 20:35:05 (Std) 	Creating falagard mapping for type 'FOTDSkin/Button' using base type 'CEGUI/PushButton', window renderer 'Core/Button' Look'N'Feel 'FOTDSkin/Button' and RenderEffect ''. (0x7ffdc0d52350)
11/10/2017 20:35:05 (Std) 	Creating falagard mapping for type 'FOTDSkin/ImageButton' using base type 'CEGUI/PushButton', window renderer 'Core/Button' Look'N'Feel 'FOTDSkin/ImageButton' and RenderEffect ''. (0x7ffdc0d52350)
11/10/2017 20:35:05 (Std) 	Creating falagard mapping for type 'FOTDSkin/RadioButton' using base type 'CEGUI/RadioButton', window renderer 'Core/ToggleButton' Look'N'Feel 'FOTDSkin/RadioButton' and RenderEffect ''. (0x7ffdc0d52350)
11/10/2017 20:35:05 (Std) 	Creating falagard mapping for type 'FOTDSkin/Checkbox' using base type 'CEGUI/ToggleButton', window renderer 'Core/ToggleButton' Look'N'Feel 'FOTDSkin/Checkbox' and RenderEffect ''. (0x7ffdc0d52350)
11/10/2017 20:35:05 (Std) 	Creating falagard mapping for type 'FOTDSkin/Titlebar' using base type 'CEGUI/Titlebar', window renderer 'Core/Titlebar' Look'N'Feel 'FOTDSkin/Titlebar' and RenderEffect ''. (0x7ffdc0d52350)
11/10/2017 20:35:05 (Std) 	Creating falagard mapping for type 'FOTDSkin/FrameWindow' using base type 'CEGUI/FrameWindow', window renderer 'Core/FrameWindow' Look'N'Feel 'FOTDSkin/FrameWindow' and RenderEffect ''. (0x7ffdc0d52350)
11/10/2017 20:35:05 (Std) 	Creating falagard mapping for type 'FOTDSkin/Editbox' using base type 'CEGUI/Editbox', window renderer 'Core/Editbox' Look'N'Feel 'FOTDSkin/Editbox' and RenderEffect ''. (0x7ffdc0d52350)
11/10/2017 20:35:05 (Std) 	Creating falagard mapping for type 'FOTDSkin/VerticalScrollbarThumb' using base type 'CEGUI/Thumb', window renderer 'Core/Button' Look'N'Feel 'FOTDSkin/VerticalScrollbarThumb' and RenderEffect ''. (0x7ffdc0d52350)
11/10/2017 20:35:05 (Std) 	Creating falagard mapping for type 'FOTDSkin/VerticalScrollbar' using base type 'CEGUI/Scrollbar', window renderer 'Core/Scrollbar' Look'N'Feel 'FOTDSkin/VerticalScrollbar' and RenderEffect ''. (0x7ffdc0d52350)
11/10/2017 20:35:05 (Std) 	Creating falagard mapping for type 'FOTDSkin/HorizontalScrollbarThumb' using base type 'CEGUI/Thumb', window renderer 'Core/Button' Look'N'Feel 'FOTDSkin/HorizontalScrollbarThumb' and RenderEffect ''. (0x7ffdc0d52350)
11/10/2017 20:35:05 (Std) 	Creating falagard mapping for type 'FOTDSkin/HorizontalScrollbar' using base type 'CEGUI/Scrollbar', window renderer 'Core/Scrollbar' Look'N'Feel 'FOTDSkin/HorizontalScrollbar' and RenderEffect ''. (0x7ffdc0d52350)
11/10/2017 20:35:05 (Std) 	Creating falagard mapping for type 'FOTDSkin/MultiLineEditbox' using base type 'CEGUI/MultiLineEditbox', window renderer 'Core/MultiLineEditbox' Look'N'Feel 'FOTDSkin/MultiLineEditbox' and RenderEffect ''. (0x7ffdc0d52350)
11/10/2017 20:35:05 (Std) 	Creating falagard mapping for type 'FOTDSkin/ProgressBar' using base type 'CEGUI/ProgressBar', window renderer 'Core/ProgressBar' Look'N'Feel 'FOTDSkin/ProgressBar' and RenderEffect ''. (0x7ffdc0d52350)
11/10/2017 20:35:05 (Std) 	Creating falagard mapping for type 'FOTDSkin/HorizontalSliderThumb' using base type 'CEGUI/Thumb', window renderer 'Core/Button' Look'N'Feel 'FOTDSkin/HorizontalSliderThumb' and RenderEffect ''. (0x7ffdc0d52350)
11/10/2017 20:35:05 (Std) 	Creating falagard mapping for type 'FOTDSkin/HorizontalSlider' using base type 'CEGUI/Slider', window renderer 'Core/Slider' Look'N'Feel 'FOTDSkin/HorizontalSlider' and RenderEffect ''. (0x7ffdc0d52350)
11/10/2017 20:35:05 (Std) 	Creating falagard mapping for type 'FOTDSkin/VerticalSliderThumb' using base type 'CEGUI/Thumb', window renderer 'Core/Button' Look'N'Feel 'FOTDSkin/VerticalSliderThumb' and RenderEffect ''. (0x7ffdc0d52350)
11/10/2017 20:35:05 (Std) 	Creating falagard mapping for type 'FOTDSkin/VerticalSlider' using base type 'CEGUI/Slider', window renderer 'Core/Slider' Look'N'Feel 'FOTDSkin/VerticalSlider' and RenderEffect ''. (0x7ffdc0d52350)
11/10/2017 20:35:05 (Std) 	Creating falagard mapping for type 'FOTDSkin/MenuItem' using base type 'CEGUI/MenuItem', window renderer 'Core/MenuItem' Look'N'Feel 'FOTDSkin/MenuItem' and RenderEffect ''. (0x7ffdc0d52350)
11/10/2017 20:35:07 (Std) 	Started creation of Scheme from XML specification:
11/10/2017 20:35:07 (Std) 	---- CEGUI GUIScheme name: FOTDSkin
11/10/2017 20:35:07 (Std) 	---- Returning existing instance of Scheme named 'FOTDSkin'.
11/10/2017 20:35:07 (Std) 	[OpenGLRenderer] Created texture: QuietHorror-22_auto_glyph_images_0
11/10/2017 20:35:09 (Std) 	Started creation of Scheme from XML specification:
11/10/2017 20:35:09 (Std) 	---- CEGUI GUIScheme name: FOTDSkin
11/10/2017 20:35:09 (Std) 	---- Returning existing instance of Scheme named 'FOTDSkin'.
11/10/2017 20:35:09 (Std) 	---- Returning existing instance of Font named 'QuietHorror-22'.
