07/07/2020 18:14:29 (Std) 	+-+-+-+-+-+-+-+-+-+-+-+-+-+-+-+-+-+-+-+-+-+-+-+-+-+-+-+-+-+-+-+-+-+-+-+-+-+-+-+
07/07/2020 18:14:29 (Std) 	+                     Crazy Eddie's GUI System - Event log                    +
07/07/2020 18:14:29 (Std) 	+                          (http://www.cegui.org.uk/)                         +
07/07/2020 18:14:29 (Std) 	+-+-+-+-+-+-+-+-+-+-+-+-+-+-+-+-+-+-+-+-+-+-+-+-+-+-+-+-+-+-+-+-+-+-+-+-+-+-+-+

07/07/2020 18:14:29 (Std) 	CEGUI::Logger singleton created. (0x562130323df0)
07/07/2020 18:14:29 (Std) 	
07/07/2020 18:14:29 (Std) 	********************************************************************************
07/07/2020 18:14:29 (Std) 	* Important:                                                                   *
07/07/2020 18:14:29 (Std) 	*     To get support at the CEGUI forums, you must post _at least_ the section *
07/07/2020 18:14:29 (Std) 	*     of this log file indicated below.  Failure to do this will result in no  *
07/07/2020 18:14:29 (Std) 	*     support being given; please do not waste our time.                       *
07/07/2020 18:14:29 (Std) 	********************************************************************************
07/07/2020 18:14:29 (Std) 	********************************************************************************
07/07/2020 18:14:29 (Std) 	* -------- START OF ESSENTIAL SECTION TO BE POSTED ON THE FORUM       -------- *
07/07/2020 18:14:29 (Std) 	********************************************************************************
07/07/2020 18:14:29 (Std) 	---- Version: 0.8.7 (Build: Feb 19 2020 Debug GNU/Linux g++ 9.2.1 20200203 64 bit) ----
07/07/2020 18:14:29 (Std) 	---- Renderer module is: CEGUI::OpenGL3Renderer - Official OpenGL 3.2 core based renderer module.  TextureTarget support enabled via FBO OGL 3.2 core implementation. ----
07/07/2020 18:14:29 (Std) 	---- XML Parser module is: CEGUI::ExpatParser - Official expat based parser module for CEGUI ----
07/07/2020 18:14:29 (Std) 	---- Image Codec module is: SILLYImageCodec - Official SILLY based image codec ----
07/07/2020 18:14:29 (Std) 	---- Scripting module is: None ----
07/07/2020 18:14:29 (Std) 	********************************************************************************
07/07/2020 18:14:29 (Std) 	* -------- END OF ESSENTIAL SECTION TO BE POSTED ON THE FORUM         -------- *
07/07/2020 18:14:29 (Std) 	********************************************************************************
07/07/2020 18:14:29 (Std) 	
07/07/2020 18:14:29 (Std) 	---- Begining CEGUI System initialisation ----
07/07/2020 18:14:29 (Std) 	[CEGUI::ImageManager] Singleton created (0x562130acbf10)
07/07/2020 18:14:29 (Std) 	[CEGUI::ImageManager] Registered Image type: BasicImage
07/07/2020 18:14:29 (Std) 	CEGUI::FontManager singleton created. (0x562130acc180)
07/07/2020 18:14:29 (Std) 	CEGUI::WindowFactoryManager singleton created
07/07/2020 18:14:29 (Std) 	CEGUI::WindowManager singleton created (0x562130acba50)
07/07/2020 18:14:29 (Std) 	CEGUI::SchemeManager singleton created. (0x562130acc2b0)
07/07/2020 18:14:29 (Std) 	CEGUI::GlobalEventSet singleton created. (0x562130acb540)
07/07/2020 18:14:29 (Std) 	CEGUI::AnimationManager singleton created (0x562130ab6a50)
07/07/2020 18:14:29 (Std) 	CEGUI::WidgetLookManager singleton created. (0x562130acb840)
07/07/2020 18:14:29 (Std) 	CEGUI::WindowRendererManager singleton created (0x562130aa7200)
07/07/2020 18:14:29 (Std) 	CEGUI::RenderEffectManager singleton created (0x5621302978f0)
07/07/2020 18:14:29 (Std) 	Created WindowFactory for 'DefaultWindow' windows.
07/07/2020 18:14:29 (Std) 	WindowFactory for 'DefaultWindow' windows added. (0x562130ab99a0)
07/07/2020 18:14:29 (Std) 	Created WindowFactory for 'DragContainer' windows.
07/07/2020 18:14:29 (Std) 	WindowFactory for 'DragContainer' windows added. (0x562130ac0870)
07/07/2020 18:14:29 (Std) 	Created WindowFactory for 'ScrolledContainer' windows.
07/07/2020 18:14:29 (Std) 	WindowFactory for 'ScrolledContainer' windows added. (0x562130aba7f0)
07/07/2020 18:14:29 (Std) 	Created WindowFactory for 'ClippedContainer' windows.
07/07/2020 18:14:29 (Std) 	WindowFactory for 'ClippedContainer' windows added. (0x562130aba8b0)
07/07/2020 18:14:29 (Std) 	Created WindowFactory for 'CEGUI/PushButton' windows.
07/07/2020 18:14:29 (Std) 	WindowFactory for 'CEGUI/PushButton' windows added. (0x562130aba970)
07/07/2020 18:14:29 (Std) 	Created WindowFactory for 'CEGUI/RadioButton' windows.
07/07/2020 18:14:29 (Std) 	WindowFactory for 'CEGUI/RadioButton' windows added. (0x562130abe350)
07/07/2020 18:14:29 (Std) 	Created WindowFactory for 'CEGUI/Combobox' windows.
07/07/2020 18:14:29 (Std) 	WindowFactory for 'CEGUI/Combobox' windows added. (0x562130abe4f0)
07/07/2020 18:14:29 (Std) 	Created WindowFactory for 'CEGUI/ComboDropList' windows.
07/07/2020 18:14:29 (Std) 	WindowFactory for 'CEGUI/ComboDropList' windows added. (0x562130abf4b0)
07/07/2020 18:14:29 (Std) 	Created WindowFactory for 'CEGUI/Editbox' windows.
07/07/2020 18:14:29 (Std) 	WindowFactory for 'CEGUI/Editbox' windows added. (0x562130abf660)
07/07/2020 18:14:29 (Std) 	Created WindowFactory for 'CEGUI/FrameWindow' windows.
07/07/2020 18:14:29 (Std) 	WindowFactory for 'CEGUI/FrameWindow' windows added. (0x562130abd7d0)
07/07/2020 18:14:29 (Std) 	Created WindowFactory for 'CEGUI/ItemEntry' windows.
07/07/2020 18:14:29 (Std) 	WindowFactory for 'CEGUI/ItemEntry' windows added. (0x562130abd890)
07/07/2020 18:14:29 (Std) 	Created WindowFactory for 'CEGUI/Listbox' windows.
07/07/2020 18:14:29 (Std) 	WindowFactory for 'CEGUI/Listbox' windows added. (0x562130abd950)
07/07/2020 18:14:29 (Std) 	Created WindowFactory for 'CEGUI/ListHeader' windows.
07/07/2020 18:14:29 (Std) 	WindowFactory for 'CEGUI/ListHeader' windows added. (0x562130ad2fe0)
07/07/2020 18:14:29 (Std) 	Created WindowFactory for 'CEGUI/ListHeaderSegment' windows.
07/07/2020 18:14:29 (Std) 	WindowFactory for 'CEGUI/ListHeaderSegment' windows added. (0x562130ad3180)
07/07/2020 18:14:29 (Std) 	Created WindowFactory for 'CEGUI/Menubar' windows.
07/07/2020 18:14:29 (Std) 	WindowFactory for 'CEGUI/Menubar' windows added. (0x562130ad3240)
07/07/2020 18:14:29 (Std) 	Created WindowFactory for 'CEGUI/PopupMenu' windows.
07/07/2020 18:14:29 (Std) 	WindowFactory for 'CEGUI/PopupMenu' windows added. (0x562130ad34c0)
07/07/2020 18:14:29 (Std) 	Created WindowFactory for 'CEGUI/MenuItem' windows.
07/07/2020 18:14:29 (Std) 	WindowFactory for 'CEGUI/MenuItem' windows added. (0x562130ad3680)
07/07/2020 18:14:29 (Std) 	Created WindowFactory for 'CEGUI/MultiColumnList' windows.
07/07/2020 18:14:29 (Std) 	WindowFactory for 'CEGUI/MultiColumnList' windows added. (0x562130ad3740)
07/07/2020 18:14:29 (Std) 	Created WindowFactory for 'CEGUI/MultiLineEditbox' windows.
07/07/2020 18:14:29 (Std) 	WindowFactory for 'CEGUI/MultiLineEditbox' windows added. (0x562130ad3b80)
07/07/2020 18:14:29 (Std) 	Created WindowFactory for 'CEGUI/ProgressBar' windows.
07/07/2020 18:14:29 (Std) 	WindowFactory for 'CEGUI/ProgressBar' windows added. (0x562130ad3c40)
07/07/2020 18:14:29 (Std) 	Created WindowFactory for 'CEGUI/ScrollablePane' windows.
07/07/2020 18:14:29 (Std) 	WindowFactory for 'CEGUI/ScrollablePane' windows added. (0x562130ad3d00)
07/07/2020 18:14:29 (Std) 	Created WindowFactory for 'CEGUI/Scrollbar' windows.
07/07/2020 18:14:29 (Std) 	WindowFactory for 'CEGUI/Scrollbar' windows added. (0x562130ad3dc0)
07/07/2020 18:14:29 (Std) 	Created WindowFactory for 'CEGUI/Slider' windows.
07/07/2020 18:14:29 (Std) 	WindowFactory for 'CEGUI/Slider' windows added. (0x562130ad4120)
07/07/2020 18:14:29 (Std) 	Created WindowFactory for 'CEGUI/Spinner' windows.
07/07/2020 18:14:29 (Std) 	WindowFactory for 'CEGUI/Spinner' windows added. (0x562130ad41e0)
07/07/2020 18:14:29 (Std) 	Created WindowFactory for 'CEGUI/TabButton' windows.
07/07/2020 18:14:29 (Std) 	WindowFactory for 'CEGUI/TabButton' windows added. (0x562130ad4570)
07/07/2020 18:14:29 (Std) 	Created WindowFactory for 'CEGUI/TabControl' windows.
07/07/2020 18:14:29 (Std) 	WindowFactory for 'CEGUI/TabControl' windows added. (0x562130ad4630)
07/07/2020 18:14:29 (Std) 	Created WindowFactory for 'CEGUI/Thumb' windows.
07/07/2020 18:14:29 (Std) 	WindowFactory for 'CEGUI/Thumb' windows added. (0x562130ad46f0)
07/07/2020 18:14:29 (Std) 	Created WindowFactory for 'CEGUI/Titlebar' windows.
07/07/2020 18:14:29 (Std) 	WindowFactory for 'CEGUI/Titlebar' windows added. (0x562130ad4a50)
07/07/2020 18:14:29 (Std) 	Created WindowFactory for 'CEGUI/ToggleButton' windows.
07/07/2020 18:14:29 (Std) 	WindowFactory for 'CEGUI/ToggleButton' windows added. (0x562130ad4db0)
07/07/2020 18:14:29 (Std) 	Created WindowFactory for 'CEGUI/Tooltip' windows.
07/07/2020 18:14:29 (Std) 	WindowFactory for 'CEGUI/Tooltip' windows added. (0x562130ad4e70)
07/07/2020 18:14:29 (Std) 	Created WindowFactory for 'CEGUI/ItemListbox' windows.
07/07/2020 18:14:29 (Std) 	WindowFactory for 'CEGUI/ItemListbox' windows added. (0x562130ad4f30)
07/07/2020 18:14:29 (Std) 	Created WindowFactory for 'CEGUI/GroupBox' windows.
07/07/2020 18:14:29 (Std) 	WindowFactory for 'CEGUI/GroupBox' windows added. (0x562130ad4ff0)
07/07/2020 18:14:29 (Std) 	Created WindowFactory for 'CEGUI/Tree' windows.
07/07/2020 18:14:29 (Std) 	WindowFactory for 'CEGUI/Tree' windows added. (0x562130ad50b0)
07/07/2020 18:14:29 (Std) 	Created WindowFactory for 'LayoutCell' windows.
07/07/2020 18:14:29 (Std) 	WindowFactory for 'LayoutCell' windows added. (0x562130ad54f0)
07/07/2020 18:14:29 (Std) 	Created WindowFactory for 'HorizontalLayoutContainer' windows.
07/07/2020 18:14:29 (Std) 	WindowFactory for 'HorizontalLayoutContainer' windows added. (0x562130ad55b0)
07/07/2020 18:14:29 (Std) 	Created WindowFactory for 'VerticalLayoutContainer' windows.
07/07/2020 18:14:29 (Std) 	WindowFactory for 'VerticalLayoutContainer' windows added. (0x562130ad5830)
07/07/2020 18:14:29 (Std) 	Created WindowFactory for 'GridLayoutContainer' windows.
07/07/2020 18:14:29 (Std) 	WindowFactory for 'GridLayoutContainer' windows added. (0x562130ad58f0)
07/07/2020 18:14:29 (Std) 	CEGUI::System singleton created. (0x5621304f73a0)
07/07/2020 18:14:29 (Std) 	---- CEGUI System initialisation completed ----
07/07/2020 18:14:29 (Std) 	
07/07/2020 18:14:29 (Error)	CEGUI::FileIOException in function 'virtual void CEGUI::DefaultResourceProvider::loadRawDataContainer(const CEGUI::String&, CEGUI::RawDataContainer&, const CEGUI::String&)' (./cegui/src/DefaultResourceProvider.cpp:66) : GUI/schemes/WindowsLook.scheme does not exist
07/07/2020 18:14:29 (Error)	========== Start of Backtrace ==========
07/07/2020 18:14:29 (Error)	#0 CEGUI::Exception::Exception(CEGUI::String const&, CEGUI::String const&, CEGUI::String const&, int, CEGUI::String const&) +0x5cf (/lib/x86_64-linux-gnu/libCEGUIBase-0.so.2)
07/07/2020 18:14:29 (Error)	#1 CEGUI::FileIOException::FileIOException(CEGUI::String const&, CEGUI::String const&, int, CEGUI::String const&) +0xe7 (/lib/x86_64-linux-gnu/libCEGUIBase-0.so.2)
07/07/2020 18:14:29 (Error)	#2 0x7fed33616bdd (/lib/x86_64-linux-gnu/libCEGUIBase-0.so.2)
07/07/2020 18:14:29 (Error)	#3 CEGUI::XMLParser::parseXMLFile(CEGUI::XMLHandler&, CEGUI::String const&, CEGUI::String const&, CEGUI::String const&) +0x18b (/lib/x86_64-linux-gnu/libCEGUIBase-0.so.2)
07/07/2020 18:14:29 (Error)	#4 CEGUI::NamedXMLResourceManager<CEGUI::Scheme, CEGUI::Scheme_xmlHandler>::createFromFile(CEGUI::String const&, CEGUI::String const&, CEGUI::XMLResourceExistsAction) +0x51 (./Tesst)
07/07/2020 18:14:29 (Error)	#5 0x56212fdd0171 (./Tesst)
07/07/2020 18:14:29 (Error)	#6 0x56212fd9e6b0 (./Tesst)
07/07/2020 18:14:29 (Error)	#7 0x56212fd9cac4 (./Tesst)
07/07/2020 18:14:29 (Error)	#8 0x56212fddbb8f (./Tesst)
07/07/2020 18:14:29 (Error)	#9 main +0x4a (./Tesst)
07/07/2020 18:14:29 (Error)	#10 __libc_start_main +0xf3 (/lib/x86_64-linux-gnu/libc.so.6)
07/07/2020 18:14:29 (Error)	#11 0x56212fd9274e (./Tesst)
07/07/2020 18:14:29 (Error)	==========  End of Backtrace  ==========
